2024-06-29 11:36:13,596 [INFO] Activator:176 - 


2024-06-29 11:36:13,603 [INFO] Activator:177 - !SESSION log4j initialized
2024-06-29 11:36:18,116 [INFO] LogOutputStream:77 - [STDOUT_REDIRECT] 
2024-06-29 11:36:19,935 [INFO] ApplicationProperties:184 - Using Application install path: C:\my_workspace\my_software\stm32cubeide\STM32CubeIDE_1.14.1\STM32CubeIDE\plugins\com.st.stm32cube.common.mx_6.10.0.202311202037
2024-06-29 11:36:19,950 [INFO] DbMcusXml:78 - Set database path to: C:\my_workspace\my_software\stm32cubeide\STM32CubeIDE_1.14.1\STM32CubeIDE\plugins\com.st.stm32cube.common.mx_6.10.0.202311202037\\db\/mcu/
2024-06-29 11:36:19,951 [INFO] ApiDb:274 - Set plugin database path to: C:\my_workspace\my_software\stm32cubeide\STM32CubeIDE_1.14.1\STM32CubeIDE\plugins\com.st.stm32cube.common.mx_6.10.0.202311202037\\db\/plugins/boardmanager/
2024-06-29 11:36:19,951 [WARN] ApiDb:259 - Overriding images path with different value:  => C:\my_workspace\my_software\stm32cubeide\STM32CubeIDE_1.14.1\STM32CubeIDE\plugins\com.st.stm32cube.common.mx_6.10.0.202311202037\\db\/plugins/mcufinder/images/
2024-06-29 11:36:19,968 [INFO] ApiDb:250 - Set database path to: C:\Users\ECA1WX\.stmcufinder\plugins\mcufinder//mcu/
2024-06-29 11:36:19,969 [INFO] DbMcusAds:125 - Set database path to: C:\Users\ECA1WX\.stmcufinder\plugins\mcufinder//mcu/
2024-06-29 11:36:19,971 [INFO] CrossReferenceDbSqlite:203 - Set database path to: C:\Users\ECA1WX\.stmcufinder\plugins\mcufinder//mcu/cs/
2024-06-29 11:36:20,042 [INFO] RulesReader:64 - Compatibility file has been processed (297 Rules)
2024-06-29 11:36:20,120 [INFO] DbMcusXml:78 - Set database path to: C:\my_workspace\my_software\stm32cubeide\STM32CubeIDE_1.14.1\STM32CubeIDE\plugins\com.st.stm32cube.common.mx_6.10.0.202311202037\\db\/mcu/
2024-06-29 11:36:20,120 [INFO] ApiDb:274 - Set plugin database path to: C:\my_workspace\my_software\stm32cubeide\STM32CubeIDE_1.14.1\STM32CubeIDE\plugins\com.st.stm32cube.common.mx_6.10.0.202311202037\\db\/plugins/boardmanager/
2024-06-29 11:36:20,120 [INFO] ApiDb:261 - Set plugin images path to: C:\my_workspace\my_software\stm32cubeide\STM32CubeIDE_1.14.1\STM32CubeIDE\plugins\com.st.stm32cube.common.mx_6.10.0.202311202037\\db\/plugins/mcufinder/images/
2024-06-29 11:36:20,120 [WARN] DbFile:41 - Overriding database path with different value: C:\Users\ECA1WX\.stmcufinder\plugins\mcufinder/ => C:\Users\ECA1WX\.stmcufinder\plugins\mcufinder
2024-06-29 11:36:20,120 [INFO] ApiDb:250 - Set database path to: C:\Users\ECA1WX\.stmcufinder\plugins\mcufinder//mcu/
2024-06-29 11:36:20,120 [WARN] DbFile:41 - Overriding database path with different value: C:\Users\ECA1WX\.stmcufinder\plugins\mcufinder/ => C:\Users\ECA1WX\.stmcufinder\plugins\mcufinder
2024-06-29 11:36:20,120 [INFO] DbMcusAds:125 - Set database path to: C:\Users\ECA1WX\.stmcufinder\plugins\mcufinder//mcu/
2024-06-29 11:36:20,120 [WARN] DbFile:41 - Overriding database path with different value: C:\Users\ECA1WX\.stmcufinder\plugins\mcufinder/ => C:\Users\ECA1WX\.stmcufinder\plugins\mcufinder
2024-06-29 11:36:20,120 [WARN] DbFile:41 - Overriding database path with different value: C:\Users\ECA1WX\.stmcufinder\plugins\mcufinder/ => C:\Users\ECA1WX\.stmcufinder\plugins\mcufinder
2024-06-29 11:36:20,121 [INFO] CrossReferenceDbSqlite:203 - Set database path to: C:\Users\ECA1WX\.stmcufinder\plugins\mcufinder//mcu/cs/
2024-06-29 11:36:20,183 [INFO] MainPanel:264 - HeapMemory: 268435456
2024-06-29 11:36:20,246 [INFO] DbMcusXml:78 - Set database path to: C:\my_workspace\my_software\stm32cubeide\STM32CubeIDE_1.14.1\STM32CubeIDE\plugins\com.st.stm32cube.common.mx_6.10.0.202311202037\\db\/mcu/
2024-06-29 11:36:20,246 [INFO] ApiDb:274 - Set plugin database path to: C:\my_workspace\my_software\stm32cubeide\STM32CubeIDE_1.14.1\STM32CubeIDE\plugins\com.st.stm32cube.common.mx_6.10.0.202311202037\\db\/plugins/boardmanager/
2024-06-29 11:36:20,246 [INFO] ApiDb:261 - Set plugin images path to: C:\my_workspace\my_software\stm32cubeide\STM32CubeIDE_1.14.1\STM32CubeIDE\plugins\com.st.stm32cube.common.mx_6.10.0.202311202037\\db\/plugins/mcufinder/images/
2024-06-29 11:36:20,247 [WARN] DbFile:41 - Overriding database path with different value: C:\Users\ECA1WX\.stmcufinder\plugins\mcufinder/ => C:\Users\ECA1WX\.stmcufinder\plugins\mcufinder
2024-06-29 11:36:20,247 [INFO] ApiDb:250 - Set database path to: C:\Users\ECA1WX\.stmcufinder\plugins\mcufinder//mcu/
2024-06-29 11:36:20,247 [WARN] DbFile:41 - Overriding database path with different value: C:\Users\ECA1WX\.stmcufinder\plugins\mcufinder/ => C:\Users\ECA1WX\.stmcufinder\plugins\mcufinder
2024-06-29 11:36:20,247 [INFO] DbMcusAds:125 - Set database path to: C:\Users\ECA1WX\.stmcufinder\plugins\mcufinder//mcu/
2024-06-29 11:36:20,247 [WARN] DbFile:41 - Overriding database path with different value: C:\Users\ECA1WX\.stmcufinder\plugins\mcufinder/ => C:\Users\ECA1WX\.stmcufinder\plugins\mcufinder
2024-06-29 11:36:20,247 [WARN] DbFile:41 - Overriding database path with different value: C:\Users\ECA1WX\.stmcufinder\plugins\mcufinder/ => C:\Users\ECA1WX\.stmcufinder\plugins\mcufinder
2024-06-29 11:36:20,247 [INFO] CrossReferenceDbSqlite:203 - Set database path to: C:\Users\ECA1WX\.stmcufinder\plugins\mcufinder//mcu/cs/
2024-06-29 11:36:20,261 [INFO] ApplicationProperties:184 - Using Application install path: C:\my_workspace\my_software\stm32cubeide\STM32CubeIDE_1.14.1\STM32CubeIDE\plugins\com.st.stm32cube.common.mx_6.10.0.202311202037
2024-06-29 11:36:20,262 [INFO] PluginManage:196 - Search for loadable plugins [exclusion list=, ]
2024-06-29 11:36:20,264 [INFO] PluginManage:310 - Check plugin analytics
2024-06-29 11:36:20,399 [INFO] AnalyticsPlugin:253 - Accepted Software Licenses: 
2024-06-29 11:36:20,399 [INFO] AnalyticsPlugin:255 - Accepted CMSIS Pack Licenses: 
2024-06-29 11:36:20,399 [INFO] AnalyticsPlugin:257 - Accepted Firmware Licenses: FW.F7.1.17.0
2024-06-29 11:36:20,402 [INFO] PluginManage:359 - Loaded plugin analytics (category:tool,tabindex:-1)
2024-06-29 11:36:20,403 [INFO] PluginManage:310 - Check plugin cadmodel
2024-06-29 11:36:20,436 [INFO] CADModel:105 - Init CAD model plugin
2024-06-29 11:36:20,436 [INFO] PluginManage:359 - Loaded plugin cadmodel (category:power,tabindex:5)
2024-06-29 11:36:20,436 [INFO] PluginManage:310 - Check plugin clock
2024-06-29 11:36:20,456 [INFO] PluginManage:359 - Loaded plugin clock (category:base,tabindex:2)
2024-06-29 11:36:20,456 [INFO] PluginManage:310 - Check plugin ddr
2024-06-29 11:36:20,459 [INFO] PluginManage:359 - Loaded plugin ddr (category:tool,tabindex:6)
2024-06-29 11:36:20,459 [INFO] PluginManage:310 - Check plugin filemanager
2024-06-29 11:36:20,575 [INFO] PluginManage:359 - Loaded plugin filemanager (category:base,tabindex:10)
2024-06-29 11:36:20,576 [INFO] PluginManage:310 - Check plugin ipmanager
2024-06-29 11:36:20,583 [INFO] PluginManage:359 - Loaded plugin ipmanager (category:base,tabindex:5)
2024-06-29 11:36:20,583 [INFO] PluginManage:310 - Check plugin lpbam
2024-06-29 11:36:20,596 [INFO] PluginManage:359 - Loaded plugin lpbam (category:base,tabindex:0)
2024-06-29 11:36:20,596 [INFO] PluginManage:310 - Check plugin memorymap
2024-06-29 11:36:20,614 [INFO] PluginManage:359 - Loaded plugin memorymap (category:base,tabindex:4)
2024-06-29 11:36:20,614 [INFO] PluginManage:310 - Check plugin pinoutandconfiguration
2024-06-29 11:36:20,631 [INFO] PluginManage:359 - Loaded plugin pinoutandconfiguration (category:base,tabindex:1)
2024-06-29 11:36:20,631 [INFO] PluginManage:310 - Check plugin pinoutconfig
2024-06-29 11:36:20,712 [WARN] SupportedApi:132 - Cannot load RTOS API schema: s4s-elt-must-match.1: The content of 'definitions' must match (annotation?, (simpleType | complexType)?, (unique | key | keyref)*)). A problem was found starting at: attribute.
2024-06-29 11:36:20,816 [INFO] PluginManage:359 - Loaded plugin pinoutconfig (category:base,tabindex:0)
2024-06-29 11:36:20,816 [INFO] PluginManage:310 - Check plugin power
2024-06-29 11:36:20,956 [INFO] PluginManage:359 - Loaded plugin power (category:power,tabindex:4)
2024-06-29 11:36:20,956 [INFO] PluginManage:310 - Check plugin projectmanager
2024-06-29 11:36:20,968 [INFO] PluginManage:359 - Loaded plugin projectmanager (category:projectmanager,tabindex:3)
2024-06-29 11:36:20,968 [INFO] PluginManage:310 - Check plugin thirdparty
2024-06-29 11:36:21,081 [INFO] PluginManage:359 - Loaded plugin thirdparty (category:base,tabindex:-1)
2024-06-29 11:36:21,081 [INFO] PluginManage:310 - Check plugin tools
2024-06-29 11:36:21,081 [WARN] IntegrityCheckThread:84 - waiting for thirdparty lock release [integrity check]
2024-06-29 11:36:21,082 [INFO] IntegrityCheckThread:86 - entering critical section [integrity check]
2024-06-29 11:36:21,082 [INFO] ThirdPartyUpdaterWithRetryManager:70 - Updater plugin not ready yet. [1/15]
2024-06-29 11:36:21,090 [INFO] PluginManage:359 - Loaded plugin tools (category:base,tabindex:7)
2024-06-29 11:36:21,090 [INFO] PluginManage:310 - Check plugin tutovideos
2024-06-29 11:36:21,210 [INFO] PluginManage:359 - Loaded plugin tutovideos (category:base,tabindex:-1)
2024-06-29 11:36:21,210 [INFO] PluginManage:310 - Check plugin updater
2024-06-29 11:36:21,217 [INFO] PluginManage:359 - Loaded plugin updater (category:base,tabindex:12)
2024-06-29 11:36:21,217 [INFO] PluginManage:310 - Check plugin userauth
2024-06-29 11:36:21,220 [INFO] UserAuth:114 - Init User Auth plugin
2024-06-29 11:36:21,220 [INFO] PluginManage:359 - Loaded plugin userauth (category:base,tabindex:14)
2024-06-29 11:36:21,221 [INFO] PluginManage:283 - PluginManage : Loaded plugins [17]
2024-06-29 11:36:21,375 [INFO] PinOutPanel:1499 - setPackage(No Configuration,No Configuration)
2024-06-29 11:36:21,432 [INFO] CADModel:165 - CPN selected for project level
2024-06-29 11:36:21,432 [INFO] CADModel:114 - Register for checkConnection events
2024-06-29 11:36:21,451 [INFO] IPUIPlugin:80 - create IPUIPlugin
2024-06-29 11:36:21,451 [INFO] PluginManager:220 - loadIPPluginJar : add adc
2024-06-29 11:36:21,458 [INFO] IPUIPlugin:80 - create IPUIPlugin
2024-06-29 11:36:21,458 [INFO] PluginManager:220 - loadIPPluginJar : add aes
2024-06-29 11:36:21,465 [INFO] IPUIPlugin:80 - create IPUIPlugin
2024-06-29 11:36:21,465 [INFO] PluginManager:220 - loadIPPluginJar : add can
2024-06-29 11:36:21,472 [INFO] IPUIPlugin:80 - create IPUIPlugin
2024-06-29 11:36:21,472 [INFO] PluginManager:220 - loadIPPluginJar : add comp
2024-06-29 11:36:21,479 [INFO] IPUIPlugin:80 - create IPUIPlugin
2024-06-29 11:36:21,479 [INFO] PluginManager:220 - loadIPPluginJar : add cryp
2024-06-29 11:36:21,485 [INFO] IPUIPlugin:80 - create IPUIPlugin
2024-06-29 11:36:21,485 [INFO] PluginManager:220 - loadIPPluginJar : add dfsdm
2024-06-29 11:36:21,496 [INFO] IPUIPlugin:80 - create IPUIPlugin
2024-06-29 11:36:21,497 [INFO] PluginManager:220 - loadIPPluginJar : add dma
2024-06-29 11:36:21,503 [INFO] IPUIPlugin:80 - create IPUIPlugin
2024-06-29 11:36:21,503 [INFO] PluginManager:220 - loadIPPluginJar : add dma3
2024-06-29 11:36:21,510 [INFO] IPUIPlugin:80 - create IPUIPlugin
2024-06-29 11:36:21,510 [INFO] PluginManager:220 - loadIPPluginJar : add fatfs
2024-06-29 11:36:21,517 [INFO] IPUIPlugin:80 - create IPUIPlugin
2024-06-29 11:36:21,517 [INFO] PluginManager:220 - loadIPPluginJar : add fmc
2024-06-29 11:36:21,528 [INFO] IPUIPlugin:80 - create IPUIPlugin
2024-06-29 11:36:21,529 [INFO] PluginManager:220 - loadIPPluginJar : add freertos
2024-06-29 11:36:21,535 [INFO] IPUIPlugin:80 - create IPUIPlugin
2024-06-29 11:36:21,535 [INFO] PluginManager:220 - loadIPPluginJar : add genericplugin
2024-06-29 11:36:21,543 [INFO] IPUIPlugin:80 - create IPUIPlugin
2024-06-29 11:36:21,543 [INFO] PluginManager:220 - loadIPPluginJar : add gfxmmu
2024-06-29 11:36:21,552 [INFO] IPUIPlugin:80 - create IPUIPlugin
2024-06-29 11:36:21,552 [INFO] PluginManager:220 - loadIPPluginJar : add gic
2024-06-29 11:36:21,559 [INFO] IPUIPlugin:80 - create IPUIPlugin
2024-06-29 11:36:21,559 [INFO] PluginManager:220 - loadIPPluginJar : add gpio
2024-06-29 11:36:21,566 [INFO] IPUIPlugin:80 - create IPUIPlugin
2024-06-29 11:36:21,566 [INFO] PluginManager:220 - loadIPPluginJar : add gtzc
2024-06-29 11:36:21,573 [INFO] IPUIPlugin:80 - create IPUIPlugin
2024-06-29 11:36:21,573 [INFO] PluginManager:220 - loadIPPluginJar : add hash
2024-06-29 11:36:21,580 [INFO] IPUIPlugin:80 - create IPUIPlugin
2024-06-29 11:36:21,580 [INFO] PluginManager:220 - loadIPPluginJar : add i2c
2024-06-29 11:36:21,587 [INFO] IPUIPlugin:80 - create IPUIPlugin
2024-06-29 11:36:21,587 [INFO] PluginManager:220 - loadIPPluginJar : add i2s
2024-06-29 11:36:21,594 [INFO] IPUIPlugin:80 - create IPUIPlugin
2024-06-29 11:36:21,594 [INFO] PluginManager:220 - loadIPPluginJar : add i3c
2024-06-29 11:36:21,601 [INFO] IPUIPlugin:80 - create IPUIPlugin
2024-06-29 11:36:21,601 [INFO] PluginManager:220 - loadIPPluginJar : add ipddr
2024-06-29 11:36:21,610 [INFO] IPUIPlugin:80 - create IPUIPlugin
2024-06-29 11:36:21,611 [INFO] PluginManager:220 - loadIPPluginJar : add linkedlist
2024-06-29 11:36:21,617 [INFO] IPUIPlugin:80 - create IPUIPlugin
2024-06-29 11:36:21,618 [INFO] PluginManager:220 - loadIPPluginJar : add lorawan
2024-06-29 11:36:21,623 [INFO] IPUIPlugin:80 - create IPUIPlugin
2024-06-29 11:36:21,623 [INFO] PluginManager:220 - loadIPPluginJar : add ltdc
2024-06-29 11:36:21,633 [INFO] IPUIPlugin:80 - create IPUIPlugin
2024-06-29 11:36:21,633 [INFO] PluginManager:220 - loadIPPluginJar : add mdma
2024-06-29 11:36:21,641 [INFO] IPUIPlugin:80 - create IPUIPlugin
2024-06-29 11:36:21,641 [INFO] PluginManager:220 - loadIPPluginJar : add nvic
2024-06-29 11:36:21,647 [INFO] IPUIPlugin:80 - create IPUIPlugin
2024-06-29 11:36:21,647 [INFO] PluginManager:220 - loadIPPluginJar : add opamp
2024-06-29 11:36:21,654 [INFO] IPUIPlugin:80 - create IPUIPlugin
2024-06-29 11:36:21,654 [INFO] PluginManager:220 - loadIPPluginJar : add openamp
2024-06-29 11:36:21,661 [INFO] IPUIPlugin:80 - create IPUIPlugin
2024-06-29 11:36:21,661 [INFO] PluginManager:220 - loadIPPluginJar : add pdm2pcm
2024-06-29 11:36:21,671 [INFO] IPUIPlugin:80 - create IPUIPlugin
2024-06-29 11:36:21,673 [INFO] PluginManager:220 - loadIPPluginJar : add plateformsettings
2024-06-29 11:36:21,679 [INFO] IPUIPlugin:80 - create IPUIPlugin
2024-06-29 11:36:21,679 [INFO] PluginManager:220 - loadIPPluginJar : add quadspi
2024-06-29 11:36:21,691 [INFO] IPUIPlugin:80 - create IPUIPlugin
2024-06-29 11:36:21,691 [INFO] PluginManager:220 - loadIPPluginJar : add resmgrutility
2024-06-29 11:36:21,699 [INFO] IPUIPlugin:80 - create IPUIPlugin
2024-06-29 11:36:21,699 [INFO] PluginManager:220 - loadIPPluginJar : add sai
2024-06-29 11:36:21,707 [INFO] IPUIPlugin:80 - create IPUIPlugin
2024-06-29 11:36:21,707 [INFO] PluginManager:220 - loadIPPluginJar : add spi
2024-06-29 11:36:21,715 [INFO] IPUIPlugin:80 - create IPUIPlugin
2024-06-29 11:36:21,715 [INFO] PluginManager:220 - loadIPPluginJar : add stm32_wpan
2024-06-29 11:36:21,722 [INFO] IPUIPlugin:80 - create IPUIPlugin
2024-06-29 11:36:21,722 [INFO] PluginManager:220 - loadIPPluginJar : add tim
2024-06-29 11:36:21,730 [INFO] IPUIPlugin:80 - create IPUIPlugin
2024-06-29 11:36:21,730 [INFO] PluginManager:220 - loadIPPluginJar : add touchsensing
2024-06-29 11:36:21,738 [INFO] IPUIPlugin:80 - create IPUIPlugin
2024-06-29 11:36:21,738 [INFO] PluginManager:220 - loadIPPluginJar : add tracer_emb
2024-06-29 11:36:21,745 [INFO] IPUIPlugin:80 - create IPUIPlugin
2024-06-29 11:36:21,745 [INFO] PluginManager:220 - loadIPPluginJar : add ts
2024-06-29 11:36:21,751 [INFO] IPUIPlugin:80 - create IPUIPlugin
2024-06-29 11:36:21,751 [INFO] PluginManager:220 - loadIPPluginJar : add tsc
2024-06-29 11:36:21,757 [INFO] IPUIPlugin:80 - create IPUIPlugin
2024-06-29 11:36:21,757 [INFO] PluginManager:220 - loadIPPluginJar : add ucpd
2024-06-29 11:36:21,765 [INFO] IPUIPlugin:80 - create IPUIPlugin
2024-06-29 11:36:21,765 [INFO] PluginManager:220 - loadIPPluginJar : add usart
2024-06-29 11:36:21,772 [INFO] IPUIPlugin:80 - create IPUIPlugin
2024-06-29 11:36:21,772 [INFO] PluginManager:220 - loadIPPluginJar : add usbx
2024-06-29 11:36:21,885 [INFO] CADModel:165 - CPN selected for project level
2024-06-29 11:36:21,885 [INFO] CADModel:114 - Register for checkConnection events
2024-06-29 11:36:21,885 [FATAL] Updater:308 - Updater called before beeing initialized
2024-06-29 11:36:21,885 [ERROR] CADModel:125 - Updater not yet initialized, retry later 
2024-06-29 11:36:21,989 [INFO] CADModel:165 - CPN selected for project level
2024-06-29 11:36:21,989 [INFO] CADModel:114 - Register for checkConnection events
2024-06-29 11:36:21,989 [FATAL] Updater:308 - Updater called before beeing initialized
2024-06-29 11:36:21,989 [ERROR] CADModel:125 - Updater not yet initialized, retry later 
2024-06-29 11:36:21,992 [FATAL] Updater:308 - Updater called before beeing initialized
2024-06-29 11:36:22,098 [FATAL] Updater:308 - Updater called before beeing initialized
2024-06-29 11:36:22,101 [INFO] DbMcusAds:53 - JSON generation date=Thu Sep 30 14:55:09 CST 2021 (1632984909247)
2024-06-29 11:36:22,101 [FATAL] Updater:308 - Updater called before beeing initialized
2024-06-29 11:36:22,152 [WARN] DetailPanel:346 - Failed to get advertising image, set to default
2024-06-29 11:36:22,223 [FATAL] Updater:308 - Updater called before beeing initialized
2024-06-29 11:36:22,225 [FATAL] Updater:308 - Updater called before beeing initialized
2024-06-29 11:36:22,225 [FATAL] Updater:308 - Updater called before beeing initialized
2024-06-29 11:36:22,225 [WARN] DetailPanel:346 - Failed to get advertising image, set to default
2024-06-29 11:36:22,226 [FATAL] Updater:308 - Updater called before beeing initialized
2024-06-29 11:36:22,264 [ERROR] Updater:1120 - MainUpdater not yet initialized. External WinMGr cannot be set.
2024-06-29 11:36:22,269 [INFO] Updater:1056 - Updater Version found : 6.10.0
2024-06-29 11:36:22,282 [INFO] ApplicationProperties:184 - Using Application install path: C:\my_workspace\my_software\stm32cubeide\STM32CubeIDE_1.14.1\STM32CubeIDE\plugins\com.st.stm32cube.common.mx_6.10.0.202311202037
2024-06-29 11:36:23,853 [ERROR] LogOutputStream:75 - [STDERR_REDIRECT] Jun 29, 2024 11:36:23 AM java.util.prefs.WindowsPreferences <init>
2024-06-29 11:36:23,854 [ERROR] LogOutputStream:75 - [STDERR_REDIRECT] WARNING: Could not open/create prefs root node Software\JavaSoft\Prefs at root 0xffffffff80000002. Windows RegCreateKeyEx(...) returned error code 5.
2024-06-29 11:36:23,856 [ERROR] LogOutputStream:75 - [STDERR_REDIRECT] 
2024-06-29 11:36:24,083 [INFO] ThirdPartyUpdaterWithRetryManager:70 - Updater plugin not ready yet. [2/15]
2024-06-29 11:36:24,089 [INFO] MainUpdater:2873 - connection check result : 10
2024-06-29 11:36:24,090 [INFO] MainUpdater:290 - Updater Check For Update Now.
2024-06-29 11:36:24,090 [INFO] MicroXplorer:498 - Change Database Version : DB.6.0.100
2024-06-29 11:36:24,095 [INFO] McuFinderGlobals:63 - Set McuFinder mode to 2 (CubeIDE integrated)
2024-06-29 11:36:24,096 [INFO] UserAuth:180 - activating auth plugin
2024-06-29 11:36:24,098 [INFO] UserAuth:404 - Internet connection configuration mode: 1
2024-06-29 11:36:24,117 [INFO] JxBrowserEngine:152 - Initiate JxBrowser Engine with user profile folder
2024-06-29 11:36:24,244 [INFO] CheckServerUpdateThread:120 - End of CheckServer Thread
2024-06-29 11:36:25,406 [INFO] WebApp:161 - Instantiating new browser for Auth
2024-06-29 11:36:26,017 [INFO] WebApp:780 - Register for checkConnection events
2024-06-29 11:36:26,017 [INFO] WebApp:414 - Apply proxy settings
2024-06-29 11:36:26,017 [INFO] WebApp:499 - Chromium requires no authentication
2024-06-29 11:36:26,024 [INFO] WebApp:442 - Direct internet connection detected
2024-06-29 11:36:26,143 [INFO] WebApp:192 - Starting web application
2024-06-29 11:36:26,143 [INFO] WebApp:544 - Web application path used C:\my_workspace\my_software\stm32cubeide\STM32CubeIDE_1.14.1\STM32CubeIDE\plugins\com.st.stm32cube.common.mx_6.10.0.202311202037\db\plugins\mcufinder\reactClient1\index.html
2024-06-29 11:36:27,377 [WARN] PackLoader:240 - Cannot read IP mode file for STMicroelectronics.FP-SNS-MOTENVWB1.1.4.0
2024-06-29 11:36:27,389 [WARN] PackLoader:240 - Cannot read IP mode file for STMicroelectronics.X-CUBE-SMBUS.2.1.0
2024-06-29 11:36:27,397 [WARN] PackLoader:240 - Cannot read IP mode file for STMicroelectronics.X-CUBE-TOUCHGFX.4.23.1
2024-06-29 11:36:27,399 [WARN] PackLoader:240 - Cannot read IP mode file for STMicroelectronics.X-CUBE-TOUCHGFX.4.23.0
2024-06-29 11:36:27,402 [WARN] PackLoader:240 - Cannot read IP mode file for STMicroelectronics.X-CUBE-TOUCHGFX.4.23.2
2024-06-29 11:36:27,420 [WARN] PackLoader:240 - Cannot read IP mode file for STMicroelectronics.X-CUBE-AZRTOS-F7.1.1.0
2024-06-29 11:36:27,431 [WARN] PackLoader:240 - Cannot read IP mode file for STMicroelectronics.FP-SNS-MOTENV1.4.3.2
2024-06-29 11:36:27,438 [WARN] PackLoader:240 - Cannot read IP mode file for STMicroelectronics.FP-SNS-FLIGHT1.5.0.2
2024-06-29 11:36:27,445 [WARN] PackLoader:240 - Cannot read IP mode file for STMicroelectronics.X-CUBE-DISPLAY.3.0.0
2024-06-29 11:36:27,456 [WARN] PackLoader:240 - Cannot read IP mode file for STMicroelectronics.X-CUBE-BLE1.7.0.0
2024-06-29 11:36:27,463 [WARN] PackLoader:240 - Cannot read IP mode file for emotas.I-CUBE-CANOPEN.1.3.0
2024-06-29 11:36:27,468 [WARN] PackLoader:240 - Cannot read IP mode file for STMicroelectronics.FP-SNS-SMARTAG2.1.2.0
2024-06-29 11:36:27,477 [INFO] LogOutputStream:77 - [STDOUT_REDIRECT] 1 : Invalid condition id : UX_CORESTACK_Condition cause : null
2024-06-29 11:36:27,478 [INFO] LogOutputStream:77 - [STDOUT_REDIRECT] 1 : Invalid condition id : UX_CORESTACK_Condition cause : null
2024-06-29 11:36:27,478 [INFO] LogOutputStream:77 - [STDOUT_REDIRECT] 1 : Invalid condition id : UX_CORESTACK_Condition cause : null
2024-06-29 11:36:27,479 [INFO] LogOutputStream:77 - [STDOUT_REDIRECT] 1 : Invalid condition id : UX_CORESTACK_Condition cause : null
2024-06-29 11:36:27,479 [INFO] LogOutputStream:77 - [STDOUT_REDIRECT] 1 : Invalid condition id : UX_CORESTACK_Condition cause : null
2024-06-29 11:36:27,481 [WARN] PackLoader:240 - Cannot read IP mode file for STMicroelectronics.X-CUBE-AZRTOS-WL.2.0.0
2024-06-29 11:36:27,486 [WARN] PackLoader:240 - Cannot read IP mode file for STMicroelectronics.FP-SNS-MOTENV1.5.0.0
2024-06-29 11:36:27,492 [WARN] PackLoader:240 - Cannot read IP mode file for wolfSSL.I-CUBE-wolfMQTT.1.19.0
2024-06-29 11:36:27,496 [WARN] PackLoader:240 - Cannot read IP mode file for STMicroelectronics.X-CUBE-BLE2.3.3.0
2024-06-29 11:36:27,502 [WARN] PackLoader:240 - Cannot read IP mode file for STMicroelectronics.X-CUBE-TCPP.4.1.0
2024-06-29 11:36:27,509 [WARN] PackLoader:240 - Cannot read IP mode file for STMicroelectronics.X-CUBE-ALGOBUILD.1.3.0
2024-06-29 11:36:27,525 [WARN] PackLoader:240 - Cannot read IP mode file for STMicroelectronics.X-CUBE-AZRTOS-G0.1.1.0
2024-06-29 11:36:27,536 [WARN] PackLoader:240 - Cannot read IP mode file for STMicroelectronics.X-CUBE-SAFEA1.1.2.2
2024-06-29 11:36:27,544 [WARN] PackLoader:240 - Cannot read IP mode file for STMicroelectronics.X-CUBE-NFC4.3.0.0
2024-06-29 11:36:27,552 [WARN] PackLoader:240 - Cannot read IP mode file for STMicroelectronics.FP-ATR-SIGFOX1.3.2.0
2024-06-29 11:36:27,588 [WARN] PackLoader:240 - Cannot read IP mode file for SEGGER.I-CUBE-embOS.1.3.1
2024-06-29 11:36:27,615 [WARN] PackLoader:240 - Cannot read IP mode file for STMicroelectronics.X-CUBE-ALGOBUILD.1.4.0
2024-06-29 11:36:27,621 [WARN] PackLoader:240 - Cannot read IP mode file for STMicroelectronics.X-CUBE-GNSS1.6.0.0
2024-06-29 11:36:27,634 [WARN] PackLoader:240 - Cannot read IP mode file for STMicroelectronics.X-CUBE-AZRTOS-F4.1.1.0
2024-06-29 11:36:27,641 [WARN] PackLoader:240 - Cannot read IP mode file for STMicroelectronics.X-CUBE-FREERTOS.1.2.0
2024-06-29 11:36:27,654 [WARN] PackLoader:240 - Cannot read IP mode file for STMicroelectronics.X-CUBE-AZRTOS-L5.2.0.0
2024-06-29 11:36:27,662 [WARN] PackLoader:240 - Cannot read IP mode file for STMicroelectronics.X-CUBE-NFC6.3.1.0
2024-06-29 11:36:27,673 [WARN] PackLoader:240 - Cannot read IP mode file for ITTIA_DB.I-CUBE-ITTIADB.8.8.0
2024-06-29 11:36:27,678 [WARN] PackLoader:240 - Cannot read IP mode file for STMicroelectronics.X-CUBE-AI.9.0.0
2024-06-29 11:36:27,684 [WARN] PackLoader:240 - Cannot read IP mode file for STMicroelectronics.X-CUBE-NFC7.1.0.1
2024-06-29 11:36:27,689 [WARN] PackLoader:240 - Cannot read IP mode file for STMicroelectronics.X-CUBE-NFC6.3.0.0
2024-06-29 11:36:27,694 [WARN] PackLoader:240 - Cannot read IP mode file for STMicroelectronics.X-CUBE-AI.8.1.0
2024-06-29 11:36:27,709 [WARN] ConditionMgr:438 - getConditionDescription Invalid condition id : LAN8742 Phy interface Condition cause : null
2024-06-29 11:36:27,710 [WARN] PackLoader:240 - Cannot read IP mode file for STMicroelectronics.X-CUBE-AZRTOS-L4.2.0.0
2024-06-29 11:36:27,712 [WARN] ConditionMgr:1039 - genDependencies : Invalid condition id : LAN8742 Phy interface Condition cause : null
2024-06-29 11:36:27,712 [WARN] ConditionMgr:1039 - genDependencies : Invalid condition id : LAN8742 Phy interface Condition cause : null
2024-06-29 11:36:27,713 [WARN] ConditionMgr:1039 - genDependencies : Invalid condition id : LAN8742 Phy interface Condition cause : null
2024-06-29 11:36:27,721 [WARN] PackLoader:240 - Cannot read IP mode file for STMicroelectronics.X-CUBE-SFXS2LP1.4.0.0
2024-06-29 11:36:27,733 [WARN] ConditionMgr:438 - getConditionDescription Invalid condition id : UX DEVICE CLASS RTOS Condition cause : null
2024-06-29 11:36:27,733 [WARN] ConditionMgr:438 - getConditionDescription Invalid condition id : UX DEVICE CLASS RTOS Condition cause : null
2024-06-29 11:36:27,735 [WARN] PackLoader:240 - Cannot read IP mode file for STMicroelectronics.X-CUBE-AZRTOS-WB.2.0.0
2024-06-29 11:36:27,735 [WARN] ConditionMgr:1039 - genDependencies : Invalid condition id : UX DEVICE CLASS RTOS Condition cause : null
2024-06-29 11:36:27,735 [WARN] ConditionMgr:1039 - genDependencies : Invalid condition id : UX DEVICE CLASS RTOS Condition cause : null
2024-06-29 11:36:27,736 [WARN] ConditionMgr:1039 - genDependencies : Invalid condition id : UX DEVICE CLASS RTOS Condition cause : null
2024-06-29 11:36:27,736 [WARN] ConditionMgr:1039 - genDependencies : Invalid condition id : UX DEVICE CLASS RTOS Condition cause : null
2024-06-29 11:36:27,736 [WARN] ConditionMgr:1039 - genDependencies : Invalid condition id : UX DEVICE CLASS RTOS Condition cause : null
2024-06-29 11:36:27,745 [WARN] PackLoader:240 - Cannot read IP mode file for STMicroelectronics.X-CUBE-SUBG2.5.0.0
2024-06-29 11:36:27,754 [WARN] PackLoader:240 - Cannot read IP mode file for Cesanta.I-CUBE-Mongoose.7.13.0
2024-06-29 11:36:27,766 [WARN] PackLoader:240 - Cannot read IP mode file for STMicroelectronics.X-CUBE-AZRTOS-G4.2.0.0
2024-06-29 11:36:27,776 [WARN] PackLoader:240 - Cannot read IP mode file for Infineon.AIROC-Wi-Fi-Bluetooth-STM32.1.5.1
2024-06-29 11:36:27,784 [WARN] PackLoader:240 - Cannot read IP mode file for STMicroelectronics.FP-SNS-MOTENVWB1.1.3.1
2024-06-29 11:36:27,790 [WARN] PackLoader:240 - Cannot read IP mode file for STMicroelectronics.X-CUBE-ALS.1.0.2
2024-06-29 11:36:27,813 [WARN] PackLoader:240 - Cannot read IP mode file for STMicroelectronics.X-CUBE-MEMS1.10.0.0
2024-06-29 11:36:27,893 [WARN] PackLoader:240 - Cannot read IP mode file for STMicroelectronics.X-CUBE-FREERTOS.1.1.0
2024-06-29 11:36:27,897 [WARN] PackLoader:240 - Cannot read IP mode file for STMicroelectronics.X-CUBE-TOUCHGFX.4.24.0
2024-06-29 11:36:27,904 [WARN] PackLoader:240 - Cannot read IP mode file for portGmbH.I-Cube-SoM-uGOAL.1.1.0
2024-06-29 11:36:27,907 [WARN] PackLoader:240 - Cannot read IP mode file for STMicroelectronics.X-CUBE-ALS.1.0.1
2024-06-29 11:36:27,918 [WARN] PackLoader:240 - Cannot read IP mode file for STMicroelectronics.X-CUBE-AZRTOS-H7RS.1.0.0
2024-06-29 11:36:27,926 [WARN] PackLoader:240 - Cannot read IP mode file for STMicroelectronics.FP-ATR-ASTRA1.2.0.0
2024-06-29 11:36:27,926 [INFO] ThirdParty:978 - Integrity check success = true
2024-06-29 11:36:27,927 [INFO] IntegrityCheckThread:100 - exiting critical section [integrity check]
2024-06-29 11:36:27,927 [INFO] IntegrityCheckThread:103 - End integrity checks thread
2024-06-29 11:36:46,742 [ERROR] LogOutputStream:75 - [STDERR_REDIRECT] SLF4J: Failed to load class "org.slf4j.impl.StaticLoggerBinder".
2024-06-29 11:36:46,744 [ERROR] LogOutputStream:75 - [STDERR_REDIRECT] SLF4J: Defaulting to no-operation (NOP) logger implementation
2024-06-29 11:36:46,745 [ERROR] LogOutputStream:75 - [STDERR_REDIRECT] SLF4J: See http://www.slf4j.org/codes.html#StaticLoggerBinder for further details.
2024-06-29 23:20:59,637 [ERROR] LogOutputStream:75 - [STDERR_REDIRECT] 
