2024-06-30 10:27:18,891 [INFO] Activator:176 - 


2024-06-30 10:27:18,897 [INFO] Activator:177 - !SESSION log4j initialized
2024-06-30 10:27:22,635 [INFO] LogOutputStream:77 - [STDOUT_REDIRECT] 
2024-06-30 10:27:27,602 [ERROR] ConfigurationRetriever:142 - IOException on connection: sw-center.st.com
2024-06-30 10:27:27,602 [ERROR] ConfigurationRetriever:142 - IOException on connection: sw-center.st.com
2024-06-30 10:27:27,603 [ERROR] ConfigurationRetriever:142 - IOException on connection: sw-center.st.com
2024-06-30 10:27:28,786 [INFO] ApplicationProperties:184 - Using Application install path: C:\my_workspace\my_software\stm32cubeide\STM32CubeIDE_1.14.1\STM32CubeIDE\plugins\com.st.stm32cube.common.mx_6.10.0.202311202037
2024-06-30 10:27:28,815 [INFO] DbMcusXml:78 - Set database path to: C:\my_workspace\my_software\stm32cubeide\STM32CubeIDE_1.14.1\STM32CubeIDE\plugins\com.st.stm32cube.common.mx_6.10.0.202311202037\\db\/mcu/
2024-06-30 10:27:28,816 [INFO] ApiDb:274 - Set plugin database path to: C:\my_workspace\my_software\stm32cubeide\STM32CubeIDE_1.14.1\STM32CubeIDE\plugins\com.st.stm32cube.common.mx_6.10.0.202311202037\\db\/plugins/boardmanager/
2024-06-30 10:27:28,816 [WARN] ApiDb:259 - Overriding images path with different value:  => C:\my_workspace\my_software\stm32cubeide\STM32CubeIDE_1.14.1\STM32CubeIDE\plugins\com.st.stm32cube.common.mx_6.10.0.202311202037\\db\/plugins/mcufinder/images/
2024-06-30 10:27:28,851 [INFO] ApiDb:250 - Set database path to: C:\Users\ECA1WX\.stmcufinder\plugins\mcufinder//mcu/
2024-06-30 10:27:28,852 [INFO] DbMcusAds:125 - Set database path to: C:\Users\ECA1WX\.stmcufinder\plugins\mcufinder//mcu/
2024-06-30 10:27:28,854 [INFO] CrossReferenceDbSqlite:203 - Set database path to: C:\Users\ECA1WX\.stmcufinder\plugins\mcufinder//mcu/cs/
2024-06-30 10:27:28,993 [INFO] RulesReader:64 - Compatibility file has been processed (297 Rules)
2024-06-30 10:27:29,176 [INFO] DbMcusXml:78 - Set database path to: C:\my_workspace\my_software\stm32cubeide\STM32CubeIDE_1.14.1\STM32CubeIDE\plugins\com.st.stm32cube.common.mx_6.10.0.202311202037\\db\/mcu/
2024-06-30 10:27:29,177 [INFO] ApiDb:274 - Set plugin database path to: C:\my_workspace\my_software\stm32cubeide\STM32CubeIDE_1.14.1\STM32CubeIDE\plugins\com.st.stm32cube.common.mx_6.10.0.202311202037\\db\/plugins/boardmanager/
2024-06-30 10:27:29,177 [INFO] ApiDb:261 - Set plugin images path to: C:\my_workspace\my_software\stm32cubeide\STM32CubeIDE_1.14.1\STM32CubeIDE\plugins\com.st.stm32cube.common.mx_6.10.0.202311202037\\db\/plugins/mcufinder/images/
2024-06-30 10:27:29,177 [WARN] DbFile:41 - Overriding database path with different value: C:\Users\ECA1WX\.stmcufinder\plugins\mcufinder/ => C:\Users\ECA1WX\.stmcufinder\plugins\mcufinder
2024-06-30 10:27:29,177 [INFO] ApiDb:250 - Set database path to: C:\Users\ECA1WX\.stmcufinder\plugins\mcufinder//mcu/
2024-06-30 10:27:29,177 [WARN] DbFile:41 - Overriding database path with different value: C:\Users\ECA1WX\.stmcufinder\plugins\mcufinder/ => C:\Users\ECA1WX\.stmcufinder\plugins\mcufinder
2024-06-30 10:27:29,177 [INFO] DbMcusAds:125 - Set database path to: C:\Users\ECA1WX\.stmcufinder\plugins\mcufinder//mcu/
2024-06-30 10:27:29,177 [WARN] DbFile:41 - Overriding database path with different value: C:\Users\ECA1WX\.stmcufinder\plugins\mcufinder/ => C:\Users\ECA1WX\.stmcufinder\plugins\mcufinder
2024-06-30 10:27:29,177 [WARN] DbFile:41 - Overriding database path with different value: C:\Users\ECA1WX\.stmcufinder\plugins\mcufinder/ => C:\Users\ECA1WX\.stmcufinder\plugins\mcufinder
2024-06-30 10:27:29,178 [INFO] CrossReferenceDbSqlite:203 - Set database path to: C:\Users\ECA1WX\.stmcufinder\plugins\mcufinder//mcu/cs/
2024-06-30 10:27:29,326 [INFO] MainPanel:264 - HeapMemory: 268435456
2024-06-30 10:27:29,405 [INFO] DbMcusXml:78 - Set database path to: C:\my_workspace\my_software\stm32cubeide\STM32CubeIDE_1.14.1\STM32CubeIDE\plugins\com.st.stm32cube.common.mx_6.10.0.202311202037\\db\/mcu/
2024-06-30 10:27:29,405 [INFO] ApiDb:274 - Set plugin database path to: C:\my_workspace\my_software\stm32cubeide\STM32CubeIDE_1.14.1\STM32CubeIDE\plugins\com.st.stm32cube.common.mx_6.10.0.202311202037\\db\/plugins/boardmanager/
2024-06-30 10:27:29,405 [INFO] ApiDb:261 - Set plugin images path to: C:\my_workspace\my_software\stm32cubeide\STM32CubeIDE_1.14.1\STM32CubeIDE\plugins\com.st.stm32cube.common.mx_6.10.0.202311202037\\db\/plugins/mcufinder/images/
2024-06-30 10:27:29,405 [WARN] DbFile:41 - Overriding database path with different value: C:\Users\ECA1WX\.stmcufinder\plugins\mcufinder/ => C:\Users\ECA1WX\.stmcufinder\plugins\mcufinder
2024-06-30 10:27:29,405 [INFO] ApiDb:250 - Set database path to: C:\Users\ECA1WX\.stmcufinder\plugins\mcufinder//mcu/
2024-06-30 10:27:29,405 [WARN] DbFile:41 - Overriding database path with different value: C:\Users\ECA1WX\.stmcufinder\plugins\mcufinder/ => C:\Users\ECA1WX\.stmcufinder\plugins\mcufinder
2024-06-30 10:27:29,405 [INFO] DbMcusAds:125 - Set database path to: C:\Users\ECA1WX\.stmcufinder\plugins\mcufinder//mcu/
2024-06-30 10:27:29,405 [WARN] DbFile:41 - Overriding database path with different value: C:\Users\ECA1WX\.stmcufinder\plugins\mcufinder/ => C:\Users\ECA1WX\.stmcufinder\plugins\mcufinder
2024-06-30 10:27:29,405 [WARN] DbFile:41 - Overriding database path with different value: C:\Users\ECA1WX\.stmcufinder\plugins\mcufinder/ => C:\Users\ECA1WX\.stmcufinder\plugins\mcufinder
2024-06-30 10:27:29,406 [INFO] CrossReferenceDbSqlite:203 - Set database path to: C:\Users\ECA1WX\.stmcufinder\plugins\mcufinder//mcu/cs/
2024-06-30 10:27:29,424 [INFO] ApplicationProperties:184 - Using Application install path: C:\my_workspace\my_software\stm32cubeide\STM32CubeIDE_1.14.1\STM32CubeIDE\plugins\com.st.stm32cube.common.mx_6.10.0.202311202037
2024-06-30 10:27:29,425 [INFO] PluginManage:196 - Search for loadable plugins [exclusion list=, ]
2024-06-30 10:27:29,427 [INFO] PluginManage:310 - Check plugin analytics
2024-06-30 10:27:34,103 [INFO] AnalyticsPlugin:253 - Accepted Software Licenses: 
2024-06-30 10:27:34,103 [INFO] AnalyticsPlugin:255 - Accepted CMSIS Pack Licenses: 
2024-06-30 10:27:34,104 [INFO] AnalyticsPlugin:257 - Accepted Firmware Licenses: FW.F7.1.17.0
2024-06-30 10:27:34,106 [ERROR] ConfigurationRetriever:142 - IOException on connection: sw-center.st.com
2024-06-30 10:27:34,107 [ERROR] ConfigurationRetriever:142 - IOException on connection: sw-center.st.com
2024-06-30 10:27:34,107 [ERROR] ConfigurationRetriever:142 - IOException on connection: sw-center.st.com
2024-06-30 10:27:34,107 [INFO] PluginManage:359 - Loaded plugin analytics (category:tool,tabindex:-1)
2024-06-30 10:27:34,108 [INFO] PluginManage:310 - Check plugin cadmodel
2024-06-30 10:27:34,145 [INFO] CADModel:105 - Init CAD model plugin
2024-06-30 10:27:34,146 [INFO] PluginManage:359 - Loaded plugin cadmodel (category:power,tabindex:5)
2024-06-30 10:27:34,146 [INFO] PluginManage:310 - Check plugin clock
2024-06-30 10:27:34,168 [INFO] PluginManage:359 - Loaded plugin clock (category:base,tabindex:2)
2024-06-30 10:27:34,168 [INFO] PluginManage:310 - Check plugin ddr
2024-06-30 10:27:34,170 [INFO] PluginManage:359 - Loaded plugin ddr (category:tool,tabindex:6)
2024-06-30 10:27:34,170 [INFO] PluginManage:310 - Check plugin filemanager
2024-06-30 10:27:34,326 [INFO] PluginManage:359 - Loaded plugin filemanager (category:base,tabindex:10)
2024-06-30 10:27:34,326 [INFO] PluginManage:310 - Check plugin ipmanager
2024-06-30 10:27:34,334 [INFO] PluginManage:359 - Loaded plugin ipmanager (category:base,tabindex:5)
2024-06-30 10:27:34,335 [INFO] PluginManage:310 - Check plugin lpbam
2024-06-30 10:27:34,351 [INFO] PluginManage:359 - Loaded plugin lpbam (category:base,tabindex:0)
2024-06-30 10:27:34,351 [INFO] PluginManage:310 - Check plugin memorymap
2024-06-30 10:27:34,375 [INFO] PluginManage:359 - Loaded plugin memorymap (category:base,tabindex:4)
2024-06-30 10:27:34,375 [INFO] PluginManage:310 - Check plugin pinoutandconfiguration
2024-06-30 10:27:34,391 [INFO] PluginManage:359 - Loaded plugin pinoutandconfiguration (category:base,tabindex:1)
2024-06-30 10:27:34,391 [INFO] PluginManage:310 - Check plugin pinoutconfig
2024-06-30 10:27:34,477 [WARN] SupportedApi:132 - Cannot load RTOS API schema: s4s-elt-must-match.1: The content of 'definitions' must match (annotation?, (simpleType | complexType)?, (unique | key | keyref)*)). A problem was found starting at: attribute.
2024-06-30 10:27:34,599 [INFO] PluginManage:359 - Loaded plugin pinoutconfig (category:base,tabindex:0)
2024-06-30 10:27:34,600 [INFO] PluginManage:310 - Check plugin power
2024-06-30 10:27:34,749 [INFO] PluginManage:359 - Loaded plugin power (category:power,tabindex:4)
2024-06-30 10:27:34,749 [INFO] PluginManage:310 - Check plugin projectmanager
2024-06-30 10:27:34,770 [INFO] PluginManage:359 - Loaded plugin projectmanager (category:projectmanager,tabindex:3)
2024-06-30 10:27:34,770 [INFO] PluginManage:310 - Check plugin thirdparty
2024-06-30 10:27:34,933 [INFO] PluginManage:359 - Loaded plugin thirdparty (category:base,tabindex:-1)
2024-06-30 10:27:34,933 [INFO] PluginManage:310 - Check plugin tools
2024-06-30 10:27:34,933 [WARN] IntegrityCheckThread:84 - waiting for thirdparty lock release [integrity check]
2024-06-30 10:27:34,934 [INFO] IntegrityCheckThread:86 - entering critical section [integrity check]
2024-06-30 10:27:34,935 [INFO] ThirdPartyUpdaterWithRetryManager:70 - Updater plugin not ready yet. [1/15]
2024-06-30 10:27:34,943 [INFO] PluginManage:359 - Loaded plugin tools (category:base,tabindex:7)
2024-06-30 10:27:34,943 [INFO] PluginManage:310 - Check plugin tutovideos
2024-06-30 10:27:35,182 [INFO] PluginManage:359 - Loaded plugin tutovideos (category:base,tabindex:-1)
2024-06-30 10:27:35,183 [INFO] PluginManage:310 - Check plugin updater
2024-06-30 10:27:35,194 [INFO] PluginManage:359 - Loaded plugin updater (category:base,tabindex:12)
2024-06-30 10:27:35,194 [INFO] PluginManage:310 - Check plugin userauth
2024-06-30 10:27:35,202 [INFO] UserAuth:114 - Init User Auth plugin
2024-06-30 10:27:35,202 [INFO] PluginManage:359 - Loaded plugin userauth (category:base,tabindex:14)
2024-06-30 10:27:35,203 [INFO] PluginManage:283 - PluginManage : Loaded plugins [17]
2024-06-30 10:27:35,470 [INFO] PinOutPanel:1499 - setPackage(No Configuration,No Configuration)
2024-06-30 10:27:35,563 [INFO] CADModel:165 - CPN selected for project level
2024-06-30 10:27:35,563 [INFO] CADModel:114 - Register for checkConnection events
2024-06-30 10:27:35,586 [INFO] IPUIPlugin:80 - create IPUIPlugin
2024-06-30 10:27:35,586 [INFO] PluginManager:220 - loadIPPluginJar : add adc
2024-06-30 10:27:35,595 [INFO] IPUIPlugin:80 - create IPUIPlugin
2024-06-30 10:27:35,595 [INFO] PluginManager:220 - loadIPPluginJar : add aes
2024-06-30 10:27:35,603 [INFO] IPUIPlugin:80 - create IPUIPlugin
2024-06-30 10:27:35,604 [INFO] PluginManager:220 - loadIPPluginJar : add can
2024-06-30 10:27:35,611 [INFO] IPUIPlugin:80 - create IPUIPlugin
2024-06-30 10:27:35,611 [INFO] PluginManager:220 - loadIPPluginJar : add comp
2024-06-30 10:27:35,622 [INFO] IPUIPlugin:80 - create IPUIPlugin
2024-06-30 10:27:35,622 [INFO] PluginManager:220 - loadIPPluginJar : add cryp
2024-06-30 10:27:35,628 [INFO] IPUIPlugin:80 - create IPUIPlugin
2024-06-30 10:27:35,628 [INFO] PluginManager:220 - loadIPPluginJar : add dfsdm
2024-06-30 10:27:35,639 [INFO] IPUIPlugin:80 - create IPUIPlugin
2024-06-30 10:27:35,639 [INFO] PluginManager:220 - loadIPPluginJar : add dma
2024-06-30 10:27:35,647 [INFO] IPUIPlugin:80 - create IPUIPlugin
2024-06-30 10:27:35,648 [INFO] PluginManager:220 - loadIPPluginJar : add dma3
2024-06-30 10:27:35,654 [INFO] IPUIPlugin:80 - create IPUIPlugin
2024-06-30 10:27:35,654 [INFO] PluginManager:220 - loadIPPluginJar : add fatfs
2024-06-30 10:27:35,666 [INFO] IPUIPlugin:80 - create IPUIPlugin
2024-06-30 10:27:35,666 [INFO] PluginManager:220 - loadIPPluginJar : add fmc
2024-06-30 10:27:35,681 [INFO] IPUIPlugin:80 - create IPUIPlugin
2024-06-30 10:27:35,681 [INFO] PluginManager:220 - loadIPPluginJar : add freertos
2024-06-30 10:27:35,689 [INFO] IPUIPlugin:80 - create IPUIPlugin
2024-06-30 10:27:35,689 [INFO] PluginManager:220 - loadIPPluginJar : add genericplugin
2024-06-30 10:27:35,696 [INFO] IPUIPlugin:80 - create IPUIPlugin
2024-06-30 10:27:35,696 [INFO] PluginManager:220 - loadIPPluginJar : add gfxmmu
2024-06-30 10:27:35,704 [INFO] IPUIPlugin:80 - create IPUIPlugin
2024-06-30 10:27:35,704 [INFO] PluginManager:220 - loadIPPluginJar : add gic
2024-06-30 10:27:35,713 [INFO] IPUIPlugin:80 - create IPUIPlugin
2024-06-30 10:27:35,713 [INFO] PluginManager:220 - loadIPPluginJar : add gpio
2024-06-30 10:27:35,722 [INFO] IPUIPlugin:80 - create IPUIPlugin
2024-06-30 10:27:35,722 [INFO] PluginManager:220 - loadIPPluginJar : add gtzc
2024-06-30 10:27:35,729 [INFO] IPUIPlugin:80 - create IPUIPlugin
2024-06-30 10:27:35,729 [INFO] PluginManager:220 - loadIPPluginJar : add hash
2024-06-30 10:27:35,738 [INFO] IPUIPlugin:80 - create IPUIPlugin
2024-06-30 10:27:35,739 [INFO] PluginManager:220 - loadIPPluginJar : add i2c
2024-06-30 10:27:35,746 [INFO] IPUIPlugin:80 - create IPUIPlugin
2024-06-30 10:27:35,746 [INFO] PluginManager:220 - loadIPPluginJar : add i2s
2024-06-30 10:27:35,755 [INFO] IPUIPlugin:80 - create IPUIPlugin
2024-06-30 10:27:35,755 [INFO] PluginManager:220 - loadIPPluginJar : add i3c
2024-06-30 10:27:35,763 [INFO] IPUIPlugin:80 - create IPUIPlugin
2024-06-30 10:27:35,763 [INFO] PluginManager:220 - loadIPPluginJar : add ipddr
2024-06-30 10:27:35,776 [INFO] IPUIPlugin:80 - create IPUIPlugin
2024-06-30 10:27:35,776 [INFO] PluginManager:220 - loadIPPluginJar : add linkedlist
2024-06-30 10:27:35,785 [INFO] IPUIPlugin:80 - create IPUIPlugin
2024-06-30 10:27:35,786 [INFO] PluginManager:220 - loadIPPluginJar : add lorawan
2024-06-30 10:27:35,795 [INFO] IPUIPlugin:80 - create IPUIPlugin
2024-06-30 10:27:35,795 [INFO] PluginManager:220 - loadIPPluginJar : add ltdc
2024-06-30 10:27:35,808 [INFO] IPUIPlugin:80 - create IPUIPlugin
2024-06-30 10:27:35,808 [INFO] PluginManager:220 - loadIPPluginJar : add mdma
2024-06-30 10:27:35,820 [INFO] IPUIPlugin:80 - create IPUIPlugin
2024-06-30 10:27:35,820 [INFO] PluginManager:220 - loadIPPluginJar : add nvic
2024-06-30 10:27:35,828 [INFO] IPUIPlugin:80 - create IPUIPlugin
2024-06-30 10:27:35,828 [INFO] PluginManager:220 - loadIPPluginJar : add opamp
2024-06-30 10:27:35,837 [INFO] IPUIPlugin:80 - create IPUIPlugin
2024-06-30 10:27:35,837 [INFO] PluginManager:220 - loadIPPluginJar : add openamp
2024-06-30 10:27:35,845 [INFO] IPUIPlugin:80 - create IPUIPlugin
2024-06-30 10:27:35,845 [INFO] PluginManager:220 - loadIPPluginJar : add pdm2pcm
2024-06-30 10:27:35,856 [INFO] IPUIPlugin:80 - create IPUIPlugin
2024-06-30 10:27:35,857 [INFO] PluginManager:220 - loadIPPluginJar : add plateformsettings
2024-06-30 10:27:35,865 [INFO] IPUIPlugin:80 - create IPUIPlugin
2024-06-30 10:27:35,865 [INFO] PluginManager:220 - loadIPPluginJar : add quadspi
2024-06-30 10:27:35,877 [INFO] IPUIPlugin:80 - create IPUIPlugin
2024-06-30 10:27:35,877 [INFO] PluginManager:220 - loadIPPluginJar : add resmgrutility
2024-06-30 10:27:35,886 [INFO] IPUIPlugin:80 - create IPUIPlugin
2024-06-30 10:27:35,886 [INFO] PluginManager:220 - loadIPPluginJar : add sai
2024-06-30 10:27:35,892 [INFO] IPUIPlugin:80 - create IPUIPlugin
2024-06-30 10:27:35,892 [INFO] PluginManager:220 - loadIPPluginJar : add spi
2024-06-30 10:27:35,907 [INFO] IPUIPlugin:80 - create IPUIPlugin
2024-06-30 10:27:35,907 [INFO] PluginManager:220 - loadIPPluginJar : add stm32_wpan
2024-06-30 10:27:35,954 [INFO] IPUIPlugin:80 - create IPUIPlugin
2024-06-30 10:27:35,954 [INFO] PluginManager:220 - loadIPPluginJar : add tim
2024-06-30 10:27:35,965 [INFO] IPUIPlugin:80 - create IPUIPlugin
2024-06-30 10:27:35,965 [INFO] PluginManager:220 - loadIPPluginJar : add touchsensing
2024-06-30 10:27:35,975 [INFO] IPUIPlugin:80 - create IPUIPlugin
2024-06-30 10:27:35,975 [INFO] PluginManager:220 - loadIPPluginJar : add tracer_emb
2024-06-30 10:27:35,983 [INFO] IPUIPlugin:80 - create IPUIPlugin
2024-06-30 10:27:35,983 [INFO] PluginManager:220 - loadIPPluginJar : add ts
2024-06-30 10:27:35,990 [INFO] IPUIPlugin:80 - create IPUIPlugin
2024-06-30 10:27:35,990 [INFO] PluginManager:220 - loadIPPluginJar : add tsc
2024-06-30 10:27:35,999 [INFO] IPUIPlugin:80 - create IPUIPlugin
2024-06-30 10:27:36,000 [INFO] PluginManager:220 - loadIPPluginJar : add ucpd
2024-06-30 10:27:36,013 [INFO] IPUIPlugin:80 - create IPUIPlugin
2024-06-30 10:27:36,013 [INFO] PluginManager:220 - loadIPPluginJar : add usart
2024-06-30 10:27:36,024 [INFO] IPUIPlugin:80 - create IPUIPlugin
2024-06-30 10:27:36,024 [INFO] PluginManager:220 - loadIPPluginJar : add usbx
2024-06-30 10:27:36,166 [INFO] CADModel:165 - CPN selected for project level
2024-06-30 10:27:36,166 [INFO] CADModel:114 - Register for checkConnection events
2024-06-30 10:27:36,166 [FATAL] Updater:308 - Updater called before beeing initialized
2024-06-30 10:27:36,167 [ERROR] CADModel:125 - Updater not yet initialized, retry later 
2024-06-30 10:27:36,316 [INFO] CADModel:165 - CPN selected for project level
2024-06-30 10:27:36,316 [INFO] CADModel:114 - Register for checkConnection events
2024-06-30 10:27:36,316 [FATAL] Updater:308 - Updater called before beeing initialized
2024-06-30 10:27:36,316 [ERROR] CADModel:125 - Updater not yet initialized, retry later 
2024-06-30 10:27:36,319 [FATAL] Updater:308 - Updater called before beeing initialized
2024-06-30 10:27:36,476 [FATAL] Updater:308 - Updater called before beeing initialized
2024-06-30 10:27:36,481 [INFO] DbMcusAds:53 - JSON generation date=Thu Sep 30 14:55:09 CST 2021 (1632984909247)
2024-06-30 10:27:36,481 [FATAL] Updater:308 - Updater called before beeing initialized
2024-06-30 10:27:36,553 [WARN] DetailPanel:346 - Failed to get advertising image, set to default
2024-06-30 10:27:36,665 [FATAL] Updater:308 - Updater called before beeing initialized
2024-06-30 10:27:36,667 [FATAL] Updater:308 - Updater called before beeing initialized
2024-06-30 10:27:36,667 [FATAL] Updater:308 - Updater called before beeing initialized
2024-06-30 10:27:36,667 [WARN] DetailPanel:346 - Failed to get advertising image, set to default
2024-06-30 10:27:36,669 [FATAL] Updater:308 - Updater called before beeing initialized
2024-06-30 10:27:36,717 [ERROR] Updater:1120 - MainUpdater not yet initialized. External WinMGr cannot be set.
2024-06-30 10:27:36,724 [INFO] Updater:1056 - Updater Version found : 6.10.0
2024-06-30 10:27:36,741 [INFO] ApplicationProperties:184 - Using Application install path: C:\my_workspace\my_software\stm32cubeide\STM32CubeIDE_1.14.1\STM32CubeIDE\plugins\com.st.stm32cube.common.mx_6.10.0.202311202037
2024-06-30 10:27:37,935 [INFO] ThirdPartyUpdaterWithRetryManager:70 - Updater plugin not ready yet. [2/15]
2024-06-30 10:27:38,317 [ERROR] LogOutputStream:75 - [STDERR_REDIRECT] Jun 30, 2024 10:27:38 AM java.util.prefs.WindowsPreferences <init>
2024-06-30 10:27:38,318 [ERROR] LogOutputStream:75 - [STDERR_REDIRECT] WARNING: Could not open/create prefs root node Software\JavaSoft\Prefs at root 0xffffffff80000002. Windows RegCreateKeyEx(...) returned error code 5.
2024-06-30 10:27:38,319 [ERROR] LogOutputStream:75 - [STDERR_REDIRECT] 
2024-06-30 10:27:38,566 [INFO] MainUpdater:2873 - connection check result : 22
2024-06-30 10:27:38,567 [INFO] MainUpdater:290 - Updater Check For Update Now.
2024-06-30 10:27:38,567 [INFO] MicroXplorer:498 - Change Database Version : DB.6.0.100
2024-06-30 10:27:38,573 [INFO] McuFinderGlobals:63 - Set McuFinder mode to 2 (CubeIDE integrated)
2024-06-30 10:27:38,573 [INFO] UserAuth:180 - activating auth plugin
2024-06-30 10:27:38,575 [INFO] UserAuth:404 - Internet connection configuration mode: 2
2024-06-30 10:27:38,593 [INFO] UserAuth:404 - Internet connection configuration mode: 2
2024-06-30 10:27:38,751 [INFO] CheckServerUpdateThread:120 - End of CheckServer Thread
2024-06-30 10:27:41,380 [WARN] PackLoader:240 - Cannot read IP mode file for STMicroelectronics.FP-SNS-MOTENVWB1.1.4.0
2024-06-30 10:27:41,392 [WARN] PackLoader:240 - Cannot read IP mode file for STMicroelectronics.X-CUBE-SMBUS.2.1.0
2024-06-30 10:27:41,399 [WARN] PackLoader:240 - Cannot read IP mode file for STMicroelectronics.X-CUBE-TOUCHGFX.4.23.1
2024-06-30 10:27:41,403 [WARN] PackLoader:240 - Cannot read IP mode file for STMicroelectronics.X-CUBE-TOUCHGFX.4.23.0
2024-06-30 10:27:41,406 [WARN] PackLoader:240 - Cannot read IP mode file for STMicroelectronics.X-CUBE-TOUCHGFX.4.23.2
2024-06-30 10:27:41,434 [WARN] PackLoader:240 - Cannot read IP mode file for STMicroelectronics.X-CUBE-AZRTOS-F7.1.1.0
2024-06-30 10:27:41,451 [WARN] PackLoader:240 - Cannot read IP mode file for STMicroelectronics.FP-SNS-MOTENV1.4.3.2
2024-06-30 10:27:41,462 [WARN] PackLoader:240 - Cannot read IP mode file for STMicroelectronics.FP-SNS-FLIGHT1.5.0.2
2024-06-30 10:27:41,478 [WARN] PackLoader:240 - Cannot read IP mode file for STMicroelectronics.X-CUBE-DISPLAY.3.0.0
2024-06-30 10:27:41,514 [WARN] PackLoader:240 - Cannot read IP mode file for STMicroelectronics.X-CUBE-BLE1.7.0.0
2024-06-30 10:27:41,526 [WARN] PackLoader:240 - Cannot read IP mode file for emotas.I-CUBE-CANOPEN.1.3.0
2024-06-30 10:27:41,535 [WARN] PackLoader:240 - Cannot read IP mode file for STMicroelectronics.FP-SNS-SMARTAG2.1.2.0
2024-06-30 10:27:41,548 [INFO] LogOutputStream:77 - [STDOUT_REDIRECT] 1 : Invalid condition id : UX_CORESTACK_Condition cause : null
2024-06-30 10:27:41,550 [INFO] LogOutputStream:77 - [STDOUT_REDIRECT] 1 : Invalid condition id : UX_CORESTACK_Condition cause : null
2024-06-30 10:27:41,552 [INFO] LogOutputStream:77 - [STDOUT_REDIRECT] 1 : Invalid condition id : UX_CORESTACK_Condition cause : null
2024-06-30 10:27:41,553 [INFO] LogOutputStream:77 - [STDOUT_REDIRECT] 1 : Invalid condition id : UX_CORESTACK_Condition cause : null
2024-06-30 10:27:41,555 [INFO] LogOutputStream:77 - [STDOUT_REDIRECT] 1 : Invalid condition id : UX_CORESTACK_Condition cause : null
2024-06-30 10:27:41,559 [WARN] PackLoader:240 - Cannot read IP mode file for STMicroelectronics.X-CUBE-AZRTOS-WL.2.0.0
2024-06-30 10:27:41,567 [WARN] PackLoader:240 - Cannot read IP mode file for STMicroelectronics.FP-SNS-MOTENV1.5.0.0
2024-06-30 10:27:41,578 [WARN] PackLoader:240 - Cannot read IP mode file for wolfSSL.I-CUBE-wolfMQTT.1.19.0
2024-06-30 10:27:41,586 [WARN] PackLoader:240 - Cannot read IP mode file for STMicroelectronics.X-CUBE-BLE2.3.3.0
2024-06-30 10:27:41,597 [WARN] PackLoader:240 - Cannot read IP mode file for STMicroelectronics.X-CUBE-TCPP.4.1.0
2024-06-30 10:27:41,607 [WARN] PackLoader:240 - Cannot read IP mode file for STMicroelectronics.X-CUBE-ALGOBUILD.1.3.0
2024-06-30 10:27:41,632 [WARN] PackLoader:240 - Cannot read IP mode file for STMicroelectronics.X-CUBE-AZRTOS-G0.1.1.0
2024-06-30 10:27:41,652 [WARN] PackLoader:240 - Cannot read IP mode file for STMicroelectronics.X-CUBE-SAFEA1.1.2.2
2024-06-30 10:27:41,663 [WARN] PackLoader:240 - Cannot read IP mode file for STMicroelectronics.X-CUBE-NFC4.3.0.0
2024-06-30 10:27:41,681 [WARN] PackLoader:240 - Cannot read IP mode file for STMicroelectronics.FP-ATR-SIGFOX1.3.2.0
2024-06-30 10:27:41,720 [WARN] PackLoader:240 - Cannot read IP mode file for SEGGER.I-CUBE-embOS.1.3.1
2024-06-30 10:27:41,770 [WARN] PackLoader:240 - Cannot read IP mode file for STMicroelectronics.X-CUBE-ALGOBUILD.1.4.0
2024-06-30 10:27:41,781 [WARN] PackLoader:240 - Cannot read IP mode file for STMicroelectronics.X-CUBE-GNSS1.6.0.0
2024-06-30 10:27:41,803 [WARN] PackLoader:240 - Cannot read IP mode file for STMicroelectronics.X-CUBE-AZRTOS-F4.1.1.0
2024-06-30 10:27:41,815 [WARN] PackLoader:240 - Cannot read IP mode file for STMicroelectronics.X-CUBE-FREERTOS.1.2.0
2024-06-30 10:27:41,834 [WARN] PackLoader:240 - Cannot read IP mode file for STMicroelectronics.X-CUBE-AZRTOS-L5.2.0.0
2024-06-30 10:27:41,847 [WARN] PackLoader:240 - Cannot read IP mode file for STMicroelectronics.X-CUBE-NFC6.3.1.0
2024-06-30 10:27:41,859 [WARN] PackLoader:240 - Cannot read IP mode file for ITTIA_DB.I-CUBE-ITTIADB.8.8.0
2024-06-30 10:27:41,867 [WARN] PackLoader:240 - Cannot read IP mode file for STMicroelectronics.X-CUBE-AI.9.0.0
2024-06-30 10:27:41,876 [WARN] PackLoader:240 - Cannot read IP mode file for STMicroelectronics.X-CUBE-NFC7.1.0.1
2024-06-30 10:27:41,891 [WARN] PackLoader:240 - Cannot read IP mode file for STMicroelectronics.X-CUBE-NFC6.3.0.0
2024-06-30 10:27:41,902 [WARN] PackLoader:240 - Cannot read IP mode file for STMicroelectronics.X-CUBE-AI.8.1.0
2024-06-30 10:27:41,929 [WARN] ConditionMgr:438 - getConditionDescription Invalid condition id : LAN8742 Phy interface Condition cause : null
2024-06-30 10:27:41,931 [WARN] PackLoader:240 - Cannot read IP mode file for STMicroelectronics.X-CUBE-AZRTOS-L4.2.0.0
2024-06-30 10:27:41,934 [WARN] ConditionMgr:1039 - genDependencies : Invalid condition id : LAN8742 Phy interface Condition cause : null
2024-06-30 10:27:41,934 [WARN] ConditionMgr:1039 - genDependencies : Invalid condition id : LAN8742 Phy interface Condition cause : null
2024-06-30 10:27:41,935 [WARN] ConditionMgr:1039 - genDependencies : Invalid condition id : LAN8742 Phy interface Condition cause : null
2024-06-30 10:27:41,951 [WARN] PackLoader:240 - Cannot read IP mode file for STMicroelectronics.X-CUBE-SFXS2LP1.4.0.0
2024-06-30 10:27:41,978 [WARN] ConditionMgr:438 - getConditionDescription Invalid condition id : UX DEVICE CLASS RTOS Condition cause : null
2024-06-30 10:27:41,978 [WARN] ConditionMgr:438 - getConditionDescription Invalid condition id : UX DEVICE CLASS RTOS Condition cause : null
2024-06-30 10:27:41,981 [WARN] PackLoader:240 - Cannot read IP mode file for STMicroelectronics.X-CUBE-AZRTOS-WB.2.0.0
2024-06-30 10:27:41,982 [WARN] ConditionMgr:1039 - genDependencies : Invalid condition id : UX DEVICE CLASS RTOS Condition cause : null
2024-06-30 10:27:41,983 [WARN] ConditionMgr:1039 - genDependencies : Invalid condition id : UX DEVICE CLASS RTOS Condition cause : null
2024-06-30 10:27:41,984 [WARN] ConditionMgr:1039 - genDependencies : Invalid condition id : UX DEVICE CLASS RTOS Condition cause : null
2024-06-30 10:27:41,984 [WARN] ConditionMgr:1039 - genDependencies : Invalid condition id : UX DEVICE CLASS RTOS Condition cause : null
2024-06-30 10:27:41,984 [WARN] ConditionMgr:1039 - genDependencies : Invalid condition id : UX DEVICE CLASS RTOS Condition cause : null
2024-06-30 10:27:42,014 [WARN] PackLoader:240 - Cannot read IP mode file for STMicroelectronics.X-CUBE-SUBG2.5.0.0
2024-06-30 10:27:42,032 [WARN] PackLoader:240 - Cannot read IP mode file for Cesanta.I-CUBE-Mongoose.7.13.0
2024-06-30 10:27:42,059 [WARN] PackLoader:240 - Cannot read IP mode file for STMicroelectronics.X-CUBE-AZRTOS-G4.2.0.0
2024-06-30 10:27:42,081 [WARN] PackLoader:240 - Cannot read IP mode file for Infineon.AIROC-Wi-Fi-Bluetooth-STM32.1.5.1
2024-06-30 10:27:42,090 [WARN] PackLoader:240 - Cannot read IP mode file for STMicroelectronics.FP-SNS-MOTENVWB1.1.3.1
2024-06-30 10:27:42,100 [WARN] PackLoader:240 - Cannot read IP mode file for STMicroelectronics.X-CUBE-ALS.1.0.2
2024-06-30 10:27:42,144 [WARN] PackLoader:240 - Cannot read IP mode file for STMicroelectronics.X-CUBE-MEMS1.10.0.0
2024-06-30 10:27:42,256 [WARN] PackLoader:240 - Cannot read IP mode file for STMicroelectronics.X-CUBE-FREERTOS.1.1.0
2024-06-30 10:27:42,261 [WARN] PackLoader:240 - Cannot read IP mode file for STMicroelectronics.X-CUBE-TOUCHGFX.4.24.0
2024-06-30 10:27:42,272 [WARN] PackLoader:240 - Cannot read IP mode file for portGmbH.I-Cube-SoM-uGOAL.1.1.0
2024-06-30 10:27:42,277 [WARN] PackLoader:240 - Cannot read IP mode file for STMicroelectronics.X-CUBE-ALS.1.0.1
2024-06-30 10:27:42,297 [WARN] PackLoader:240 - Cannot read IP mode file for STMicroelectronics.X-CUBE-AZRTOS-H7RS.1.0.0
2024-06-30 10:27:42,308 [WARN] PackLoader:240 - Cannot read IP mode file for STMicroelectronics.FP-ATR-ASTRA1.2.0.0
2024-06-30 10:27:42,310 [INFO] ThirdParty:978 - Integrity check success = true
2024-06-30 10:27:42,310 [INFO] IntegrityCheckThread:100 - exiting critical section [integrity check]
2024-06-30 10:27:42,310 [INFO] IntegrityCheckThread:103 - End integrity checks thread
2024-06-30 10:27:59,129 [ERROR] LogOutputStream:75 - [STDERR_REDIRECT] SLF4J: Failed to load class "org.slf4j.impl.StaticLoggerBinder".
2024-06-30 10:27:59,130 [ERROR] LogOutputStream:75 - [STDERR_REDIRECT] SLF4J: Defaulting to no-operation (NOP) logger implementation
2024-06-30 10:27:59,131 [ERROR] LogOutputStream:75 - [STDERR_REDIRECT] SLF4J: See http://www.slf4j.org/codes.html#StaticLoggerBinder for further details.
2024-06-30 10:47:58,354 [ERROR] ConfigurationRetriever:142 - IOException on connection: sw-center.st.com
2024-06-30 10:47:58,355 [ERROR] ConfigurationRetriever:142 - IOException on connection: sw-center.st.com
2024-06-30 10:47:58,355 [ERROR] ConfigurationRetriever:142 - IOException on connection: sw-center.st.com
2024-06-30 10:47:59,030 [ERROR] ConfigurationRetriever:142 - IOException on connection: sw-center.st.com
2024-06-30 10:47:59,031 [ERROR] ConfigurationRetriever:142 - IOException on connection: sw-center.st.com
2024-06-30 10:47:59,031 [ERROR] ConfigurationRetriever:142 - IOException on connection: sw-center.st.com
2024-06-30 10:54:19,509 [ERROR] ConfigurationRetriever:142 - IOException on connection: sw-center.st.com
2024-06-30 10:54:19,510 [ERROR] ConfigurationRetriever:142 - IOException on connection: sw-center.st.com
2024-06-30 10:54:19,510 [ERROR] ConfigurationRetriever:142 - IOException on connection: sw-center.st.com
2024-06-30 10:54:20,177 [ERROR] ConfigurationRetriever:142 - IOException on connection: sw-center.st.com
2024-06-30 10:54:20,178 [ERROR] ConfigurationRetriever:142 - IOException on connection: sw-center.st.com
2024-06-30 10:54:20,178 [ERROR] ConfigurationRetriever:142 - IOException on connection: sw-center.st.com
2024-06-30 10:59:25,750 [ERROR] ConfigurationRetriever:142 - IOException on connection: sw-center.st.com
2024-06-30 10:59:25,751 [ERROR] ConfigurationRetriever:142 - IOException on connection: sw-center.st.com
2024-06-30 10:59:25,751 [ERROR] ConfigurationRetriever:142 - IOException on connection: sw-center.st.com
2024-06-30 10:59:26,627 [ERROR] ConfigurationRetriever:142 - IOException on connection: sw-center.st.com
2024-06-30 10:59:26,628 [ERROR] ConfigurationRetriever:142 - IOException on connection: sw-center.st.com
2024-06-30 10:59:26,628 [ERROR] ConfigurationRetriever:142 - IOException on connection: sw-center.st.com
2024-06-30 11:03:44,264 [ERROR] ConfigurationRetriever:142 - IOException on connection: sw-center.st.com
2024-06-30 11:03:44,265 [ERROR] ConfigurationRetriever:142 - IOException on connection: sw-center.st.com
2024-06-30 11:03:44,265 [ERROR] ConfigurationRetriever:142 - IOException on connection: sw-center.st.com
2024-06-30 11:03:45,038 [ERROR] ConfigurationRetriever:142 - IOException on connection: sw-center.st.com
2024-06-30 11:03:45,039 [ERROR] ConfigurationRetriever:142 - IOException on connection: sw-center.st.com
2024-06-30 11:03:45,039 [ERROR] ConfigurationRetriever:142 - IOException on connection: sw-center.st.com
2024-06-30 11:30:00,053 [ERROR] ConfigurationRetriever:142 - IOException on connection: sw-center.st.com
2024-06-30 11:30:00,054 [ERROR] ConfigurationRetriever:142 - IOException on connection: sw-center.st.com
2024-06-30 11:30:00,054 [ERROR] ConfigurationRetriever:142 - IOException on connection: sw-center.st.com
2024-06-30 11:30:00,718 [ERROR] ConfigurationRetriever:142 - IOException on connection: sw-center.st.com
2024-06-30 11:30:00,718 [ERROR] ConfigurationRetriever:142 - IOException on connection: sw-center.st.com
2024-06-30 11:30:00,719 [ERROR] ConfigurationRetriever:142 - IOException on connection: sw-center.st.com
2024-06-30 11:32:26,012 [ERROR] ConfigurationRetriever:142 - IOException on connection: sw-center.st.com
2024-06-30 11:32:26,012 [ERROR] ConfigurationRetriever:142 - IOException on connection: sw-center.st.com
2024-06-30 11:32:26,013 [ERROR] ConfigurationRetriever:142 - IOException on connection: sw-center.st.com
2024-06-30 11:32:26,699 [ERROR] ConfigurationRetriever:142 - IOException on connection: sw-center.st.com
2024-06-30 11:32:26,699 [ERROR] ConfigurationRetriever:142 - IOException on connection: sw-center.st.com
2024-06-30 11:32:26,699 [ERROR] ConfigurationRetriever:142 - IOException on connection: sw-center.st.com
2024-06-30 11:33:42,411 [ERROR] ConfigurationRetriever:142 - IOException on connection: sw-center.st.com
2024-06-30 11:33:42,411 [ERROR] ConfigurationRetriever:142 - IOException on connection: sw-center.st.com
2024-06-30 11:33:42,412 [ERROR] ConfigurationRetriever:142 - IOException on connection: sw-center.st.com
2024-06-30 11:33:43,055 [ERROR] ConfigurationRetriever:142 - IOException on connection: sw-center.st.com
2024-06-30 11:33:43,055 [ERROR] ConfigurationRetriever:142 - IOException on connection: sw-center.st.com
2024-06-30 11:33:43,056 [ERROR] ConfigurationRetriever:142 - IOException on connection: sw-center.st.com
2024-06-30 16:51:45,144 [ERROR] ConfigurationRetriever:142 - IOException on connection: sw-center.st.com
2024-06-30 16:51:45,145 [ERROR] ConfigurationRetriever:142 - IOException on connection: sw-center.st.com
2024-06-30 16:51:45,145 [ERROR] ConfigurationRetriever:142 - IOException on connection: sw-center.st.com
2024-06-30 16:51:46,031 [ERROR] ConfigurationRetriever:142 - IOException on connection: sw-center.st.com
2024-06-30 16:51:46,031 [ERROR] ConfigurationRetriever:142 - IOException on connection: sw-center.st.com
2024-06-30 16:51:46,031 [ERROR] ConfigurationRetriever:142 - IOException on connection: sw-center.st.com
2024-06-30 17:05:06,665 [ERROR] ConfigurationRetriever:142 - IOException on connection: sw-center.st.com
2024-06-30 17:05:06,665 [ERROR] ConfigurationRetriever:142 - IOException on connection: sw-center.st.com
2024-06-30 17:05:06,666 [ERROR] ConfigurationRetriever:142 - IOException on connection: sw-center.st.com
2024-06-30 17:05:07,241 [ERROR] ConfigurationRetriever:142 - IOException on connection: sw-center.st.com
2024-06-30 17:05:07,242 [ERROR] ConfigurationRetriever:142 - IOException on connection: sw-center.st.com
2024-06-30 17:05:07,242 [ERROR] ConfigurationRetriever:142 - IOException on connection: sw-center.st.com
2024-06-30 18:20:26,120 [ERROR] ConfigurationRetriever:142 - IOException on connection: sw-center.st.com
2024-06-30 18:20:26,121 [ERROR] ConfigurationRetriever:142 - IOException on connection: sw-center.st.com
2024-06-30 18:20:26,121 [ERROR] ConfigurationRetriever:142 - IOException on connection: sw-center.st.com
2024-06-30 18:20:26,771 [ERROR] ConfigurationRetriever:142 - IOException on connection: sw-center.st.com
2024-06-30 18:20:26,772 [ERROR] ConfigurationRetriever:142 - IOException on connection: sw-center.st.com
2024-06-30 18:20:26,772 [ERROR] ConfigurationRetriever:142 - IOException on connection: sw-center.st.com
2024-06-30 18:21:37,502 [ERROR] ConfigurationRetriever:142 - IOException on connection: sw-center.st.com
2024-06-30 18:21:37,502 [ERROR] ConfigurationRetriever:142 - IOException on connection: sw-center.st.com
2024-06-30 18:21:37,502 [ERROR] ConfigurationRetriever:142 - IOException on connection: sw-center.st.com
2024-06-30 18:21:38,137 [ERROR] ConfigurationRetriever:142 - IOException on connection: sw-center.st.com
2024-06-30 18:21:38,137 [ERROR] ConfigurationRetriever:142 - IOException on connection: sw-center.st.com
2024-06-30 18:21:38,138 [ERROR] ConfigurationRetriever:142 - IOException on connection: sw-center.st.com
2024-06-30 18:23:30,264 [ERROR] ConfigurationRetriever:142 - IOException on connection: sw-center.st.com
2024-06-30 18:23:30,265 [ERROR] ConfigurationRetriever:142 - IOException on connection: sw-center.st.com
2024-06-30 18:23:30,265 [ERROR] ConfigurationRetriever:142 - IOException on connection: sw-center.st.com
2024-06-30 18:23:30,990 [ERROR] ConfigurationRetriever:142 - IOException on connection: sw-center.st.com
2024-06-30 18:23:30,990 [ERROR] ConfigurationRetriever:142 - IOException on connection: sw-center.st.com
2024-06-30 18:23:30,990 [ERROR] ConfigurationRetriever:142 - IOException on connection: sw-center.st.com
2024-06-30 18:24:32,973 [ERROR] ConfigurationRetriever:142 - IOException on connection: sw-center.st.com
2024-06-30 18:24:32,973 [ERROR] ConfigurationRetriever:142 - IOException on connection: sw-center.st.com
2024-06-30 18:24:32,974 [ERROR] ConfigurationRetriever:142 - IOException on connection: sw-center.st.com
2024-06-30 18:24:33,690 [ERROR] ConfigurationRetriever:142 - IOException on connection: sw-center.st.com
2024-06-30 18:24:33,690 [ERROR] ConfigurationRetriever:142 - IOException on connection: sw-center.st.com
2024-06-30 18:24:33,691 [ERROR] ConfigurationRetriever:142 - IOException on connection: sw-center.st.com
2024-06-30 18:30:09,937 [ERROR] ConfigurationRetriever:142 - IOException on connection: sw-center.st.com
2024-06-30 18:30:09,938 [ERROR] ConfigurationRetriever:142 - IOException on connection: sw-center.st.com
2024-06-30 18:30:09,938 [ERROR] ConfigurationRetriever:142 - IOException on connection: sw-center.st.com
2024-06-30 18:30:10,713 [ERROR] ConfigurationRetriever:142 - IOException on connection: sw-center.st.com
2024-06-30 18:30:10,714 [ERROR] ConfigurationRetriever:142 - IOException on connection: sw-center.st.com
2024-06-30 18:30:10,714 [ERROR] ConfigurationRetriever:142 - IOException on connection: sw-center.st.com
2024-06-30 18:36:29,742 [ERROR] ConfigurationRetriever:142 - IOException on connection: sw-center.st.com
2024-06-30 18:36:29,742 [ERROR] ConfigurationRetriever:142 - IOException on connection: sw-center.st.com
2024-06-30 18:36:29,742 [ERROR] ConfigurationRetriever:142 - IOException on connection: sw-center.st.com
2024-06-30 18:36:30,304 [ERROR] ConfigurationRetriever:142 - IOException on connection: sw-center.st.com
2024-06-30 18:36:30,305 [ERROR] ConfigurationRetriever:142 - IOException on connection: sw-center.st.com
2024-06-30 18:36:30,305 [ERROR] ConfigurationRetriever:142 - IOException on connection: sw-center.st.com
2024-06-30 18:39:31,362 [ERROR] ConfigurationRetriever:142 - IOException on connection: sw-center.st.com
2024-06-30 18:39:31,362 [ERROR] ConfigurationRetriever:142 - IOException on connection: sw-center.st.com
2024-06-30 18:39:31,363 [ERROR] ConfigurationRetriever:142 - IOException on connection: sw-center.st.com
2024-06-30 18:39:31,975 [ERROR] ConfigurationRetriever:142 - IOException on connection: sw-center.st.com
2024-06-30 18:39:31,975 [ERROR] ConfigurationRetriever:142 - IOException on connection: sw-center.st.com
2024-06-30 18:39:31,975 [ERROR] ConfigurationRetriever:142 - IOException on connection: sw-center.st.com
2024-06-30 18:40:02,073 [ERROR] ConfigurationRetriever:142 - IOException on connection: sw-center.st.com
2024-06-30 18:40:02,073 [ERROR] ConfigurationRetriever:142 - IOException on connection: sw-center.st.com
2024-06-30 18:40:02,074 [ERROR] ConfigurationRetriever:142 - IOException on connection: sw-center.st.com
2024-06-30 18:45:37,264 [ERROR] ConfigurationRetriever:142 - IOException on connection: sw-center.st.com
2024-06-30 18:45:37,264 [ERROR] ConfigurationRetriever:142 - IOException on connection: sw-center.st.com
2024-06-30 18:45:37,264 [ERROR] ConfigurationRetriever:142 - IOException on connection: sw-center.st.com
2024-06-30 18:45:37,960 [ERROR] ConfigurationRetriever:142 - IOException on connection: sw-center.st.com
2024-06-30 18:45:37,960 [ERROR] ConfigurationRetriever:142 - IOException on connection: sw-center.st.com
2024-06-30 18:45:37,961 [ERROR] ConfigurationRetriever:142 - IOException on connection: sw-center.st.com
2024-06-30 23:38:53,405 [ERROR] ConfigurationRetriever:142 - IOException on connection: sw-center.st.com
2024-06-30 23:38:53,406 [ERROR] ConfigurationRetriever:142 - IOException on connection: sw-center.st.com
2024-06-30 23:38:53,406 [ERROR] ConfigurationRetriever:142 - IOException on connection: sw-center.st.com
2024-06-30 23:38:53,967 [ERROR] LogOutputStream:75 - [STDERR_REDIRECT] 
