2024-06-26 09:45:30,900 [INFO] Activator:176 - 


2024-06-26 09:45:30,909 [INFO] Activator:177 - !SESSION log4j initialized
2024-06-26 09:45:36,015 [INFO] LogOutputStream:77 - [STDOUT_REDIRECT] 
2024-06-26 09:45:41,320 [ERROR] ConfigurationRetriever:142 - IOException on connection: sw-center.st.com
2024-06-26 09:45:41,321 [ERROR] ConfigurationRetriever:142 - IOException on connection: sw-center.st.com
2024-06-26 09:45:41,322 [ERROR] ConfigurationRetriever:142 - IOException on connection: sw-center.st.com
2024-06-26 09:45:43,552 [INFO] ApplicationProperties:184 - Using Application install path: C:\my_workspace\my_software\stm32cubeide\STM32CubeIDE_1.14.1\STM32CubeIDE\plugins\com.st.stm32cube.common.mx_6.10.0.202311202037
2024-06-26 09:45:43,574 [INFO] DbMcusXml:78 - Set database path to: C:\my_workspace\my_software\stm32cubeide\STM32CubeIDE_1.14.1\STM32CubeIDE\plugins\com.st.stm32cube.common.mx_6.10.0.202311202037\\db\/mcu/
2024-06-26 09:45:43,574 [INFO] ApiDb:274 - Set plugin database path to: C:\my_workspace\my_software\stm32cubeide\STM32CubeIDE_1.14.1\STM32CubeIDE\plugins\com.st.stm32cube.common.mx_6.10.0.202311202037\\db\/plugins/boardmanager/
2024-06-26 09:45:43,575 [WARN] ApiDb:259 - Overriding images path with different value:  => C:\my_workspace\my_software\stm32cubeide\STM32CubeIDE_1.14.1\STM32CubeIDE\plugins\com.st.stm32cube.common.mx_6.10.0.202311202037\\db\/plugins/mcufinder/images/
2024-06-26 09:45:43,597 [INFO] ApiDb:250 - Set database path to: C:\Users\ECA1WX\.stmcufinder\plugins\mcufinder//mcu/
2024-06-26 09:45:43,598 [INFO] DbMcusAds:125 - Set database path to: C:\Users\ECA1WX\.stmcufinder\plugins\mcufinder//mcu/
2024-06-26 09:45:43,600 [INFO] CrossReferenceDbSqlite:203 - Set database path to: C:\Users\ECA1WX\.stmcufinder\plugins\mcufinder//mcu/cs/
2024-06-26 09:45:43,707 [INFO] RulesReader:64 - Compatibility file has been processed (297 Rules)
2024-06-26 09:45:43,813 [INFO] DbMcusXml:78 - Set database path to: C:\my_workspace\my_software\stm32cubeide\STM32CubeIDE_1.14.1\STM32CubeIDE\plugins\com.st.stm32cube.common.mx_6.10.0.202311202037\\db\/mcu/
2024-06-26 09:45:43,814 [INFO] ApiDb:274 - Set plugin database path to: C:\my_workspace\my_software\stm32cubeide\STM32CubeIDE_1.14.1\STM32CubeIDE\plugins\com.st.stm32cube.common.mx_6.10.0.202311202037\\db\/plugins/boardmanager/
2024-06-26 09:45:43,814 [INFO] ApiDb:261 - Set plugin images path to: C:\my_workspace\my_software\stm32cubeide\STM32CubeIDE_1.14.1\STM32CubeIDE\plugins\com.st.stm32cube.common.mx_6.10.0.202311202037\\db\/plugins/mcufinder/images/
2024-06-26 09:45:43,814 [WARN] DbFile:41 - Overriding database path with different value: C:\Users\ECA1WX\.stmcufinder\plugins\mcufinder/ => C:\Users\ECA1WX\.stmcufinder\plugins\mcufinder
2024-06-26 09:45:43,814 [INFO] ApiDb:250 - Set database path to: C:\Users\ECA1WX\.stmcufinder\plugins\mcufinder//mcu/
2024-06-26 09:45:43,814 [WARN] DbFile:41 - Overriding database path with different value: C:\Users\ECA1WX\.stmcufinder\plugins\mcufinder/ => C:\Users\ECA1WX\.stmcufinder\plugins\mcufinder
2024-06-26 09:45:43,814 [INFO] DbMcusAds:125 - Set database path to: C:\Users\ECA1WX\.stmcufinder\plugins\mcufinder//mcu/
2024-06-26 09:45:43,814 [WARN] DbFile:41 - Overriding database path with different value: C:\Users\ECA1WX\.stmcufinder\plugins\mcufinder/ => C:\Users\ECA1WX\.stmcufinder\plugins\mcufinder
2024-06-26 09:45:43,815 [WARN] DbFile:41 - Overriding database path with different value: C:\Users\ECA1WX\.stmcufinder\plugins\mcufinder/ => C:\Users\ECA1WX\.stmcufinder\plugins\mcufinder
2024-06-26 09:45:43,815 [INFO] CrossReferenceDbSqlite:203 - Set database path to: C:\Users\ECA1WX\.stmcufinder\plugins\mcufinder//mcu/cs/
2024-06-26 09:45:43,909 [INFO] MainPanel:264 - HeapMemory: 268435456
2024-06-26 09:45:44,015 [INFO] DbMcusXml:78 - Set database path to: C:\my_workspace\my_software\stm32cubeide\STM32CubeIDE_1.14.1\STM32CubeIDE\plugins\com.st.stm32cube.common.mx_6.10.0.202311202037\\db\/mcu/
2024-06-26 09:45:44,015 [INFO] ApiDb:274 - Set plugin database path to: C:\my_workspace\my_software\stm32cubeide\STM32CubeIDE_1.14.1\STM32CubeIDE\plugins\com.st.stm32cube.common.mx_6.10.0.202311202037\\db\/plugins/boardmanager/
2024-06-26 09:45:44,015 [INFO] ApiDb:261 - Set plugin images path to: C:\my_workspace\my_software\stm32cubeide\STM32CubeIDE_1.14.1\STM32CubeIDE\plugins\com.st.stm32cube.common.mx_6.10.0.202311202037\\db\/plugins/mcufinder/images/
2024-06-26 09:45:44,016 [WARN] DbFile:41 - Overriding database path with different value: C:\Users\ECA1WX\.stmcufinder\plugins\mcufinder/ => C:\Users\ECA1WX\.stmcufinder\plugins\mcufinder
2024-06-26 09:45:44,016 [INFO] ApiDb:250 - Set database path to: C:\Users\ECA1WX\.stmcufinder\plugins\mcufinder//mcu/
2024-06-26 09:45:44,017 [WARN] DbFile:41 - Overriding database path with different value: C:\Users\ECA1WX\.stmcufinder\plugins\mcufinder/ => C:\Users\ECA1WX\.stmcufinder\plugins\mcufinder
2024-06-26 09:45:44,017 [INFO] DbMcusAds:125 - Set database path to: C:\Users\ECA1WX\.stmcufinder\plugins\mcufinder//mcu/
2024-06-26 09:45:44,017 [WARN] DbFile:41 - Overriding database path with different value: C:\Users\ECA1WX\.stmcufinder\plugins\mcufinder/ => C:\Users\ECA1WX\.stmcufinder\plugins\mcufinder
2024-06-26 09:45:44,017 [WARN] DbFile:41 - Overriding database path with different value: C:\Users\ECA1WX\.stmcufinder\plugins\mcufinder/ => C:\Users\ECA1WX\.stmcufinder\plugins\mcufinder
2024-06-26 09:45:44,017 [INFO] CrossReferenceDbSqlite:203 - Set database path to: C:\Users\ECA1WX\.stmcufinder\plugins\mcufinder//mcu/cs/
2024-06-26 09:45:44,043 [INFO] ApplicationProperties:184 - Using Application install path: C:\my_workspace\my_software\stm32cubeide\STM32CubeIDE_1.14.1\STM32CubeIDE\plugins\com.st.stm32cube.common.mx_6.10.0.202311202037
2024-06-26 09:45:44,045 [INFO] PluginManage:196 - Search for loadable plugins [exclusion list=, ]
2024-06-26 09:45:44,046 [INFO] PluginManage:310 - Check plugin analytics
2024-06-26 09:45:48,765 [INFO] AnalyticsPlugin:253 - Accepted Software Licenses: 
2024-06-26 09:45:48,765 [INFO] AnalyticsPlugin:255 - Accepted CMSIS Pack Licenses: 
2024-06-26 09:45:48,765 [INFO] AnalyticsPlugin:257 - Accepted Firmware Licenses: FW.F7.1.17.0
2024-06-26 09:45:48,768 [ERROR] ConfigurationRetriever:142 - IOException on connection: sw-center.st.com
2024-06-26 09:45:48,768 [INFO] PluginManage:359 - Loaded plugin analytics (category:tool,tabindex:-1)
2024-06-26 09:45:48,768 [INFO] PluginManage:310 - Check plugin cadmodel
2024-06-26 09:45:48,768 [ERROR] ConfigurationRetriever:142 - IOException on connection: sw-center.st.com
2024-06-26 09:45:48,769 [ERROR] ConfigurationRetriever:142 - IOException on connection: sw-center.st.com
2024-06-26 09:45:48,802 [INFO] CADModel:105 - Init CAD model plugin
2024-06-26 09:45:48,802 [INFO] PluginManage:359 - Loaded plugin cadmodel (category:power,tabindex:5)
2024-06-26 09:45:48,803 [INFO] PluginManage:310 - Check plugin clock
2024-06-26 09:45:48,826 [INFO] PluginManage:359 - Loaded plugin clock (category:base,tabindex:2)
2024-06-26 09:45:48,827 [INFO] PluginManage:310 - Check plugin ddr
2024-06-26 09:45:48,829 [INFO] PluginManage:359 - Loaded plugin ddr (category:tool,tabindex:6)
2024-06-26 09:45:48,829 [INFO] PluginManage:310 - Check plugin filemanager
2024-06-26 09:45:48,964 [INFO] PluginManage:359 - Loaded plugin filemanager (category:base,tabindex:10)
2024-06-26 09:45:48,965 [INFO] PluginManage:310 - Check plugin ipmanager
2024-06-26 09:45:48,975 [INFO] PluginManage:359 - Loaded plugin ipmanager (category:base,tabindex:5)
2024-06-26 09:45:48,976 [INFO] PluginManage:310 - Check plugin lpbam
2024-06-26 09:45:48,991 [INFO] PluginManage:359 - Loaded plugin lpbam (category:base,tabindex:0)
2024-06-26 09:45:48,991 [INFO] PluginManage:310 - Check plugin memorymap
2024-06-26 09:45:49,012 [INFO] PluginManage:359 - Loaded plugin memorymap (category:base,tabindex:4)
2024-06-26 09:45:49,012 [INFO] PluginManage:310 - Check plugin pinoutandconfiguration
2024-06-26 09:45:49,029 [INFO] PluginManage:359 - Loaded plugin pinoutandconfiguration (category:base,tabindex:1)
2024-06-26 09:45:49,030 [INFO] PluginManage:310 - Check plugin pinoutconfig
2024-06-26 09:45:49,115 [WARN] SupportedApi:132 - Cannot load RTOS API schema: s4s-elt-must-match.1: The content of 'definitions' must match (annotation?, (simpleType | complexType)?, (unique | key | keyref)*)). A problem was found starting at: attribute.
2024-06-26 09:45:49,312 [INFO] PluginManage:359 - Loaded plugin pinoutconfig (category:base,tabindex:0)
2024-06-26 09:45:49,312 [INFO] PluginManage:310 - Check plugin power
2024-06-26 09:45:49,470 [INFO] PluginManage:359 - Loaded plugin power (category:power,tabindex:4)
2024-06-26 09:45:49,470 [INFO] PluginManage:310 - Check plugin projectmanager
2024-06-26 09:45:49,489 [INFO] PluginManage:359 - Loaded plugin projectmanager (category:projectmanager,tabindex:3)
2024-06-26 09:45:49,489 [INFO] PluginManage:310 - Check plugin thirdparty
2024-06-26 09:45:49,678 [INFO] PluginManage:359 - Loaded plugin thirdparty (category:base,tabindex:-1)
2024-06-26 09:45:49,678 [WARN] IntegrityCheckThread:84 - waiting for thirdparty lock release [integrity check]
2024-06-26 09:45:49,678 [INFO] PluginManage:310 - Check plugin tools
2024-06-26 09:45:49,678 [INFO] IntegrityCheckThread:86 - entering critical section [integrity check]
2024-06-26 09:45:49,678 [INFO] ThirdPartyUpdaterWithRetryManager:70 - Updater plugin not ready yet. [1/15]
2024-06-26 09:45:49,685 [INFO] PluginManage:359 - Loaded plugin tools (category:base,tabindex:7)
2024-06-26 09:45:49,685 [INFO] PluginManage:310 - Check plugin tutovideos
2024-06-26 09:45:49,856 [INFO] PluginManage:359 - Loaded plugin tutovideos (category:base,tabindex:-1)
2024-06-26 09:45:49,856 [INFO] PluginManage:310 - Check plugin updater
2024-06-26 09:45:49,865 [INFO] PluginManage:359 - Loaded plugin updater (category:base,tabindex:12)
2024-06-26 09:45:49,866 [INFO] PluginManage:310 - Check plugin userauth
2024-06-26 09:45:49,871 [INFO] UserAuth:114 - Init User Auth plugin
2024-06-26 09:45:49,871 [INFO] PluginManage:359 - Loaded plugin userauth (category:base,tabindex:14)
2024-06-26 09:45:49,872 [INFO] PluginManage:283 - PluginManage : Loaded plugins [17]
2024-06-26 09:45:50,156 [INFO] PinOutPanel:1499 - setPackage(No Configuration,No Configuration)
2024-06-26 09:45:50,247 [INFO] CADModel:165 - CPN selected for project level
2024-06-26 09:45:50,247 [INFO] CADModel:114 - Register for checkConnection events
2024-06-26 09:45:50,271 [INFO] IPUIPlugin:80 - create IPUIPlugin
2024-06-26 09:45:50,272 [INFO] PluginManager:220 - loadIPPluginJar : add adc
2024-06-26 09:45:50,280 [INFO] IPUIPlugin:80 - create IPUIPlugin
2024-06-26 09:45:50,280 [INFO] PluginManager:220 - loadIPPluginJar : add aes
2024-06-26 09:45:50,289 [INFO] IPUIPlugin:80 - create IPUIPlugin
2024-06-26 09:45:50,289 [INFO] PluginManager:220 - loadIPPluginJar : add can
2024-06-26 09:45:50,296 [INFO] IPUIPlugin:80 - create IPUIPlugin
2024-06-26 09:45:50,296 [INFO] PluginManager:220 - loadIPPluginJar : add comp
2024-06-26 09:45:50,306 [INFO] IPUIPlugin:80 - create IPUIPlugin
2024-06-26 09:45:50,306 [INFO] PluginManager:220 - loadIPPluginJar : add cryp
2024-06-26 09:45:50,313 [INFO] IPUIPlugin:80 - create IPUIPlugin
2024-06-26 09:45:50,313 [INFO] PluginManager:220 - loadIPPluginJar : add dfsdm
2024-06-26 09:45:50,324 [INFO] IPUIPlugin:80 - create IPUIPlugin
2024-06-26 09:45:50,325 [INFO] PluginManager:220 - loadIPPluginJar : add dma
2024-06-26 09:45:50,339 [INFO] IPUIPlugin:80 - create IPUIPlugin
2024-06-26 09:45:50,339 [INFO] PluginManager:220 - loadIPPluginJar : add dma3
2024-06-26 09:45:50,346 [INFO] IPUIPlugin:80 - create IPUIPlugin
2024-06-26 09:45:50,346 [INFO] PluginManager:220 - loadIPPluginJar : add fatfs
2024-06-26 09:45:50,356 [INFO] IPUIPlugin:80 - create IPUIPlugin
2024-06-26 09:45:50,356 [INFO] PluginManager:220 - loadIPPluginJar : add fmc
2024-06-26 09:45:50,370 [INFO] IPUIPlugin:80 - create IPUIPlugin
2024-06-26 09:45:50,371 [INFO] PluginManager:220 - loadIPPluginJar : add freertos
2024-06-26 09:45:50,377 [INFO] IPUIPlugin:80 - create IPUIPlugin
2024-06-26 09:45:50,377 [INFO] PluginManager:220 - loadIPPluginJar : add genericplugin
2024-06-26 09:45:50,390 [INFO] IPUIPlugin:80 - create IPUIPlugin
2024-06-26 09:45:50,390 [INFO] PluginManager:220 - loadIPPluginJar : add gfxmmu
2024-06-26 09:45:50,399 [INFO] IPUIPlugin:80 - create IPUIPlugin
2024-06-26 09:45:50,399 [INFO] PluginManager:220 - loadIPPluginJar : add gic
2024-06-26 09:45:50,410 [INFO] IPUIPlugin:80 - create IPUIPlugin
2024-06-26 09:45:50,410 [INFO] PluginManager:220 - loadIPPluginJar : add gpio
2024-06-26 09:45:50,420 [INFO] IPUIPlugin:80 - create IPUIPlugin
2024-06-26 09:45:50,420 [INFO] PluginManager:220 - loadIPPluginJar : add gtzc
2024-06-26 09:45:50,428 [INFO] IPUIPlugin:80 - create IPUIPlugin
2024-06-26 09:45:50,428 [INFO] PluginManager:220 - loadIPPluginJar : add hash
2024-06-26 09:45:50,436 [INFO] IPUIPlugin:80 - create IPUIPlugin
2024-06-26 09:45:50,436 [INFO] PluginManager:220 - loadIPPluginJar : add i2c
2024-06-26 09:45:50,444 [INFO] IPUIPlugin:80 - create IPUIPlugin
2024-06-26 09:45:50,444 [INFO] PluginManager:220 - loadIPPluginJar : add i2s
2024-06-26 09:45:50,453 [INFO] IPUIPlugin:80 - create IPUIPlugin
2024-06-26 09:45:50,453 [INFO] PluginManager:220 - loadIPPluginJar : add i3c
2024-06-26 09:45:50,463 [INFO] IPUIPlugin:80 - create IPUIPlugin
2024-06-26 09:45:50,463 [INFO] PluginManager:220 - loadIPPluginJar : add ipddr
2024-06-26 09:45:50,478 [INFO] IPUIPlugin:80 - create IPUIPlugin
2024-06-26 09:45:50,478 [INFO] PluginManager:220 - loadIPPluginJar : add linkedlist
2024-06-26 09:45:50,487 [INFO] IPUIPlugin:80 - create IPUIPlugin
2024-06-26 09:45:50,487 [INFO] PluginManager:220 - loadIPPluginJar : add lorawan
2024-06-26 09:45:50,494 [INFO] IPUIPlugin:80 - create IPUIPlugin
2024-06-26 09:45:50,495 [INFO] PluginManager:220 - loadIPPluginJar : add ltdc
2024-06-26 09:45:50,508 [INFO] IPUIPlugin:80 - create IPUIPlugin
2024-06-26 09:45:50,509 [INFO] PluginManager:220 - loadIPPluginJar : add mdma
2024-06-26 09:45:50,519 [INFO] IPUIPlugin:80 - create IPUIPlugin
2024-06-26 09:45:50,519 [INFO] PluginManager:220 - loadIPPluginJar : add nvic
2024-06-26 09:45:50,527 [INFO] IPUIPlugin:80 - create IPUIPlugin
2024-06-26 09:45:50,527 [INFO] PluginManager:220 - loadIPPluginJar : add opamp
2024-06-26 09:45:50,536 [INFO] IPUIPlugin:80 - create IPUIPlugin
2024-06-26 09:45:50,536 [INFO] PluginManager:220 - loadIPPluginJar : add openamp
2024-06-26 09:45:50,544 [INFO] IPUIPlugin:80 - create IPUIPlugin
2024-06-26 09:45:50,544 [INFO] PluginManager:220 - loadIPPluginJar : add pdm2pcm
2024-06-26 09:45:50,557 [INFO] IPUIPlugin:80 - create IPUIPlugin
2024-06-26 09:45:50,560 [INFO] PluginManager:220 - loadIPPluginJar : add plateformsettings
2024-06-26 09:45:50,565 [INFO] IPUIPlugin:80 - create IPUIPlugin
2024-06-26 09:45:50,565 [INFO] PluginManager:220 - loadIPPluginJar : add quadspi
2024-06-26 09:45:50,579 [INFO] IPUIPlugin:80 - create IPUIPlugin
2024-06-26 09:45:50,579 [INFO] PluginManager:220 - loadIPPluginJar : add resmgrutility
2024-06-26 09:45:50,586 [INFO] IPUIPlugin:80 - create IPUIPlugin
2024-06-26 09:45:50,586 [INFO] PluginManager:220 - loadIPPluginJar : add sai
2024-06-26 09:45:50,594 [INFO] IPUIPlugin:80 - create IPUIPlugin
2024-06-26 09:45:50,594 [INFO] PluginManager:220 - loadIPPluginJar : add spi
2024-06-26 09:45:50,606 [INFO] IPUIPlugin:80 - create IPUIPlugin
2024-06-26 09:45:50,606 [INFO] PluginManager:220 - loadIPPluginJar : add stm32_wpan
2024-06-26 09:45:50,615 [INFO] IPUIPlugin:80 - create IPUIPlugin
2024-06-26 09:45:50,616 [INFO] PluginManager:220 - loadIPPluginJar : add tim
2024-06-26 09:45:50,626 [INFO] IPUIPlugin:80 - create IPUIPlugin
2024-06-26 09:45:50,626 [INFO] PluginManager:220 - loadIPPluginJar : add touchsensing
2024-06-26 09:45:50,634 [INFO] IPUIPlugin:80 - create IPUIPlugin
2024-06-26 09:45:50,634 [INFO] PluginManager:220 - loadIPPluginJar : add tracer_emb
2024-06-26 09:45:50,641 [INFO] IPUIPlugin:80 - create IPUIPlugin
2024-06-26 09:45:50,641 [INFO] PluginManager:220 - loadIPPluginJar : add ts
2024-06-26 09:45:50,651 [INFO] IPUIPlugin:80 - create IPUIPlugin
2024-06-26 09:45:50,652 [INFO] PluginManager:220 - loadIPPluginJar : add tsc
2024-06-26 09:45:50,660 [INFO] IPUIPlugin:80 - create IPUIPlugin
2024-06-26 09:45:50,660 [INFO] PluginManager:220 - loadIPPluginJar : add ucpd
2024-06-26 09:45:50,668 [INFO] IPUIPlugin:80 - create IPUIPlugin
2024-06-26 09:45:50,669 [INFO] PluginManager:220 - loadIPPluginJar : add usart
2024-06-26 09:45:50,679 [INFO] IPUIPlugin:80 - create IPUIPlugin
2024-06-26 09:45:50,679 [INFO] PluginManager:220 - loadIPPluginJar : add usbx
2024-06-26 09:45:50,834 [INFO] CADModel:165 - CPN selected for project level
2024-06-26 09:45:50,834 [INFO] CADModel:114 - Register for checkConnection events
2024-06-26 09:45:50,834 [FATAL] Updater:308 - Updater called before beeing initialized
2024-06-26 09:45:50,835 [ERROR] CADModel:125 - Updater not yet initialized, retry later 
2024-06-26 09:45:51,031 [INFO] CADModel:165 - CPN selected for project level
2024-06-26 09:45:51,031 [INFO] CADModel:114 - Register for checkConnection events
2024-06-26 09:45:51,032 [FATAL] Updater:308 - Updater called before beeing initialized
2024-06-26 09:45:51,032 [ERROR] CADModel:125 - Updater not yet initialized, retry later 
2024-06-26 09:45:51,034 [FATAL] Updater:308 - Updater called before beeing initialized
2024-06-26 09:45:51,168 [FATAL] Updater:308 - Updater called before beeing initialized
2024-06-26 09:45:51,173 [INFO] DbMcusAds:53 - JSON generation date=Thu Sep 30 14:55:09 CST 2021 (1632984909247)
2024-06-26 09:45:51,173 [FATAL] Updater:308 - Updater called before beeing initialized
2024-06-26 09:45:51,235 [WARN] DetailPanel:346 - Failed to get advertising image, set to default
2024-06-26 09:45:51,314 [FATAL] Updater:308 - Updater called before beeing initialized
2024-06-26 09:45:51,317 [FATAL] Updater:308 - Updater called before beeing initialized
2024-06-26 09:45:51,317 [FATAL] Updater:308 - Updater called before beeing initialized
2024-06-26 09:45:51,317 [WARN] DetailPanel:346 - Failed to get advertising image, set to default
2024-06-26 09:45:51,318 [FATAL] Updater:308 - Updater called before beeing initialized
2024-06-26 09:45:51,367 [ERROR] Updater:1120 - MainUpdater not yet initialized. External WinMGr cannot be set.
2024-06-26 09:45:51,372 [INFO] Updater:1056 - Updater Version found : 6.10.0
2024-06-26 09:45:51,388 [INFO] ApplicationProperties:184 - Using Application install path: C:\my_workspace\my_software\stm32cubeide\STM32CubeIDE_1.14.1\STM32CubeIDE\plugins\com.st.stm32cube.common.mx_6.10.0.202311202037
2024-06-26 09:45:52,679 [INFO] ThirdPartyUpdaterWithRetryManager:70 - Updater plugin not ready yet. [2/15]
2024-06-26 09:45:52,979 [ERROR] LogOutputStream:75 - [STDERR_REDIRECT] Jun 26, 2024 9:45:52 AM java.util.prefs.WindowsPreferences <init>
2024-06-26 09:45:52,980 [ERROR] LogOutputStream:75 - [STDERR_REDIRECT] WARNING: Could not open/create prefs root node Software\JavaSoft\Prefs at root 0xffffffff80000002. Windows RegCreateKeyEx(...) returned error code 5.
2024-06-26 09:45:52,980 [ERROR] LogOutputStream:75 - [STDERR_REDIRECT] 
2024-06-26 09:45:53,264 [INFO] MainUpdater:2873 - connection check result : 22
2024-06-26 09:45:53,265 [INFO] MainUpdater:290 - Updater Check For Update Now.
2024-06-26 09:45:53,265 [INFO] MicroXplorer:498 - Change Database Version : DB.6.0.100
2024-06-26 09:45:53,271 [INFO] McuFinderGlobals:63 - Set McuFinder mode to 2 (CubeIDE integrated)
2024-06-26 09:45:53,271 [INFO] UserAuth:180 - activating auth plugin
2024-06-26 09:45:53,287 [INFO] UserAuth:404 - Internet connection configuration mode: 2
2024-06-26 09:45:53,342 [INFO] UserAuth:404 - Internet connection configuration mode: 2
2024-06-26 09:45:53,505 [INFO] CheckServerUpdateThread:120 - End of CheckServer Thread
2024-06-26 09:45:56,027 [WARN] PackLoader:240 - Cannot read IP mode file for STMicroelectronics.FP-SNS-MOTENVWB1.1.4.0
2024-06-26 09:45:56,041 [WARN] PackLoader:240 - Cannot read IP mode file for STMicroelectronics.X-CUBE-SMBUS.2.1.0
2024-06-26 09:45:56,048 [WARN] PackLoader:240 - Cannot read IP mode file for STMicroelectronics.X-CUBE-TOUCHGFX.4.23.1
2024-06-26 09:45:56,052 [WARN] PackLoader:240 - Cannot read IP mode file for STMicroelectronics.X-CUBE-TOUCHGFX.4.23.0
2024-06-26 09:45:56,055 [WARN] PackLoader:240 - Cannot read IP mode file for STMicroelectronics.X-CUBE-TOUCHGFX.4.23.2
2024-06-26 09:45:56,107 [WARN] PackLoader:240 - Cannot read IP mode file for STMicroelectronics.X-CUBE-AZRTOS-F7.1.1.0
2024-06-26 09:45:56,125 [WARN] PackLoader:240 - Cannot read IP mode file for STMicroelectronics.FP-SNS-MOTENV1.4.3.2
2024-06-26 09:45:56,137 [WARN] PackLoader:240 - Cannot read IP mode file for STMicroelectronics.FP-SNS-FLIGHT1.5.0.2
2024-06-26 09:45:56,150 [WARN] PackLoader:240 - Cannot read IP mode file for STMicroelectronics.X-CUBE-DISPLAY.3.0.0
2024-06-26 09:45:56,168 [WARN] PackLoader:240 - Cannot read IP mode file for STMicroelectronics.X-CUBE-BLE1.7.0.0
2024-06-26 09:45:56,177 [WARN] PackLoader:240 - Cannot read IP mode file for emotas.I-CUBE-CANOPEN.1.3.0
2024-06-26 09:45:56,185 [WARN] PackLoader:240 - Cannot read IP mode file for STMicroelectronics.FP-SNS-SMARTAG2.1.2.0
2024-06-26 09:45:56,201 [INFO] LogOutputStream:77 - [STDOUT_REDIRECT] 1 : Invalid condition id : UX_CORESTACK_Condition cause : null
2024-06-26 09:45:56,202 [INFO] LogOutputStream:77 - [STDOUT_REDIRECT] 1 : Invalid condition id : UX_CORESTACK_Condition cause : null
2024-06-26 09:45:56,202 [INFO] LogOutputStream:77 - [STDOUT_REDIRECT] 1 : Invalid condition id : UX_CORESTACK_Condition cause : null
2024-06-26 09:45:56,203 [INFO] LogOutputStream:77 - [STDOUT_REDIRECT] 1 : Invalid condition id : UX_CORESTACK_Condition cause : null
2024-06-26 09:45:56,204 [INFO] LogOutputStream:77 - [STDOUT_REDIRECT] 1 : Invalid condition id : UX_CORESTACK_Condition cause : null
2024-06-26 09:45:56,207 [WARN] PackLoader:240 - Cannot read IP mode file for STMicroelectronics.X-CUBE-AZRTOS-WL.2.0.0
2024-06-26 09:45:56,214 [WARN] PackLoader:240 - Cannot read IP mode file for STMicroelectronics.FP-SNS-MOTENV1.5.0.0
2024-06-26 09:45:56,222 [WARN] PackLoader:240 - Cannot read IP mode file for wolfSSL.I-CUBE-wolfMQTT.1.19.0
2024-06-26 09:45:56,227 [WARN] PackLoader:240 - Cannot read IP mode file for STMicroelectronics.X-CUBE-BLE2.3.3.0
2024-06-26 09:45:56,235 [WARN] PackLoader:240 - Cannot read IP mode file for STMicroelectronics.X-CUBE-TCPP.4.1.0
2024-06-26 09:45:56,245 [WARN] PackLoader:240 - Cannot read IP mode file for STMicroelectronics.X-CUBE-ALGOBUILD.1.3.0
2024-06-26 09:45:56,264 [WARN] PackLoader:240 - Cannot read IP mode file for STMicroelectronics.X-CUBE-AZRTOS-G0.1.1.0
2024-06-26 09:45:56,278 [WARN] PackLoader:240 - Cannot read IP mode file for STMicroelectronics.X-CUBE-SAFEA1.1.2.2
2024-06-26 09:45:56,288 [WARN] PackLoader:240 - Cannot read IP mode file for STMicroelectronics.X-CUBE-NFC4.3.0.0
2024-06-26 09:45:56,305 [WARN] PackLoader:240 - Cannot read IP mode file for STMicroelectronics.FP-ATR-SIGFOX1.3.2.0
2024-06-26 09:45:56,390 [WARN] PackLoader:240 - Cannot read IP mode file for SEGGER.I-CUBE-embOS.1.3.1
2024-06-26 09:45:56,451 [WARN] PackLoader:240 - Cannot read IP mode file for STMicroelectronics.X-CUBE-ALGOBUILD.1.4.0
2024-06-26 09:45:56,461 [WARN] PackLoader:240 - Cannot read IP mode file for STMicroelectronics.X-CUBE-GNSS1.6.0.0
2024-06-26 09:45:56,482 [WARN] PackLoader:240 - Cannot read IP mode file for STMicroelectronics.X-CUBE-AZRTOS-F4.1.1.0
2024-06-26 09:45:56,492 [WARN] PackLoader:240 - Cannot read IP mode file for STMicroelectronics.X-CUBE-FREERTOS.1.2.0
2024-06-26 09:45:56,513 [WARN] PackLoader:240 - Cannot read IP mode file for STMicroelectronics.X-CUBE-AZRTOS-L5.2.0.0
2024-06-26 09:45:56,526 [WARN] PackLoader:240 - Cannot read IP mode file for STMicroelectronics.X-CUBE-NFC6.3.1.0
2024-06-26 09:45:56,537 [WARN] PackLoader:240 - Cannot read IP mode file for ITTIA_DB.I-CUBE-ITTIADB.8.8.0
2024-06-26 09:45:56,545 [WARN] PackLoader:240 - Cannot read IP mode file for STMicroelectronics.X-CUBE-AI.9.0.0
2024-06-26 09:45:56,554 [WARN] PackLoader:240 - Cannot read IP mode file for STMicroelectronics.X-CUBE-NFC7.1.0.1
2024-06-26 09:45:56,566 [WARN] PackLoader:240 - Cannot read IP mode file for STMicroelectronics.X-CUBE-NFC6.3.0.0
2024-06-26 09:45:56,573 [WARN] PackLoader:240 - Cannot read IP mode file for STMicroelectronics.X-CUBE-AI.8.1.0
2024-06-26 09:45:56,597 [WARN] ConditionMgr:438 - getConditionDescription Invalid condition id : LAN8742 Phy interface Condition cause : null
2024-06-26 09:45:56,598 [WARN] PackLoader:240 - Cannot read IP mode file for STMicroelectronics.X-CUBE-AZRTOS-L4.2.0.0
2024-06-26 09:45:56,600 [WARN] ConditionMgr:1039 - genDependencies : Invalid condition id : LAN8742 Phy interface Condition cause : null
2024-06-26 09:45:56,602 [WARN] ConditionMgr:1039 - genDependencies : Invalid condition id : LAN8742 Phy interface Condition cause : null
2024-06-26 09:45:56,602 [WARN] ConditionMgr:1039 - genDependencies : Invalid condition id : LAN8742 Phy interface Condition cause : null
2024-06-26 09:45:56,613 [WARN] PackLoader:240 - Cannot read IP mode file for STMicroelectronics.X-CUBE-SFXS2LP1.4.0.0
2024-06-26 09:45:56,630 [WARN] ConditionMgr:438 - getConditionDescription Invalid condition id : UX DEVICE CLASS RTOS Condition cause : null
2024-06-26 09:45:56,631 [WARN] ConditionMgr:438 - getConditionDescription Invalid condition id : UX DEVICE CLASS RTOS Condition cause : null
2024-06-26 09:45:56,634 [WARN] PackLoader:240 - Cannot read IP mode file for STMicroelectronics.X-CUBE-AZRTOS-WB.2.0.0
2024-06-26 09:45:56,635 [WARN] ConditionMgr:1039 - genDependencies : Invalid condition id : UX DEVICE CLASS RTOS Condition cause : null
2024-06-26 09:45:56,635 [WARN] ConditionMgr:1039 - genDependencies : Invalid condition id : UX DEVICE CLASS RTOS Condition cause : null
2024-06-26 09:45:56,636 [WARN] ConditionMgr:1039 - genDependencies : Invalid condition id : UX DEVICE CLASS RTOS Condition cause : null
2024-06-26 09:45:56,636 [WARN] ConditionMgr:1039 - genDependencies : Invalid condition id : UX DEVICE CLASS RTOS Condition cause : null
2024-06-26 09:45:56,637 [WARN] ConditionMgr:1039 - genDependencies : Invalid condition id : UX DEVICE CLASS RTOS Condition cause : null
2024-06-26 09:45:56,649 [WARN] PackLoader:240 - Cannot read IP mode file for STMicroelectronics.X-CUBE-SUBG2.5.0.0
2024-06-26 09:45:56,663 [WARN] PackLoader:240 - Cannot read IP mode file for Cesanta.I-CUBE-Mongoose.7.13.0
2024-06-26 09:45:56,680 [WARN] PackLoader:240 - Cannot read IP mode file for STMicroelectronics.X-CUBE-AZRTOS-G4.2.0.0
2024-06-26 09:45:56,699 [WARN] PackLoader:240 - Cannot read IP mode file for Infineon.AIROC-Wi-Fi-Bluetooth-STM32.1.5.1
2024-06-26 09:45:56,709 [WARN] PackLoader:240 - Cannot read IP mode file for STMicroelectronics.FP-SNS-MOTENVWB1.1.3.1
2024-06-26 09:45:56,717 [WARN] PackLoader:240 - Cannot read IP mode file for STMicroelectronics.X-CUBE-ALS.1.0.2
2024-06-26 09:45:56,756 [WARN] PackLoader:240 - Cannot read IP mode file for STMicroelectronics.X-CUBE-MEMS1.10.0.0
2024-06-26 09:45:56,908 [WARN] PackLoader:240 - Cannot read IP mode file for STMicroelectronics.X-CUBE-FREERTOS.1.1.0
2024-06-26 09:45:56,913 [WARN] PackLoader:240 - Cannot read IP mode file for STMicroelectronics.X-CUBE-TOUCHGFX.4.24.0
2024-06-26 09:45:56,924 [WARN] PackLoader:240 - Cannot read IP mode file for portGmbH.I-Cube-SoM-uGOAL.1.1.0
2024-06-26 09:45:56,929 [WARN] PackLoader:240 - Cannot read IP mode file for STMicroelectronics.X-CUBE-ALS.1.0.1
2024-06-26 09:45:56,947 [WARN] PackLoader:240 - Cannot read IP mode file for STMicroelectronics.X-CUBE-AZRTOS-H7RS.1.0.0
2024-06-26 09:45:56,955 [WARN] PackLoader:240 - Cannot read IP mode file for STMicroelectronics.FP-ATR-ASTRA1.2.0.0
2024-06-26 09:45:56,956 [INFO] ThirdParty:978 - Integrity check success = true
2024-06-26 09:45:56,957 [INFO] IntegrityCheckThread:100 - exiting critical section [integrity check]
2024-06-26 09:45:56,957 [INFO] IntegrityCheckThread:103 - End integrity checks thread
2024-06-26 09:46:14,023 [ERROR] LogOutputStream:75 - [STDERR_REDIRECT] SLF4J: Failed to load class "org.slf4j.impl.StaticLoggerBinder".
2024-06-26 09:46:14,024 [ERROR] LogOutputStream:75 - [STDERR_REDIRECT] SLF4J: Defaulting to no-operation (NOP) logger implementation
2024-06-26 09:46:14,025 [ERROR] LogOutputStream:75 - [STDERR_REDIRECT] SLF4J: See http://www.slf4j.org/codes.html#StaticLoggerBinder for further details.
2024-06-26 09:46:23,304 [ERROR] ConfigurationRetriever:142 - IOException on connection: sw-center.st.com
2024-06-26 09:46:23,305 [ERROR] ConfigurationRetriever:142 - IOException on connection: sw-center.st.com
2024-06-26 09:46:23,305 [ERROR] ConfigurationRetriever:142 - IOException on connection: sw-center.st.com
2024-06-26 09:46:24,389 [ERROR] ConfigurationRetriever:142 - IOException on connection: sw-center.st.com
2024-06-26 09:46:24,390 [ERROR] ConfigurationRetriever:142 - IOException on connection: sw-center.st.com
2024-06-26 09:46:24,391 [ERROR] ConfigurationRetriever:142 - IOException on connection: sw-center.st.com
2024-06-26 09:48:11,395 [ERROR] ConfigurationRetriever:142 - IOException on connection: sw-center.st.com
2024-06-26 09:48:11,397 [ERROR] ConfigurationRetriever:142 - IOException on connection: sw-center.st.com
2024-06-26 09:48:11,397 [ERROR] ConfigurationRetriever:142 - IOException on connection: sw-center.st.com
2024-06-26 09:48:12,352 [ERROR] ConfigurationRetriever:142 - IOException on connection: sw-center.st.com
2024-06-26 09:48:12,353 [ERROR] ConfigurationRetriever:142 - IOException on connection: sw-center.st.com
2024-06-26 09:48:12,353 [ERROR] ConfigurationRetriever:142 - IOException on connection: sw-center.st.com
2024-06-26 09:49:11,426 [ERROR] ConfigurationRetriever:142 - IOException on connection: sw-center.st.com
2024-06-26 09:49:11,426 [ERROR] ConfigurationRetriever:142 - IOException on connection: sw-center.st.com
2024-06-26 09:49:11,427 [ERROR] ConfigurationRetriever:142 - IOException on connection: sw-center.st.com
2024-06-26 09:49:12,219 [ERROR] ConfigurationRetriever:142 - IOException on connection: sw-center.st.com
2024-06-26 09:49:12,219 [ERROR] ConfigurationRetriever:142 - IOException on connection: sw-center.st.com
2024-06-26 09:49:12,220 [ERROR] ConfigurationRetriever:142 - IOException on connection: sw-center.st.com
2024-06-26 10:03:53,309 [ERROR] ConfigurationRetriever:142 - IOException on connection: sw-center.st.com
2024-06-26 10:03:53,310 [ERROR] ConfigurationRetriever:142 - IOException on connection: sw-center.st.com
2024-06-26 10:03:53,310 [ERROR] ConfigurationRetriever:142 - IOException on connection: sw-center.st.com
2024-06-26 10:03:54,223 [ERROR] ConfigurationRetriever:142 - IOException on connection: sw-center.st.com
2024-06-26 10:03:54,223 [ERROR] ConfigurationRetriever:142 - IOException on connection: sw-center.st.com
2024-06-26 10:03:54,223 [ERROR] ConfigurationRetriever:142 - IOException on connection: sw-center.st.com
2024-06-26 10:09:55,547 [ERROR] ConfigurationRetriever:142 - IOException on connection: sw-center.st.com
2024-06-26 10:09:55,547 [ERROR] ConfigurationRetriever:142 - IOException on connection: sw-center.st.com
2024-06-26 10:09:55,548 [ERROR] ConfigurationRetriever:142 - IOException on connection: sw-center.st.com
2024-06-26 10:09:56,299 [ERROR] ConfigurationRetriever:142 - IOException on connection: sw-center.st.com
2024-06-26 10:09:56,299 [ERROR] ConfigurationRetriever:142 - IOException on connection: sw-center.st.com
2024-06-26 10:09:56,299 [ERROR] ConfigurationRetriever:142 - IOException on connection: sw-center.st.com
2024-06-26 10:39:41,368 [INFO] McuFinderGlobals:63 - Set McuFinder mode to 2 (CubeIDE integrated)
2024-06-26 10:39:41,414 [INFO] MainUpdater:2873 - connection check result : 22
2024-06-26 10:39:41,420 [INFO] MainUpdater:2873 - connection check result : 22
2024-06-26 10:39:44,822 [INFO] MainUpdater:2873 - connection check result : 22
2024-06-26 10:39:50,097 [INFO] MainUpdater:2873 - connection check result : 22
2024-06-26 10:39:51,038 [INFO] MicroXplorer:468 - Change Database Path : 
2024-06-26 10:39:51,038 [INFO] MicroXplorer:498 - Change Database Version : DB.6.0.100
2024-06-26 10:39:51,042 [WARN] ThirdParty:871 - waiting for thirdparty lock release [close project]
2024-06-26 10:39:51,042 [INFO] ThirdParty:873 - entering critical section [close project]
2024-06-26 10:39:51,050 [INFO] ThirdParty:883 - exiting critical section [close project]
2024-06-26 10:39:51,052 [INFO] PinOutPanel:1499 - setPackage(No Configuration,No Configuration)
2024-06-26 10:39:51,058 [INFO] UtilMem:75 - Begin LoadConfig() Used Memory: 639492360 Bytes (1073741824)
2024-06-26 10:39:51,058 [INFO] MicroXplorer:468 - Change Database Path : 
2024-06-26 10:39:51,059 [INFO] MicroXplorer:498 - Change Database Version : DB.6.0.100
2024-06-26 10:39:51,059 [INFO] OpenFileManager:312 - Change cursor
2024-06-26 10:39:51,125 [INFO] Mcu:2016 - Initializing MCU STM32F767I(G-I)Tx STM32F767IGTx STM32F767IGT6
2024-06-26 10:39:53,558 [INFO] Context:659 - Trying to add GPIOservice into a context  which must be forbidden
2024-06-26 10:39:54,365 [INFO] RtosManager:555 - Registered RTOS mode: class=CMSIS, group=RTOS, mode=CMSIS_V1, owner=FREERTOS
2024-06-26 10:39:54,365 [INFO] RtosManager:555 - Registered RTOS mode: class=CMSIS, group=RTOS2, mode=CMSIS_V2, owner=FREERTOS
2024-06-26 10:39:54,365 [INFO] RtosManager:555 - Registered RTOS mode: class=RTOS, group=Core, mode=CMSIS_V1, owner=FREERTOS
2024-06-26 10:39:54,365 [INFO] RtosManager:555 - Registered RTOS mode: class=RTOS, group=Core, mode=CMSIS_V2, owner=FREERTOS
2024-06-26 10:39:54,365 [WARN] ModelIntegratedComponent:184 - Missing modes for component STMicroelectronics:FreeRTOS:0.0.1:STMicroelectronics:RTOS:FreeRTOS:Core:::10.2.0:
2024-06-26 10:39:54,379 [WARN] ModelIntegratedComponent:63 - No mode defined for component null
2024-06-26 10:39:54,379 [WARN] ModelIntegratedComponent:63 - No mode defined for component null
2024-06-26 10:39:54,379 [WARN] ModelIntegratedComponent:63 - No mode defined for component null
2024-06-26 10:39:54,379 [WARN] ModelIntegratedComponent:63 - No mode defined for component null
2024-06-26 10:39:54,379 [WARN] ModelIntegratedComponent:63 - No mode defined for component null
2024-06-26 10:39:54,379 [WARN] ModelIntegratedComponent:63 - No mode defined for component null
2024-06-26 10:39:54,379 [WARN] ModelIntegratedComponent:63 - No mode defined for component null
2024-06-26 10:39:54,380 [WARN] ModelIntegratedComponent:63 - No mode defined for component null
2024-06-26 10:39:54,380 [WARN] ModelIntegratedComponent:63 - No mode defined for component null
2024-06-26 10:39:54,380 [WARN] ModelIntegratedComponent:63 - No mode defined for component null
2024-06-26 10:39:54,380 [WARN] ModelIntegratedComponent:63 - No mode defined for component null
2024-06-26 10:39:54,380 [WARN] ModelIntegratedComponent:63 - No mode defined for component null
2024-06-26 10:39:54,380 [WARN] ModelIntegratedComponent:63 - No mode defined for component null
2024-06-26 10:39:54,380 [WARN] ModelIntegratedComponent:63 - No mode defined for component null
2024-06-26 10:39:54,380 [WARN] ModelIntegratedComponent:63 - No mode defined for component null
2024-06-26 10:39:54,380 [WARN] ModelIntegratedComponent:63 - No mode defined for component null
2024-06-26 10:39:54,380 [WARN] ModelIntegratedComponent:63 - No mode defined for component null
2024-06-26 10:39:54,380 [WARN] ModelIntegratedComponent:63 - No mode defined for component null
2024-06-26 10:39:54,380 [WARN] ModelIntegratedComponent:63 - No mode defined for component null
2024-06-26 10:39:54,380 [WARN] ModelIntegratedComponent:63 - No mode defined for component null
2024-06-26 10:39:54,380 [WARN] ModelIntegratedComponent:63 - No mode defined for component null
2024-06-26 10:39:54,380 [WARN] ModelIntegratedComponent:63 - No mode defined for component null
2024-06-26 10:39:54,381 [WARN] ModelIntegratedComponent:63 - No mode defined for component null
2024-06-26 10:39:54,381 [WARN] ModelIntegratedComponent:63 - No mode defined for component null
2024-06-26 10:39:54,381 [WARN] ModelIntegratedComponent:63 - No mode defined for component null
2024-06-26 10:39:54,381 [WARN] ModelIntegratedComponent:63 - No mode defined for component null
2024-06-26 10:39:54,381 [WARN] ModelIntegratedComponent:63 - No mode defined for component null
2024-06-26 10:39:54,381 [WARN] ModelIntegratedComponent:63 - No mode defined for component null
2024-06-26 10:39:54,381 [WARN] ModelIntegratedComponent:63 - No mode defined for component null
2024-06-26 10:39:54,381 [WARN] ModelIntegratedComponent:63 - No mode defined for component null
2024-06-26 10:39:54,381 [WARN] ModelIntegratedComponent:63 - No mode defined for component null
2024-06-26 10:39:54,381 [WARN] ModelIntegratedComponent:63 - No mode defined for component null
2024-06-26 10:39:54,381 [WARN] ModelIntegratedComponent:63 - No mode defined for component null
2024-06-26 10:39:54,487 [INFO] ThirdPartyModel:298 - Start build external matchings
2024-06-26 10:39:54,649 [INFO] ThirdPartyModel:316 - End build external matchings
2024-06-26 10:39:54,660 [INFO] RtosManager:919 - Current active RTOS is FREERTOS [Cortex-M7NS]
2024-06-26 10:39:54,677 [INFO] ImportTextPane:194 - (OptionalMessage_ERROR) IP (DMA) : Parameter (Instance) has Id (USART1_TX) currently not set
2024-06-26 10:39:54,678 [INFO] ImportTextPane:194 - (OptionalMessage_ERROR) IP (DMA) : Parameter (Channel) has Id (USART1_TX) currently not set
2024-06-26 10:39:54,678 [INFO] ImportTextPane:194 - (OptionalMessage_ERROR) IP (DMA) : Parameter (Direction) has Id (USART1_TX) currently not set
2024-06-26 10:39:54,678 [INFO] ImportTextPane:194 - (OptionalMessage_ERROR) IP (DMA) : Parameter (PeriphInc) has Id (USART1_TX) currently not set
2024-06-26 10:39:54,678 [INFO] ImportTextPane:194 - (OptionalMessage_ERROR) IP (DMA) : Parameter (MemInc) has Id (USART1_TX) currently not set
2024-06-26 10:39:54,679 [INFO] ImportTextPane:194 - (OptionalMessage_ERROR) IP (DMA) : Parameter (PeriphDataAlignment) has Id (USART1_TX) currently not set
2024-06-26 10:39:54,679 [INFO] ImportTextPane:194 - (OptionalMessage_ERROR) IP (DMA) : Parameter (MemDataAlignment) has Id (USART1_TX) currently not set
2024-06-26 10:39:54,679 [INFO] ImportTextPane:194 - (OptionalMessage_ERROR) IP (DMA) : Parameter (Mode) has Id (USART1_TX) currently not set
2024-06-26 10:39:54,680 [INFO] ImportTextPane:194 - (OptionalMessage_ERROR) IP (DMA) : Parameter (Priority) has Id (USART1_TX) currently not set
2024-06-26 10:39:54,680 [INFO] ImportTextPane:194 - (OptionalMessage_ERROR) IP (DMA) : Parameter (FIFOMode) has Id (USART1_TX) currently not set
2024-06-26 10:39:54,680 [INFO] ImportTextPane:194 - (OptionalMessage_ERROR) IP (DMA) : Parameter (Instance) has Id (USART1_RX) currently not set
2024-06-26 10:39:54,680 [INFO] ImportTextPane:194 - (OptionalMessage_ERROR) IP (DMA) : Parameter (Channel) has Id (USART1_RX) currently not set
2024-06-26 10:39:54,680 [INFO] ImportTextPane:194 - (OptionalMessage_ERROR) IP (DMA) : Parameter (Direction) has Id (USART1_RX) currently not set
2024-06-26 10:39:54,680 [INFO] ImportTextPane:194 - (OptionalMessage_ERROR) IP (DMA) : Parameter (PeriphInc) has Id (USART1_RX) currently not set
2024-06-26 10:39:54,680 [INFO] ImportTextPane:194 - (OptionalMessage_ERROR) IP (DMA) : Parameter (MemInc) has Id (USART1_RX) currently not set
2024-06-26 10:39:54,680 [INFO] ImportTextPane:194 - (OptionalMessage_ERROR) IP (DMA) : Parameter (PeriphDataAlignment) has Id (USART1_RX) currently not set
2024-06-26 10:39:54,680 [INFO] ImportTextPane:194 - (OptionalMessage_ERROR) IP (DMA) : Parameter (MemDataAlignment) has Id (USART1_RX) currently not set
2024-06-26 10:39:54,680 [INFO] ImportTextPane:194 - (OptionalMessage_ERROR) IP (DMA) : Parameter (Mode) has Id (USART1_RX) currently not set
2024-06-26 10:39:54,680 [INFO] ImportTextPane:194 - (OptionalMessage_ERROR) IP (DMA) : Parameter (Priority) has Id (USART1_RX) currently not set
2024-06-26 10:39:54,680 [INFO] ImportTextPane:194 - (OptionalMessage_ERROR) IP (DMA) : Parameter (FIFOMode) has Id (USART1_RX) currently not set
2024-06-26 10:39:54,701 [WARN] IP:2119 - LWIP_NETIF_HOSTNAME not found: check if there is a RefParameter without a condition.
2024-06-26 10:39:54,732 [INFO] ImportTextPane:194 - (OptionalMessage_ERROR) IP (RCC) : Invalid parameter (FamilyName)
2024-06-26 10:39:54,733 [INFO] ImportTextPane:194 - (OptionalMessage_ERROR) IP (RCC) : Parameter (RNGFreq_Value) has invalid value (216000000)
2024-06-26 10:39:54,733 [INFO] ImportTextPane:194 - (OptionalMessage_ERROR) IP (RCC) : Parameter (SDMMC2Freq_Value) has invalid value (216000000)
2024-06-26 10:39:54,733 [INFO] ImportTextPane:194 - (OptionalMessage_ERROR) IP (RCC) : Parameter (SDMMCFreq_Value) has invalid value (216000000)
2024-06-26 10:39:54,733 [INFO] ImportTextPane:194 - (OptionalMessage_ERROR) IP (RCC) : Parameter (USBFreq_Value) has invalid value (216000000)
2024-06-26 10:39:55,440 [INFO] UtilMem:75 - End LoadConfig() Used Memory: 864922784 Bytes (1073741824)
2024-06-26 10:39:55,595 [INFO] ApiDb:581 - Connected to CubeFinder SQLite database (C:\Users\ECA1WX\.stmcufinder\plugins\mcufinder\mcu\cube-finder-db.db)
2024-06-26 10:39:55,682 [INFO] ApiDb:668 - CubeFinder database Data Model version=2.1
2024-06-26 10:39:55,682 [INFO] ApiDb:669 - CubeFinder database Configuration version=3.0.39
2024-06-26 10:39:55,683 [INFO] ApiDb:670 - CubeFinder database generation date=2023-11-06 (1699269565)
2024-06-26 10:39:55,684 [INFO] ApiDb:671 - CubeFinder database FW Pack versions=[FP-ATR-ASTRA1_V2.0.0, FP-SNS-FLIGHT1_V5.0.1, FP-SNS-FLIGHT1_V5.0.2, FP-SNS-MOTENV1_V4.3.1, FP-SNS-MOTENV1_V4.3.2, FP-SNS-MOTENVWB1_V1.3.0, FP-SNS-SMARTAG2_V1.2.0, STM32Cube_FW_C0_V1.1.0, STM32Cube_FW_F4_V1.28.0, STM32Cube_FW_F7_V1.17.0, STM32Cube_FW_G0_V1.6.1, STM32Cube_FW_G4_V1.5.1, STM32Cube_FW_H5_V0.5.1, STM32Cube_FW_H5_V1.1.1, STM32Cube_FW_H5_V1.2.0RC2, STM32Cube_FW_H7_V1.11.0, STM32Cube_FW_L0_V1.12.2, STM32Cube_FW_L5_V1.5.0, STM32Cube_FW_U5_V1.3.0RC4, STM32Cube_FW_U5_V1.4.0, STM32Cube_FW_WBA_V1.0.0RC1, STM32Cube_FW_WBA_V1.1.0RC1, STM32Cube_FW_WBA_V1.2.0, STM32Cube_FW_WBA_V1.2.0RC2, STM32Cube_FW_WB_V1.15.0RC1, STM32Cube_FW_WB_V1.16.0, STM32Cube_FW_WB_V1.16.0RC2, STM32Cube_FW_WB_V1.18.0, STM32Cube_FW_WL_V1.3.0, X-CUBE-ALGOBUILD_V1.3.0, X-CUBE-ALS_V1.0.1, X-CUBE-AZRTOS-F4_V1.1.0, X-CUBE-AZRTOS-F7_V1.1.0, X-CUBE-AZRTOS-G0_V1.1.0, X-CUBE-AZRTOS-G4_V2.0.0, X-CUBE-AZRTOS-H7_V3.1.0, X-CUBE-AZRTOS-L4_V1.0.0, X-CUBE-AZRTOS-L4_V2.0.0, X-CUBE-AZRTOS-L5_V1.1.0, X-CUBE-AZRTOS-WB_V2.0.0, X-CUBE-AZRTOS-WL_V2.0.0, X-CUBE-BLE1_V7.0.0, X-CUBE-BLE2_V3.3.0, X-CUBE-BLEMGR_V2.0.0, X-CUBE-EEPRMA1_V4.1.0, X-CUBE-EEPRMA1_V4.2.0, X-CUBE-FREERTOS_V1.1.0, X-CUBE-GNSS1_V6.0.0, X-CUBE-MEMS1_V10.0.0, X-CUBE-MEMS1_V9.1.0, X-CUBE-MEMS1_V9.4.0, X-CUBE-MEMS1_V9.6.0, X-CUBE-NFC4_V3.0.0, X-CUBE-NFC7_V1.0.1, X-CUBE-SFXS2LP1_V4.0.0, X-CUBE-SUBG2_V5.0.0, X-CUBE-TOF1_V3.3.1]
2024-06-26 10:39:58,332 [INFO] ApiDb:240 - Found 371 in-development CPN: [B-G473E-ZEST1S, B-WB1M-WPAN1, B-WL5M-SUBG1, NUCLEO-C031C6, NUCLEO-H503RB, NUCLEO-H563ZI, NUCLEO-U545RE-Q, NUCLEO-U5A5ZJ-Q, NUCLEO-WBA52CG, NUCLEO-WBA55CG, STEVAL-MKBOXPRO, STEVAL-PROTEUS1, STEVAL-STWINBX1, STM320518-EVAL, STM32C0116-DK, STM32C011D6Y3TR, STM32C011D6Y6TR, STM32C011F4P3, STM32C011F4P6, STM32C011F4U3, STM32C011F4U6TR, STM32C011F6P3, STM32C011F6P6, STM32C011F6U3, STM32C011F6U6TR, STM32C011J4M3, STM32C011J4M6, STM32C011J6M3, STM32C011J6M6, STM32C0316-DK, STM32C031C4T3, STM32C031C4T6, STM32C031C4U3, STM32C031C4U6, STM32C031C6T3, STM32C031C6T6, STM32C031C6U3, STM32C031C6U6, STM32C031F4P3, STM32C031F4P6, STM32C031F6P3, STM32C031F6P6, STM32C031G4U3, STM32C031G4U6, STM32C031G6U3, STM32C031G6U6, STM32C031K4T3, STM32C031K4T6, STM32C031K4U3, STM32C031K4U6, STM32C031K6T3, STM32C031K6T6, STM32C031K6U3, STM32C031K6U6, STM32G071K8TXN, STM32G071K8UXN, STM32G081GBU6N, STM32G081KBT6N, STM32G081KBUXN, STM32G0B1CCT6N, STM32G0B1KCT6, STM32G0B1NEY6TR, STM32G0B1RCT6N, STM32G0C1CCT6, STM32G0C1CCT6N, STM32G0C1CCU6N, STM32G0C1CET6N, STM32G0C1CEU6N, STM32G0C1KCT6, STM32G0C1NEY6TR, STM32G0C1RCI6N, STM32G0C1RCT6N, STM32G0C1REI6N, STM32G0C1RET6N, STM32G0C1VCI6, STM32G0C1VEI6, STM32G471CCT6, STM32G471CCU6, STM32G471CET3, STM32G471CET6, STM32G471CEU3, STM32G471CEU6, STM32G471MCT6, STM32G471MET3, STM32G471MET6, STM32G471MEY6TR, STM32G471QCT6, STM32G471QET3, STM32G471RCT6, STM32G471RET3, STM32G471RET6, STM32G471VCH6, STM32G471VCI6, STM32G471VCT6, STM32G471VEH3, STM32G471VEH6, STM32G471VEI3, STM32G471VEI6, STM32G471VET3, STM32G471VET6, STM32G474CCT6, STM32H503CBT6, STM32H503CBU6, STM32H503EBY6TR, STM32H503KBU6, STM32H503RBT6, STM32H562AGI6, STM32H562AII6, STM32H562IGK6, STM32H562IGT6, STM32H562IIK6, STM32H562IIT6, STM32H562RGT6, STM32H562RGV6, STM32H562RIT6, STM32H562RIV6, STM32H562VGT6, STM32H562VIT6, STM32H562ZGT6, STM32H562ZIT6, STM32H563AGI6, STM32H563AII3Q, STM32H563AII6, STM32H563IGK6, STM32H563IGT6, STM32H563IIK3Q, STM32H563IIK6, STM32H563IIT3Q, STM32H563IIT6, STM32H563MIY3QTR, STM32H563RGT6, STM32H563RGV6, STM32H563RIT6, STM32H563RIV6, STM32H563VGT6, STM32H563VIT3Q, STM32H563VIT6, STM32H563ZGT6, STM32H563ZIT3Q, STM32H563ZIT6, STM32H573AII3Q, STM32H573AII6, STM32H573I-DK, STM32H573IIK3Q, STM32H573IIK6, STM32H573IIT3Q, STM32H573IIT6, STM32H573MIY3QTR, STM32H573RIT6, STM32H573RIV6, STM32H573VIT3Q, STM32H573VIT6, STM32H573ZIT3Q, STM32H573ZIT6, STM32L4R5QGI6STR, STM32MP131AAE3, STM32MP131AAF3, STM32MP131AAG3, STM32MP131CAE3, STM32MP131CAF3, STM32MP131CAG3, STM32MP131DAE7, STM32MP131DAF7, STM32MP131DAG7, STM32MP131FAE7, STM32MP131FAF7, STM32MP131FAG7, STM32MP133AAE3, STM32MP133AAF3, STM32MP133AAG3, STM32MP133CAE3, STM32MP133CAF3, STM32MP133CAG3, STM32MP133DAE7, STM32MP133DAF7, STM32MP133DAG7, STM32MP133FAE7, STM32MP133FAF7, STM32MP133FAG7, STM32MP135AAE3, STM32MP135AAF3, STM32MP135AAG3, STM32MP135CAE3, STM32MP135CAF3, STM32MP135CAG3, STM32MP135DAE7, STM32MP135DAF7, STM32MP135DAG7, STM32MP135F-DK, STM32MP135FAE7, STM32MP135FAF7, STM32MP135FAF7T, STM32MP135FAF7U, STM32MP135FAG7, STM32U535CBT6, STM32U535CBT6Q, STM32U535CBU6, STM32U535CBU6Q, STM32U535CCT6, STM32U535CCT6Q, STM32U535CCU6, STM32U535CCU6Q, STM32U535CET6, STM32U535CET6Q, STM32U535CEU6, STM32U535CEU6Q, STM32U535JEY6QTR, STM32U535NCY6QTR, STM32U535NEY6QTR, STM32U535RBI6, STM32U535RBI6Q, STM32U535RBT6, STM32U535RBT6Q, STM32U535RCI6, STM32U535RCI6Q, STM32U535RCT6, STM32U535RCT6Q, STM32U535REI6, STM32U535REI6Q, STM32U535RET6, STM32U535RET6Q, STM32U535VCI6, STM32U535VCI6Q, STM32U535VCT6, STM32U535VCT6Q, STM32U535VEI6, STM32U535VEI6Q, STM32U535VET6, STM32U535VET6Q, STM32U545CET6, STM32U545CET6Q, STM32U545CEU6, STM32U545CEU6Q, STM32U545JEY6QTR, STM32U545NEY6QTR, STM32U545REI6, STM32U545REI6Q, STM32U545RET6, STM32U545RET6Q, STM32U545VEI6, STM32U545VEI6Q, STM32U545VET6, STM32U545VET6Q, STM32U595AIH6, STM32U595AIH6Q, STM32U595AJH6, STM32U595AJH6Q, STM32U595QII6, STM32U595QII6Q, STM32U595QJI6, STM32U595QJI6Q, STM32U595RIT6, STM32U595RIT6Q, STM32U595RJT6, STM32U595RJT6Q, STM32U595VIT6, STM32U595VIT6Q, STM32U595VJT6, STM32U595VJT6Q, STM32U595ZIT6, STM32U595ZIT6Q, STM32U595ZIY6QTR, STM32U595ZJT6, STM32U595ZJT6Q, STM32U595ZJY6QTR, STM32U599BJY6QTR, STM32U599NIH6Q, STM32U599NJH6Q, STM32U599VIT6Q, STM32U599VJT6, STM32U599VJT6Q, STM32U599ZIT6Q, STM32U599ZIY6QTR, STM32U599ZJT6Q, STM32U599ZJY6QTR, STM32U5A5AJH6, STM32U5A5AJH6Q, STM32U5A5QJI6, STM32U5A5QJI6Q, STM32U5A5RJT6, STM32U5A5RJT6Q, STM32U5A5VJT6, STM32U5A5VJT6Q, STM32U5A5ZJT6, STM32U5A5ZJT6Q, STM32U5A5ZJY6QTR, STM32U5A9BJY6QTR, STM32U5A9J-DK, STM32U5A9NJH6Q, STM32U5A9VJT6Q, STM32U5A9ZJT6Q, STM32U5A9ZJY6QTR, STM32U5F7VIT6, STM32U5F7VIT6Q, STM32U5F7VJT6, STM32U5F7VJT6Q, STM32U5F9BJY6QTR, STM32U5F9NJH6Q, STM32U5F9VIT6Q, STM32U5F9VJT6Q, STM32U5F9ZIJ6QTR, STM32U5F9ZIT6Q, STM32U5F9ZJJ6QTR, STM32U5F9ZJT6Q, STM32U5G7VJT6, STM32U5G7VJT6Q, STM32U5G9BJY6QTR, STM32U5G9J-DK1, STM32U5G9J-DK2, STM32U5G9NJH6Q, STM32U5G9VJT6Q, STM32U5G9ZJJ6QTR, STM32U5G9ZJT6Q, STM32WB1MMCH6, STM32WBA50KEU6, STM32WBA50KEU6TR, STM32WBA50KGU6, STM32WBA50KGU6TR, STM32WBA52CEU6, STM32WBA52CEU6TR, STM32WBA52CEU7, STM32WBA52CEU7TR, STM32WBA52CGU6, STM32WBA52CGU6TR, STM32WBA52CGU6U, STM32WBA52CGU7, STM32WBA52CGU7TR, STM32WBA52KEU6, STM32WBA52KEU6TR, STM32WBA52KGU6, STM32WBA52KGU6TR, STM32WBA54CEU6, STM32WBA54CEU6TR, STM32WBA54CEU7, STM32WBA54CEU7TR, STM32WBA54CGU6, STM32WBA54CGU6TR, STM32WBA54CGU7, STM32WBA54CGU7TR, STM32WBA54KEU6, STM32WBA54KEU6TR, STM32WBA54KEU7, STM32WBA54KEU7TR, STM32WBA54KGU6, STM32WBA54KGU6TR, STM32WBA54KGU7, STM32WBA54KGU7TR, STM32WBA55CEU6, STM32WBA55CEU6TR, STM32WBA55CEU7, STM32WBA55CEU7TR, STM32WBA55CGU6, STM32WBA55CGU6TR, STM32WBA55CGU6U, STM32WBA55CGU7, STM32WBA55CGU7TR, STM32WBA55G-DK1, STM32WBA55HEF6, STM32WBA55HEF7, STM32WBA55HGF6, STM32WBA55HGF7, STM32WBA55UEI6, STM32WBA55UEI6TR, STM32WBA55UEI7, STM32WBA55UEI7TR, STM32WBA55UGI6, STM32WBA55UGI6TR, STM32WBA55UGI7, STM32WBA55UGI7TR, STM32WL5MOCH6, STM32WL5MOCH6TR]
2024-06-26 10:39:58,344 [INFO] DbMcus:218 - Found 3930 MCUs, 3930 are supported
2024-06-26 10:39:58,349 [INFO] ApiDb:423 - Load user favorites file C:\Users\ECA1WX/.stm32cubeide/favorites.mcus.txt: 1 item(s)
2024-06-26 10:39:58,349 [INFO] ApiDb:427 - User favorites MCUs=[STM32F767IGT6]
2024-06-26 10:39:58,349 [INFO] DbMcus:224 - Set 1 / 1 favorites MCUs
2024-06-26 10:39:58,712 [INFO] MicroXplorer:468 - Change Database Path : 
2024-06-26 10:39:58,712 [INFO] MicroXplorer:498 - Change Database Version : DB.6.0.100
2024-06-26 10:39:58,713 [WARN] ThirdParty:833 - waiting for thirdparty lock release [change project]
2024-06-26 10:39:58,713 [INFO] ThirdParty:835 - entering critical section [change project]
2024-06-26 10:39:58,714 [INFO] ThirdParty:1030 - CMSIS Pack Vendor :STMicroelectronics USBPD 4.1
2024-06-26 10:39:58,714 [INFO] ThirdParty:1030 - CMSIS Pack Vendor :STMicroelectronics X-CUBE-GNSS1 6.0.0
2024-06-26 10:39:58,714 [INFO] ThirdParty:1030 - CMSIS Pack Vendor :STMicroelectronics USB_HOST 2.0.0
2024-06-26 10:39:58,714 [INFO] ThirdParty:1030 - CMSIS Pack Vendor :STMicroelectronics FP-SNS-MOTENVWB1 1.4.0
2024-06-26 10:39:58,714 [INFO] ThirdParty:1030 - CMSIS Pack Vendor :STMicroelectronics X-CUBE-AZRTOS-F4 1.1.0
2024-06-26 10:39:58,714 [INFO] ThirdParty:1030 - CMSIS Pack Vendor :STMicroelectronics LIBJPEG 8.0.0
2024-06-26 10:39:58,714 [INFO] ThirdParty:1030 - CMSIS Pack Vendor :STMicroelectronics X-CUBE-SMBUS 2.1.0
2024-06-26 10:39:58,714 [INFO] ThirdParty:1030 - CMSIS Pack Vendor :STMicroelectronics USB_DEVICE 3.0.0
2024-06-26 10:39:58,714 [INFO] ThirdParty:1030 - CMSIS Pack Vendor :STMicroelectronics X-CUBE-TCPP 4.1.0
2024-06-26 10:39:58,714 [INFO] ThirdParty:1030 - CMSIS Pack Vendor :STMicroelectronics X-CUBE-FREERTOS 1.2.0
2024-06-26 10:39:58,714 [INFO] ThirdParty:1030 - CMSIS Pack Vendor :STMicroelectronics X-CUBE-AZRTOS-WB 2.0.0
2024-06-26 10:39:58,714 [INFO] ThirdParty:1030 - CMSIS Pack Vendor :STMicroelectronics X-CUBE-TOUCHGFX 4.23.1
2024-06-26 10:39:58,714 [INFO] ThirdParty:1030 - CMSIS Pack Vendor :STMicroelectronics X-CUBE-TOUCHGFX 4.23.0
2024-06-26 10:39:58,715 [INFO] ThirdParty:1030 - CMSIS Pack Vendor :STMicroelectronics X-CUBE-TOUCHGFX 4.23.2
2024-06-26 10:39:58,715 [INFO] ThirdParty:1030 - CMSIS Pack Vendor :STMicroelectronics X-CUBE-AZRTOS-F7 1.1.0
2024-06-26 10:39:58,715 [INFO] ThirdParty:1030 - CMSIS Pack Vendor :STMicroelectronics X-CUBE-AZRTOS-L5 2.0.0
2024-06-26 10:39:58,715 [INFO] ThirdParty:1030 - CMSIS Pack Vendor :STMicroelectronics USB_DEVICE 2.0.0
2024-06-26 10:39:58,715 [INFO] ThirdParty:1030 - CMSIS Pack Vendor :STMicroelectronics X-CUBE-NFC6 3.1.0
2024-06-26 10:39:58,715 [INFO] ThirdParty:1030 - CMSIS Pack Vendor :ITTIA_DB I-CUBE-ITTIADB 8.8.0
2024-06-26 10:39:58,715 [INFO] ThirdParty:1030 - CMSIS Pack Vendor :STMicroelectronics FP-SNS-MOTENV1 4.3.2
2024-06-26 10:39:58,715 [INFO] ThirdParty:1030 - CMSIS Pack Vendor :STMicroelectronics X-CUBE-ALGOBUILD 1.3.0
2024-06-26 10:39:58,715 [INFO] ThirdParty:1030 - CMSIS Pack Vendor :STMicroelectronics FreeRTOS 0.0.1
2024-06-26 10:39:58,715 [INFO] ThirdParty:1030 - CMSIS Pack Vendor :STMicroelectronics X-CUBE-AZRTOS-G0 1.1.0
2024-06-26 10:39:58,715 [INFO] ThirdParty:1030 - CMSIS Pack Vendor :STMicroelectronics X-CUBE-SAFEA1 1.2.2
2024-06-26 10:39:58,715 [INFO] ThirdParty:1030 - CMSIS Pack Vendor :STMicroelectronics X-CUBE-NFC4 3.0.0
2024-06-26 10:39:58,715 [INFO] ThirdParty:1030 - CMSIS Pack Vendor :STMicroelectronics X-CUBE-SUBG2 5.0.0
2024-06-26 10:39:58,715 [INFO] ThirdParty:1030 - CMSIS Pack Vendor :STMicroelectronics STM32_WPAN 1.0.0
2024-06-26 10:39:58,715 [INFO] ThirdParty:1030 - CMSIS Pack Vendor :STMicroelectronics lwIP 2.0.3
2024-06-26 10:39:58,715 [INFO] ThirdParty:1030 - CMSIS Pack Vendor :STMicroelectronics FP-SNS-FLIGHT1 5.0.2
2024-06-26 10:39:58,716 [INFO] ThirdParty:1030 - CMSIS Pack Vendor :Cesanta I-CUBE-Mongoose 7.13.0
2024-06-26 10:39:58,716 [INFO] ThirdParty:1030 - CMSIS Pack Vendor :STMicroelectronics USB_HOST 1.0.0
2024-06-26 10:39:58,716 [INFO] ThirdParty:1030 - CMSIS Pack Vendor :STMicroelectronics X-CUBE-AI 9.0.0
2024-06-26 10:39:58,716 [INFO] ThirdParty:1030 - CMSIS Pack Vendor :STMicroelectronics X-CUBE-AZRTOS-G4 2.0.0
2024-06-26 10:39:58,716 [INFO] ThirdParty:1030 - CMSIS Pack Vendor :STMicroelectronics PDM2PCM 3.1.0
2024-06-26 10:39:58,716 [INFO] ThirdParty:1030 - CMSIS Pack Vendor :Infineon AIROC-Wi-Fi-Bluetooth-STM32 1.5.1
2024-06-26 10:39:58,716 [INFO] ThirdParty:1030 - CMSIS Pack Vendor :STMicroelectronics PDM2PCM 3.3.0
2024-06-26 10:39:58,716 [INFO] ThirdParty:1030 - CMSIS Pack Vendor :STMicroelectronics X-CUBE-DISPLAY 3.0.0
2024-06-26 10:39:58,716 [INFO] ThirdParty:1030 - CMSIS Pack Vendor :STMicroelectronics FP-SNS-MOTENVWB1 1.3.1
2024-06-26 10:39:58,716 [INFO] ThirdParty:1030 - CMSIS Pack Vendor :STMicroelectronics X-CUBE-BLE1 7.0.0
2024-06-26 10:39:58,716 [INFO] ThirdParty:1030 - CMSIS Pack Vendor :STMicroelectronics FP-ATR-SIGFOX1 3.2.0
2024-06-26 10:39:58,717 [INFO] ThirdParty:1030 - CMSIS Pack Vendor :STMicroelectronics HAL Drivers 0.0.0
2024-06-26 10:39:58,717 [INFO] ThirdParty:1030 - CMSIS Pack Vendor :STMicroelectronics MBEDTLS 2.16.2
2024-06-26 10:39:58,717 [INFO] ThirdParty:1030 - CMSIS Pack Vendor :STMicroelectronics X-CUBE-ALS 1.0.2
2024-06-26 10:39:58,717 [INFO] ThirdParty:1030 - CMSIS Pack Vendor :emotas I-CUBE-CANOPEN 1.3.0
2024-06-26 10:39:58,717 [INFO] ThirdParty:1030 - CMSIS Pack Vendor :STMicroelectronics X-CUBE-MEMS1 10.0.0
2024-06-26 10:39:58,717 [INFO] ThirdParty:1030 - CMSIS Pack Vendor :STMicroelectronics X-CUBE-FREERTOS 1.1.0
2024-06-26 10:39:58,717 [INFO] ThirdParty:1030 - CMSIS Pack Vendor :STMicroelectronics X-CUBE-NFC7 1.0.1
2024-06-26 10:39:58,717 [INFO] ThirdParty:1030 - CMSIS Pack Vendor :STMicroelectronics MBEDTLS 2.14.1
2024-06-26 10:39:58,717 [INFO] ThirdParty:1030 - CMSIS Pack Vendor :STMicroelectronics X-CUBE-TOUCHGFX 4.24.0
2024-06-26 10:39:58,717 [INFO] ThirdParty:1030 - CMSIS Pack Vendor :STMicroelectronics X-CUBE-NFC6 3.0.0
2024-06-26 10:39:58,717 [INFO] ThirdParty:1030 - CMSIS Pack Vendor :portGmbH I-Cube-SoM-uGOAL 1.1.0
2024-06-26 10:39:58,717 [INFO] ThirdParty:1030 - CMSIS Pack Vendor :STMicroelectronics X-CUBE-ALS 1.0.1
2024-06-26 10:39:58,717 [INFO] ThirdParty:1030 - CMSIS Pack Vendor :STMicroelectronics ThreadX 1.0.0
2024-06-26 10:39:58,717 [INFO] ThirdParty:1030 - CMSIS Pack Vendor :STMicroelectronics FP-SNS-SMARTAG2 1.2.0
2024-06-26 10:39:58,717 [INFO] ThirdParty:1030 - CMSIS Pack Vendor :STMicroelectronics X-CUBE-AZRTOS-WL 2.0.0
2024-06-26 10:39:58,717 [INFO] ThirdParty:1030 - CMSIS Pack Vendor :SEGGER I-CUBE-embOS 1.3.1
2024-06-26 10:39:58,717 [INFO] ThirdParty:1030 - CMSIS Pack Vendor :STMicroelectronics X-CUBE-ALGOBUILD 1.4.0
2024-06-26 10:39:58,717 [INFO] ThirdParty:1030 - CMSIS Pack Vendor :STMicroelectronics FP-SNS-MOTENV1 5.0.0
2024-06-26 10:39:58,717 [INFO] ThirdParty:1030 - CMSIS Pack Vendor :STMicroelectronics USB_DEVICE 1.0.0
2024-06-26 10:39:58,717 [INFO] ThirdParty:1030 - CMSIS Pack Vendor :STMicroelectronics X-CUBE-AI 8.1.0
2024-06-26 10:39:58,718 [INFO] ThirdParty:1030 - CMSIS Pack Vendor :STMicroelectronics X-CUBE-AZRTOS-H7RS 1.0.0
2024-06-26 10:39:58,718 [INFO] ThirdParty:1030 - CMSIS Pack Vendor :wolfSSL I-CUBE-wolfMQTT 1.19.0
2024-06-26 10:39:58,718 [INFO] ThirdParty:1030 - CMSIS Pack Vendor :STMicroelectronics X-CUBE-AZRTOS-L4 2.0.0
2024-06-26 10:39:58,718 [INFO] ThirdParty:1030 - CMSIS Pack Vendor :STMicroelectronics ThreadX 0.0.2
2024-06-26 10:39:58,718 [INFO] ThirdParty:1030 - CMSIS Pack Vendor :STMicroelectronics FP-ATR-ASTRA1 2.0.0
2024-06-26 10:39:58,718 [INFO] ThirdParty:1030 - CMSIS Pack Vendor :STMicroelectronics lwIP 2.1.2
2024-06-26 10:39:58,718 [INFO] ThirdParty:1030 - CMSIS Pack Vendor :STMicroelectronics X-CUBE-SFXS2LP1 4.0.0
2024-06-26 10:39:58,718 [INFO] ThirdParty:1030 - CMSIS Pack Vendor :STMicroelectronics X-CUBE-BLE2 3.3.0
2024-06-26 10:39:58,718 [INFO] ThirdParty:1030 - CMSIS Pack Vendor :STMicroelectronics PDM2PCM 3.2.0
2024-06-26 10:39:58,718 [INFO] ThirdParty:841 - exiting critical section [change project]
2024-06-26 10:39:59,224 [INFO] PinOutPanel:1499 - setPackage(No Configuration,No Configuration)
2024-06-26 10:39:59,226 [INFO] PinOutPanel:1499 - setPackage(STM32F767IGTx,LQFP176)
2024-06-26 10:39:59,935 [INFO] UtilMem:75 - Before build in PCC Used Memory: 736932816 Bytes (1073741824)
2024-06-26 10:40:00,769 [INFO] UtilMem:75 - After build in PCC Used Memory: 819254240 Bytes (1073741824)
2024-06-26 10:40:00,887 [INFO] ApiDbMcu:508 - Load IP Config File for FREERTOS
2024-06-26 10:40:00,926 [INFO] ApiDbMcu:508 - Load IP Config File for LWIP
2024-06-26 10:40:00,965 [INFO] IPUIPlugin:80 - create IPUIPlugin
2024-06-26 10:40:00,965 [INFO] IPUIPlugin:80 - create IPUIPlugin
2024-06-26 10:40:00,965 [INFO] IPUIPlugin:80 - create IPUIPlugin
2024-06-26 10:40:00,966 [INFO] IPUIPlugin:80 - create IPUIPlugin
2024-06-26 10:40:00,966 [INFO] IPUIPlugin:80 - create IPUIPlugin
2024-06-26 10:40:00,966 [INFO] IPUIPlugin:80 - create IPUIPlugin
2024-06-26 10:40:00,966 [INFO] IPUIPlugin:80 - create IPUIPlugin
2024-06-26 10:40:00,966 [INFO] IPUIPlugin:80 - create IPUIPlugin
2024-06-26 10:40:00,967 [INFO] IPUIPlugin:80 - create IPUIPlugin
2024-06-26 10:40:00,967 [INFO] IPUIPlugin:80 - create IPUIPlugin
2024-06-26 10:40:00,967 [INFO] IPUIPlugin:80 - create IPUIPlugin
2024-06-26 10:40:00,967 [INFO] IPUIPlugin:80 - create IPUIPlugin
2024-06-26 10:40:00,967 [INFO] IPUIPlugin:80 - create IPUIPlugin
2024-06-26 10:40:00,968 [INFO] IPUIPlugin:80 - create IPUIPlugin
2024-06-26 10:40:00,968 [INFO] IPUIPlugin:80 - create IPUIPlugin
2024-06-26 10:40:00,968 [INFO] IPUIPlugin:80 - create IPUIPlugin
2024-06-26 10:40:00,968 [INFO] IPUIPlugin:80 - create IPUIPlugin
2024-06-26 10:40:00,968 [INFO] IPUIPlugin:80 - create IPUIPlugin
2024-06-26 10:40:00,969 [INFO] IPUIPlugin:80 - create IPUIPlugin
2024-06-26 10:40:00,969 [INFO] IPUIPlugin:80 - create IPUIPlugin
2024-06-26 10:40:00,969 [INFO] IPUIPlugin:80 - create IPUIPlugin
2024-06-26 10:40:00,969 [INFO] IPUIPlugin:80 - create IPUIPlugin
2024-06-26 10:40:00,970 [INFO] IPUIPlugin:80 - create IPUIPlugin
2024-06-26 10:40:00,970 [INFO] IPUIPlugin:80 - create IPUIPlugin
2024-06-26 10:40:00,970 [INFO] IPUIPlugin:80 - create IPUIPlugin
2024-06-26 10:40:00,970 [INFO] IPUIPlugin:80 - create IPUIPlugin
2024-06-26 10:40:00,970 [INFO] IPUIPlugin:80 - create IPUIPlugin
2024-06-26 10:40:00,970 [INFO] IPUIPlugin:80 - create IPUIPlugin
2024-06-26 10:40:00,971 [INFO] IPUIPlugin:80 - create IPUIPlugin
2024-06-26 10:40:00,971 [INFO] IPUIPlugin:80 - create IPUIPlugin
2024-06-26 10:40:00,971 [INFO] IPUIPlugin:80 - create IPUIPlugin
2024-06-26 10:40:00,971 [INFO] IPUIPlugin:80 - create IPUIPlugin
2024-06-26 10:40:00,971 [INFO] IPUIPlugin:80 - create IPUIPlugin
2024-06-26 10:40:00,972 [INFO] IPUIPlugin:80 - create IPUIPlugin
2024-06-26 10:40:00,972 [INFO] IPUIPlugin:80 - create IPUIPlugin
2024-06-26 10:40:00,972 [INFO] IPUIPlugin:80 - create IPUIPlugin
2024-06-26 10:40:00,972 [INFO] IPUIPlugin:80 - create IPUIPlugin
2024-06-26 10:40:00,972 [INFO] IPUIPlugin:80 - create IPUIPlugin
2024-06-26 10:40:00,973 [INFO] IPUIPlugin:80 - create IPUIPlugin
2024-06-26 10:40:00,973 [INFO] IPUIPlugin:80 - create IPUIPlugin
2024-06-26 10:40:00,973 [INFO] IPUIPlugin:80 - create IPUIPlugin
2024-06-26 10:40:00,973 [INFO] IPUIPlugin:80 - create IPUIPlugin
2024-06-26 10:40:00,975 [INFO] IPUIPlugin:80 - create IPUIPlugin
2024-06-26 10:40:00,975 [INFO] IPUIPlugin:80 - create IPUIPlugin
2024-06-26 10:40:00,975 [INFO] IPUIPlugin:80 - create IPUIPlugin
2024-06-26 10:40:00,975 [INFO] IPUIPlugin:80 - create IPUIPlugin
2024-06-26 10:40:00,975 [INFO] IPUIPlugin:80 - create IPUIPlugin
2024-06-26 10:40:00,976 [INFO] IPUIPlugin:80 - create IPUIPlugin
2024-06-26 10:40:00,976 [INFO] IPUIPlugin:80 - create IPUIPlugin
2024-06-26 10:40:00,976 [INFO] IPUIPlugin:80 - create IPUIPlugin
2024-06-26 10:40:00,976 [INFO] IPUIPlugin:80 - create IPUIPlugin
2024-06-26 10:40:00,977 [INFO] IPUIPlugin:80 - create IPUIPlugin
2024-06-26 10:40:00,977 [INFO] IPUIPlugin:80 - create IPUIPlugin
2024-06-26 10:40:00,977 [INFO] IPUIPlugin:80 - create IPUIPlugin
2024-06-26 10:40:00,977 [INFO] IPUIPlugin:80 - create IPUIPlugin
2024-06-26 10:40:00,978 [INFO] IPUIPlugin:80 - create IPUIPlugin
2024-06-26 10:40:00,978 [INFO] IPUIPlugin:80 - create IPUIPlugin
2024-06-26 10:40:00,978 [INFO] IPUIPlugin:80 - create IPUIPlugin
2024-06-26 10:40:00,978 [INFO] IPUIPlugin:80 - create IPUIPlugin
2024-06-26 10:40:00,979 [INFO] IPUIPlugin:80 - create IPUIPlugin
2024-06-26 10:40:00,979 [INFO] IPUIPlugin:80 - create IPUIPlugin
2024-06-26 10:40:00,979 [INFO] IPUIPlugin:80 - create IPUIPlugin
2024-06-26 10:40:00,980 [INFO] IPUIPlugin:80 - create IPUIPlugin
2024-06-26 10:40:00,980 [INFO] IPUIPlugin:80 - create IPUIPlugin
2024-06-26 10:40:00,980 [INFO] IPUIPlugin:80 - create IPUIPlugin
2024-06-26 10:40:00,981 [INFO] IPUIPlugin:80 - create IPUIPlugin
2024-06-26 10:40:00,981 [INFO] IPUIPlugin:80 - create IPUIPlugin
2024-06-26 10:40:00,982 [INFO] IPUIPlugin:80 - create IPUIPlugin
2024-06-26 10:40:00,982 [INFO] IPUIPlugin:80 - create IPUIPlugin
2024-06-26 10:40:00,983 [INFO] IPUIPlugin:80 - create IPUIPlugin
2024-06-26 10:40:00,983 [INFO] IPUIPlugin:80 - create IPUIPlugin
2024-06-26 10:40:00,984 [INFO] IPUIPlugin:80 - create IPUIPlugin
2024-06-26 10:40:00,984 [INFO] IPUIPlugin:80 - create IPUIPlugin
2024-06-26 10:40:00,984 [INFO] IPUIPlugin:80 - create IPUIPlugin
2024-06-26 10:40:00,985 [INFO] IPUIPlugin:80 - create IPUIPlugin
2024-06-26 10:40:00,985 [INFO] IPUIPlugin:80 - create IPUIPlugin
2024-06-26 10:40:00,986 [INFO] IPUIPlugin:80 - create IPUIPlugin
2024-06-26 10:40:00,987 [INFO] IPUIPlugin:80 - create IPUIPlugin
2024-06-26 10:40:00,987 [INFO] IPUIPlugin:80 - create IPUIPlugin
2024-06-26 10:40:01,007 [INFO] ApiDbMcu:508 - Load IP Config File for PDM2PCM
2024-06-26 10:40:01,035 [WARN] FreeRTOS:1023 - Null or empty value: should not occur! (nothing added to the table)
2024-06-26 10:40:01,041 [WARN] IP:2119 - LWIP_NETIF_HOSTNAME not found: check if there is a RefParameter without a condition.
2024-06-26 10:40:01,068 [WARN] IP:2119 - LWIP_NETIF_HOSTNAME not found: check if there is a RefParameter without a condition.
2024-06-26 10:40:01,346 [INFO] CADModel:165 - CPN selected for project levelSTM32F767IGT6
2024-06-26 10:40:01,346 [INFO] CADModel:114 - Register for checkConnection events
2024-06-26 10:40:01,350 [INFO] RtosManager:697 - Active RTOS found at IOC load: FREERTOS [Cortex-M7NS]
2024-06-26 10:40:01,438 [INFO] OpenFileManager:343 - Restore cursor
2024-06-26 10:40:01,729 [WARN] IP:2119 - LWIP_NETIF_HOSTNAME not found: check if there is a RefParameter without a condition.
2024-06-26 10:40:01,753 [WARN] IP:2119 - LWIP_NETIF_HOSTNAME not found: check if there is a RefParameter without a condition.
2024-06-26 10:40:05,777 [WARN] IP:2119 - LWIP_NETIF_HOSTNAME not found: check if there is a RefParameter without a condition.
2024-06-26 10:40:11,985 [WARN] IP:2119 - LWIP_NETIF_HOSTNAME not found: check if there is a RefParameter without a condition.
2024-06-26 10:40:24,589 [WARN] IP:2119 - LWIP_NETIF_HOSTNAME not found: check if there is a RefParameter without a condition.
2024-06-26 10:40:30,543 [WARN] IP:2119 - LWIP_NETIF_HOSTNAME not found: check if there is a RefParameter without a condition.
2024-06-26 11:33:34,805 [ERROR] ConfigurationRetriever:142 - IOException on connection: sw-center.st.com
2024-06-26 11:33:34,806 [ERROR] ConfigurationRetriever:142 - IOException on connection: sw-center.st.com
2024-06-26 11:33:34,806 [ERROR] ConfigurationRetriever:142 - IOException on connection: sw-center.st.com
2024-06-26 11:33:35,728 [ERROR] ConfigurationRetriever:142 - IOException on connection: sw-center.st.com
2024-06-26 11:33:35,729 [ERROR] ConfigurationRetriever:142 - IOException on connection: sw-center.st.com
2024-06-26 11:33:35,729 [ERROR] ConfigurationRetriever:142 - IOException on connection: sw-center.st.com
2024-06-26 13:28:31,221 [ERROR] ConfigurationRetriever:142 - IOException on connection: sw-center.st.com
2024-06-26 13:28:31,222 [ERROR] ConfigurationRetriever:142 - IOException on connection: sw-center.st.com
2024-06-26 13:28:31,223 [ERROR] ConfigurationRetriever:142 - IOException on connection: sw-center.st.com
2024-06-26 13:28:32,174 [ERROR] ConfigurationRetriever:142 - IOException on connection: sw-center.st.com
2024-06-26 13:28:32,175 [ERROR] ConfigurationRetriever:142 - IOException on connection: sw-center.st.com
2024-06-26 13:28:32,175 [ERROR] ConfigurationRetriever:142 - IOException on connection: sw-center.st.com
2024-06-26 19:19:06,713 [ERROR] ConfigurationRetriever:142 - IOException on connection: sw-center.st.com
2024-06-26 19:19:06,714 [ERROR] ConfigurationRetriever:142 - IOException on connection: sw-center.st.com
2024-06-26 19:19:06,715 [ERROR] ConfigurationRetriever:142 - IOException on connection: sw-center.st.com
2024-06-26 19:19:07,339 [ERROR] LogOutputStream:75 - [STDERR_REDIRECT] 
2024-06-26 22:23:01,705 [INFO] Activator:176 - 


2024-06-26 22:23:01,707 [INFO] Activator:177 - !SESSION log4j initialized
2024-06-26 22:23:07,683 [INFO] LogOutputStream:77 - [STDOUT_REDIRECT] 
2024-06-26 22:23:10,526 [INFO] ApplicationProperties:184 - Using Application install path: C:\my_workspace\my_software\stm32cubeide\STM32CubeIDE_1.14.1\STM32CubeIDE\plugins\com.st.stm32cube.common.mx_6.10.0.202311202037
2024-06-26 22:23:10,550 [INFO] DbMcusXml:78 - Set database path to: C:\my_workspace\my_software\stm32cubeide\STM32CubeIDE_1.14.1\STM32CubeIDE\plugins\com.st.stm32cube.common.mx_6.10.0.202311202037\\db\/mcu/
2024-06-26 22:23:10,551 [INFO] ApiDb:274 - Set plugin database path to: C:\my_workspace\my_software\stm32cubeide\STM32CubeIDE_1.14.1\STM32CubeIDE\plugins\com.st.stm32cube.common.mx_6.10.0.202311202037\\db\/plugins/boardmanager/
2024-06-26 22:23:10,551 [WARN] ApiDb:259 - Overriding images path with different value:  => C:\my_workspace\my_software\stm32cubeide\STM32CubeIDE_1.14.1\STM32CubeIDE\plugins\com.st.stm32cube.common.mx_6.10.0.202311202037\\db\/plugins/mcufinder/images/
2024-06-26 22:23:10,574 [INFO] ApiDb:250 - Set database path to: C:\Users\ECA1WX\.stmcufinder\plugins\mcufinder//mcu/
2024-06-26 22:23:10,576 [INFO] DbMcusAds:125 - Set database path to: C:\Users\ECA1WX\.stmcufinder\plugins\mcufinder//mcu/
2024-06-26 22:23:10,577 [INFO] CrossReferenceDbSqlite:203 - Set database path to: C:\Users\ECA1WX\.stmcufinder\plugins\mcufinder//mcu/cs/
2024-06-26 22:23:10,696 [INFO] RulesReader:64 - Compatibility file has been processed (297 Rules)
2024-06-26 22:23:10,821 [INFO] DbMcusXml:78 - Set database path to: C:\my_workspace\my_software\stm32cubeide\STM32CubeIDE_1.14.1\STM32CubeIDE\plugins\com.st.stm32cube.common.mx_6.10.0.202311202037\\db\/mcu/
2024-06-26 22:23:10,821 [INFO] ApiDb:274 - Set plugin database path to: C:\my_workspace\my_software\stm32cubeide\STM32CubeIDE_1.14.1\STM32CubeIDE\plugins\com.st.stm32cube.common.mx_6.10.0.202311202037\\db\/plugins/boardmanager/
2024-06-26 22:23:10,822 [INFO] ApiDb:261 - Set plugin images path to: C:\my_workspace\my_software\stm32cubeide\STM32CubeIDE_1.14.1\STM32CubeIDE\plugins\com.st.stm32cube.common.mx_6.10.0.202311202037\\db\/plugins/mcufinder/images/
2024-06-26 22:23:10,822 [WARN] DbFile:41 - Overriding database path with different value: C:\Users\ECA1WX\.stmcufinder\plugins\mcufinder/ => C:\Users\ECA1WX\.stmcufinder\plugins\mcufinder
2024-06-26 22:23:10,822 [INFO] ApiDb:250 - Set database path to: C:\Users\ECA1WX\.stmcufinder\plugins\mcufinder//mcu/
2024-06-26 22:23:10,822 [WARN] DbFile:41 - Overriding database path with different value: C:\Users\ECA1WX\.stmcufinder\plugins\mcufinder/ => C:\Users\ECA1WX\.stmcufinder\plugins\mcufinder
2024-06-26 22:23:10,822 [INFO] DbMcusAds:125 - Set database path to: C:\Users\ECA1WX\.stmcufinder\plugins\mcufinder//mcu/
2024-06-26 22:23:10,822 [WARN] DbFile:41 - Overriding database path with different value: C:\Users\ECA1WX\.stmcufinder\plugins\mcufinder/ => C:\Users\ECA1WX\.stmcufinder\plugins\mcufinder
2024-06-26 22:23:10,822 [WARN] DbFile:41 - Overriding database path with different value: C:\Users\ECA1WX\.stmcufinder\plugins\mcufinder/ => C:\Users\ECA1WX\.stmcufinder\plugins\mcufinder
2024-06-26 22:23:10,823 [INFO] CrossReferenceDbSqlite:203 - Set database path to: C:\Users\ECA1WX\.stmcufinder\plugins\mcufinder//mcu/cs/
2024-06-26 22:23:10,971 [INFO] MainPanel:264 - HeapMemory: 268435456
2024-06-26 22:23:11,103 [INFO] DbMcusXml:78 - Set database path to: C:\my_workspace\my_software\stm32cubeide\STM32CubeIDE_1.14.1\STM32CubeIDE\plugins\com.st.stm32cube.common.mx_6.10.0.202311202037\\db\/mcu/
2024-06-26 22:23:11,103 [INFO] ApiDb:274 - Set plugin database path to: C:\my_workspace\my_software\stm32cubeide\STM32CubeIDE_1.14.1\STM32CubeIDE\plugins\com.st.stm32cube.common.mx_6.10.0.202311202037\\db\/plugins/boardmanager/
2024-06-26 22:23:11,103 [INFO] ApiDb:261 - Set plugin images path to: C:\my_workspace\my_software\stm32cubeide\STM32CubeIDE_1.14.1\STM32CubeIDE\plugins\com.st.stm32cube.common.mx_6.10.0.202311202037\\db\/plugins/mcufinder/images/
2024-06-26 22:23:11,104 [WARN] DbFile:41 - Overriding database path with different value: C:\Users\ECA1WX\.stmcufinder\plugins\mcufinder/ => C:\Users\ECA1WX\.stmcufinder\plugins\mcufinder
2024-06-26 22:23:11,104 [INFO] ApiDb:250 - Set database path to: C:\Users\ECA1WX\.stmcufinder\plugins\mcufinder//mcu/
2024-06-26 22:23:11,104 [WARN] DbFile:41 - Overriding database path with different value: C:\Users\ECA1WX\.stmcufinder\plugins\mcufinder/ => C:\Users\ECA1WX\.stmcufinder\plugins\mcufinder
2024-06-26 22:23:11,104 [INFO] DbMcusAds:125 - Set database path to: C:\Users\ECA1WX\.stmcufinder\plugins\mcufinder//mcu/
2024-06-26 22:23:11,104 [WARN] DbFile:41 - Overriding database path with different value: C:\Users\ECA1WX\.stmcufinder\plugins\mcufinder/ => C:\Users\ECA1WX\.stmcufinder\plugins\mcufinder
2024-06-26 22:23:11,104 [WARN] DbFile:41 - Overriding database path with different value: C:\Users\ECA1WX\.stmcufinder\plugins\mcufinder/ => C:\Users\ECA1WX\.stmcufinder\plugins\mcufinder
2024-06-26 22:23:11,104 [INFO] CrossReferenceDbSqlite:203 - Set database path to: C:\Users\ECA1WX\.stmcufinder\plugins\mcufinder//mcu/cs/
2024-06-26 22:23:11,125 [INFO] ApplicationProperties:184 - Using Application install path: C:\my_workspace\my_software\stm32cubeide\STM32CubeIDE_1.14.1\STM32CubeIDE\plugins\com.st.stm32cube.common.mx_6.10.0.202311202037
2024-06-26 22:23:11,127 [INFO] PluginManage:196 - Search for loadable plugins [exclusion list=, ]
2024-06-26 22:23:11,128 [INFO] PluginManage:310 - Check plugin analytics
2024-06-26 22:23:11,353 [INFO] AnalyticsPlugin:253 - Accepted Software Licenses: 
2024-06-26 22:23:11,353 [INFO] AnalyticsPlugin:255 - Accepted CMSIS Pack Licenses: 
2024-06-26 22:23:11,353 [INFO] AnalyticsPlugin:257 - Accepted Firmware Licenses: FW.F7.1.17.0
2024-06-26 22:23:11,359 [INFO] PluginManage:359 - Loaded plugin analytics (category:tool,tabindex:-1)
2024-06-26 22:23:11,360 [INFO] PluginManage:310 - Check plugin cadmodel
2024-06-26 22:23:11,412 [INFO] CADModel:105 - Init CAD model plugin
2024-06-26 22:23:11,413 [INFO] PluginManage:359 - Loaded plugin cadmodel (category:power,tabindex:5)
2024-06-26 22:23:11,413 [INFO] PluginManage:310 - Check plugin clock
2024-06-26 22:23:11,448 [INFO] PluginManage:359 - Loaded plugin clock (category:base,tabindex:2)
2024-06-26 22:23:11,449 [INFO] PluginManage:310 - Check plugin ddr
2024-06-26 22:23:11,452 [INFO] PluginManage:359 - Loaded plugin ddr (category:tool,tabindex:6)
2024-06-26 22:23:11,453 [INFO] PluginManage:310 - Check plugin filemanager
2024-06-26 22:23:11,698 [INFO] PluginManage:359 - Loaded plugin filemanager (category:base,tabindex:10)
2024-06-26 22:23:11,698 [INFO] PluginManage:310 - Check plugin ipmanager
2024-06-26 22:23:11,712 [INFO] PluginManage:359 - Loaded plugin ipmanager (category:base,tabindex:5)
2024-06-26 22:23:11,713 [INFO] PluginManage:310 - Check plugin lpbam
2024-06-26 22:23:11,738 [INFO] PluginManage:359 - Loaded plugin lpbam (category:base,tabindex:0)
2024-06-26 22:23:11,738 [INFO] PluginManage:310 - Check plugin memorymap
2024-06-26 22:23:11,785 [INFO] PluginManage:359 - Loaded plugin memorymap (category:base,tabindex:4)
2024-06-26 22:23:11,786 [INFO] PluginManage:310 - Check plugin pinoutandconfiguration
2024-06-26 22:23:11,817 [INFO] PluginManage:359 - Loaded plugin pinoutandconfiguration (category:base,tabindex:1)
2024-06-26 22:23:11,817 [INFO] PluginManage:310 - Check plugin pinoutconfig
2024-06-26 22:23:11,954 [WARN] SupportedApi:132 - Cannot load RTOS API schema: s4s-elt-must-match.1: The content of 'definitions' must match (annotation?, (simpleType | complexType)?, (unique | key | keyref)*)). A problem was found starting at: attribute.
2024-06-26 22:23:12,257 [INFO] PluginManage:359 - Loaded plugin pinoutconfig (category:base,tabindex:0)
2024-06-26 22:23:12,258 [INFO] PluginManage:310 - Check plugin power
2024-06-26 22:23:12,446 [INFO] PluginManage:359 - Loaded plugin power (category:power,tabindex:4)
2024-06-26 22:23:12,447 [INFO] PluginManage:310 - Check plugin projectmanager
2024-06-26 22:23:12,484 [INFO] PluginManage:359 - Loaded plugin projectmanager (category:projectmanager,tabindex:3)
2024-06-26 22:23:12,484 [INFO] PluginManage:310 - Check plugin thirdparty
2024-06-26 22:23:12,728 [INFO] PluginManage:359 - Loaded plugin thirdparty (category:base,tabindex:-1)
2024-06-26 22:23:12,728 [INFO] PluginManage:310 - Check plugin tools
2024-06-26 22:23:12,728 [WARN] IntegrityCheckThread:84 - waiting for thirdparty lock release [integrity check]
2024-06-26 22:23:12,728 [INFO] IntegrityCheckThread:86 - entering critical section [integrity check]
2024-06-26 22:23:12,729 [INFO] ThirdPartyUpdaterWithRetryManager:70 - Updater plugin not ready yet. [1/15]
2024-06-26 22:23:12,738 [INFO] PluginManage:359 - Loaded plugin tools (category:base,tabindex:7)
2024-06-26 22:23:12,738 [INFO] PluginManage:310 - Check plugin tutovideos
2024-06-26 22:23:12,981 [INFO] PluginManage:359 - Loaded plugin tutovideos (category:base,tabindex:-1)
2024-06-26 22:23:12,981 [INFO] PluginManage:310 - Check plugin updater
2024-06-26 22:23:13,000 [INFO] PluginManage:359 - Loaded plugin updater (category:base,tabindex:12)
2024-06-26 22:23:13,000 [INFO] PluginManage:310 - Check plugin userauth
2024-06-26 22:23:13,004 [INFO] UserAuth:114 - Init User Auth plugin
2024-06-26 22:23:13,005 [INFO] PluginManage:359 - Loaded plugin userauth (category:base,tabindex:14)
2024-06-26 22:23:13,005 [INFO] PluginManage:283 - PluginManage : Loaded plugins [17]
2024-06-26 22:23:13,348 [INFO] PinOutPanel:1499 - setPackage(No Configuration,No Configuration)
2024-06-26 22:23:13,449 [INFO] CADModel:165 - CPN selected for project level
2024-06-26 22:23:13,449 [INFO] CADModel:114 - Register for checkConnection events
2024-06-26 22:23:13,476 [INFO] IPUIPlugin:80 - create IPUIPlugin
2024-06-26 22:23:13,477 [INFO] PluginManager:220 - loadIPPluginJar : add adc
2024-06-26 22:23:13,492 [INFO] IPUIPlugin:80 - create IPUIPlugin
2024-06-26 22:23:13,492 [INFO] PluginManager:220 - loadIPPluginJar : add aes
2024-06-26 22:23:13,503 [INFO] IPUIPlugin:80 - create IPUIPlugin
2024-06-26 22:23:13,503 [INFO] PluginManager:220 - loadIPPluginJar : add can
2024-06-26 22:23:13,512 [INFO] IPUIPlugin:80 - create IPUIPlugin
2024-06-26 22:23:13,512 [INFO] PluginManager:220 - loadIPPluginJar : add comp
2024-06-26 22:23:13,522 [INFO] IPUIPlugin:80 - create IPUIPlugin
2024-06-26 22:23:13,523 [INFO] PluginManager:220 - loadIPPluginJar : add cryp
2024-06-26 22:23:13,552 [INFO] IPUIPlugin:80 - create IPUIPlugin
2024-06-26 22:23:13,552 [INFO] PluginManager:220 - loadIPPluginJar : add dfsdm
2024-06-26 22:23:13,563 [INFO] IPUIPlugin:80 - create IPUIPlugin
2024-06-26 22:23:13,563 [INFO] PluginManager:220 - loadIPPluginJar : add dma
2024-06-26 22:23:13,577 [INFO] IPUIPlugin:80 - create IPUIPlugin
2024-06-26 22:23:13,577 [INFO] PluginManager:220 - loadIPPluginJar : add dma3
2024-06-26 22:23:13,587 [INFO] IPUIPlugin:80 - create IPUIPlugin
2024-06-26 22:23:13,588 [INFO] PluginManager:220 - loadIPPluginJar : add fatfs
2024-06-26 22:23:13,596 [INFO] IPUIPlugin:80 - create IPUIPlugin
2024-06-26 22:23:13,596 [INFO] PluginManager:220 - loadIPPluginJar : add fmc
2024-06-26 22:23:13,609 [INFO] IPUIPlugin:80 - create IPUIPlugin
2024-06-26 22:23:13,610 [INFO] PluginManager:220 - loadIPPluginJar : add freertos
2024-06-26 22:23:13,617 [INFO] IPUIPlugin:80 - create IPUIPlugin
2024-06-26 22:23:13,617 [INFO] PluginManager:220 - loadIPPluginJar : add genericplugin
2024-06-26 22:23:13,625 [INFO] IPUIPlugin:80 - create IPUIPlugin
2024-06-26 22:23:13,625 [INFO] PluginManager:220 - loadIPPluginJar : add gfxmmu
2024-06-26 22:23:13,634 [INFO] IPUIPlugin:80 - create IPUIPlugin
2024-06-26 22:23:13,634 [INFO] PluginManager:220 - loadIPPluginJar : add gic
2024-06-26 22:23:13,643 [INFO] IPUIPlugin:80 - create IPUIPlugin
2024-06-26 22:23:13,644 [INFO] PluginManager:220 - loadIPPluginJar : add gpio
2024-06-26 22:23:13,652 [INFO] IPUIPlugin:80 - create IPUIPlugin
2024-06-26 22:23:13,652 [INFO] PluginManager:220 - loadIPPluginJar : add gtzc
2024-06-26 22:23:13,660 [INFO] IPUIPlugin:80 - create IPUIPlugin
2024-06-26 22:23:13,660 [INFO] PluginManager:220 - loadIPPluginJar : add hash
2024-06-26 22:23:13,668 [INFO] IPUIPlugin:80 - create IPUIPlugin
2024-06-26 22:23:13,668 [INFO] PluginManager:220 - loadIPPluginJar : add i2c
2024-06-26 22:23:13,676 [INFO] IPUIPlugin:80 - create IPUIPlugin
2024-06-26 22:23:13,676 [INFO] PluginManager:220 - loadIPPluginJar : add i2s
2024-06-26 22:23:13,689 [INFO] IPUIPlugin:80 - create IPUIPlugin
2024-06-26 22:23:13,689 [INFO] PluginManager:220 - loadIPPluginJar : add i3c
2024-06-26 22:23:13,702 [INFO] IPUIPlugin:80 - create IPUIPlugin
2024-06-26 22:23:13,702 [INFO] PluginManager:220 - loadIPPluginJar : add ipddr
2024-06-26 22:23:13,718 [INFO] IPUIPlugin:80 - create IPUIPlugin
2024-06-26 22:23:13,718 [INFO] PluginManager:220 - loadIPPluginJar : add linkedlist
2024-06-26 22:23:13,727 [INFO] IPUIPlugin:80 - create IPUIPlugin
2024-06-26 22:23:13,727 [INFO] PluginManager:220 - loadIPPluginJar : add lorawan
2024-06-26 22:23:13,737 [INFO] IPUIPlugin:80 - create IPUIPlugin
2024-06-26 22:23:13,737 [INFO] PluginManager:220 - loadIPPluginJar : add ltdc
2024-06-26 22:23:13,750 [INFO] IPUIPlugin:80 - create IPUIPlugin
2024-06-26 22:23:13,750 [INFO] PluginManager:220 - loadIPPluginJar : add mdma
2024-06-26 22:23:13,761 [INFO] IPUIPlugin:80 - create IPUIPlugin
2024-06-26 22:23:13,761 [INFO] PluginManager:220 - loadIPPluginJar : add nvic
2024-06-26 22:23:13,768 [INFO] IPUIPlugin:80 - create IPUIPlugin
2024-06-26 22:23:13,768 [INFO] PluginManager:220 - loadIPPluginJar : add opamp
2024-06-26 22:23:13,778 [INFO] IPUIPlugin:80 - create IPUIPlugin
2024-06-26 22:23:13,778 [INFO] PluginManager:220 - loadIPPluginJar : add openamp
2024-06-26 22:23:13,788 [INFO] IPUIPlugin:80 - create IPUIPlugin
2024-06-26 22:23:13,788 [INFO] PluginManager:220 - loadIPPluginJar : add pdm2pcm
2024-06-26 22:23:13,800 [INFO] IPUIPlugin:80 - create IPUIPlugin
2024-06-26 22:23:13,801 [INFO] PluginManager:220 - loadIPPluginJar : add plateformsettings
2024-06-26 22:23:13,808 [INFO] IPUIPlugin:80 - create IPUIPlugin
2024-06-26 22:23:13,808 [INFO] PluginManager:220 - loadIPPluginJar : add quadspi
2024-06-26 22:23:13,820 [INFO] IPUIPlugin:80 - create IPUIPlugin
2024-06-26 22:23:13,820 [INFO] PluginManager:220 - loadIPPluginJar : add resmgrutility
2024-06-26 22:23:13,828 [INFO] IPUIPlugin:80 - create IPUIPlugin
2024-06-26 22:23:13,828 [INFO] PluginManager:220 - loadIPPluginJar : add sai
2024-06-26 22:23:13,835 [INFO] IPUIPlugin:80 - create IPUIPlugin
2024-06-26 22:23:13,835 [INFO] PluginManager:220 - loadIPPluginJar : add spi
2024-06-26 22:23:13,846 [INFO] IPUIPlugin:80 - create IPUIPlugin
2024-06-26 22:23:13,846 [INFO] PluginManager:220 - loadIPPluginJar : add stm32_wpan
2024-06-26 22:23:13,857 [INFO] IPUIPlugin:80 - create IPUIPlugin
2024-06-26 22:23:13,857 [INFO] PluginManager:220 - loadIPPluginJar : add tim
2024-06-26 22:23:13,867 [INFO] IPUIPlugin:80 - create IPUIPlugin
2024-06-26 22:23:13,867 [INFO] PluginManager:220 - loadIPPluginJar : add touchsensing
2024-06-26 22:23:13,875 [INFO] IPUIPlugin:80 - create IPUIPlugin
2024-06-26 22:23:13,876 [INFO] PluginManager:220 - loadIPPluginJar : add tracer_emb
2024-06-26 22:23:13,884 [INFO] IPUIPlugin:80 - create IPUIPlugin
2024-06-26 22:23:13,884 [INFO] PluginManager:220 - loadIPPluginJar : add ts
2024-06-26 22:23:13,890 [INFO] IPUIPlugin:80 - create IPUIPlugin
2024-06-26 22:23:13,891 [INFO] PluginManager:220 - loadIPPluginJar : add tsc
2024-06-26 22:23:13,898 [INFO] IPUIPlugin:80 - create IPUIPlugin
2024-06-26 22:23:13,898 [INFO] PluginManager:220 - loadIPPluginJar : add ucpd
2024-06-26 22:23:13,905 [INFO] IPUIPlugin:80 - create IPUIPlugin
2024-06-26 22:23:13,906 [INFO] PluginManager:220 - loadIPPluginJar : add usart
2024-06-26 22:23:13,914 [INFO] IPUIPlugin:80 - create IPUIPlugin
2024-06-26 22:23:13,914 [INFO] PluginManager:220 - loadIPPluginJar : add usbx
2024-06-26 22:23:14,081 [INFO] CADModel:165 - CPN selected for project level
2024-06-26 22:23:14,081 [INFO] CADModel:114 - Register for checkConnection events
2024-06-26 22:23:14,082 [FATAL] Updater:308 - Updater called before beeing initialized
2024-06-26 22:23:14,082 [ERROR] CADModel:125 - Updater not yet initialized, retry later 
2024-06-26 22:23:14,312 [INFO] CADModel:165 - CPN selected for project level
2024-06-26 22:23:14,312 [INFO] CADModel:114 - Register for checkConnection events
2024-06-26 22:23:14,312 [FATAL] Updater:308 - Updater called before beeing initialized
2024-06-26 22:23:14,312 [ERROR] CADModel:125 - Updater not yet initialized, retry later 
2024-06-26 22:23:14,315 [FATAL] Updater:308 - Updater called before beeing initialized
2024-06-26 22:23:14,467 [FATAL] Updater:308 - Updater called before beeing initialized
2024-06-26 22:23:14,472 [INFO] DbMcusAds:53 - JSON generation date=Thu Sep 30 14:55:09 CST 2021 (1632984909247)
2024-06-26 22:23:14,472 [FATAL] Updater:308 - Updater called before beeing initialized
2024-06-26 22:23:14,540 [WARN] DetailPanel:346 - Failed to get advertising image, set to default
2024-06-26 22:23:14,708 [FATAL] Updater:308 - Updater called before beeing initialized
2024-06-26 22:23:14,711 [FATAL] Updater:308 - Updater called before beeing initialized
2024-06-26 22:23:14,711 [FATAL] Updater:308 - Updater called before beeing initialized
2024-06-26 22:23:14,712 [WARN] DetailPanel:346 - Failed to get advertising image, set to default
2024-06-26 22:23:14,712 [FATAL] Updater:308 - Updater called before beeing initialized
2024-06-26 22:23:14,798 [ERROR] Updater:1120 - MainUpdater not yet initialized. External WinMGr cannot be set.
2024-06-26 22:23:14,804 [INFO] Updater:1056 - Updater Version found : 6.10.0
2024-06-26 22:23:14,815 [INFO] ApplicationProperties:184 - Using Application install path: C:\my_workspace\my_software\stm32cubeide\STM32CubeIDE_1.14.1\STM32CubeIDE\plugins\com.st.stm32cube.common.mx_6.10.0.202311202037
2024-06-26 22:23:15,729 [INFO] ThirdPartyUpdaterWithRetryManager:70 - Updater plugin not ready yet. [2/15]
2024-06-26 22:23:16,391 [ERROR] LogOutputStream:75 - [STDERR_REDIRECT] Jun 26, 2024 10:23:16 PM java.util.prefs.WindowsPreferences <init>
2024-06-26 22:23:16,392 [ERROR] LogOutputStream:75 - [STDERR_REDIRECT] WARNING: Could not open/create prefs root node Software\JavaSoft\Prefs at root 0xffffffff80000002. Windows RegCreateKeyEx(...) returned error code 5.
2024-06-26 22:23:16,393 [ERROR] LogOutputStream:75 - [STDERR_REDIRECT] 
2024-06-26 22:23:16,965 [INFO] MainUpdater:2873 - connection check result : 10
2024-06-26 22:23:16,966 [INFO] MainUpdater:290 - Updater Check For Update Now.
2024-06-26 22:23:16,967 [INFO] MicroXplorer:498 - Change Database Version : DB.6.0.100
2024-06-26 22:23:16,992 [INFO] McuFinderGlobals:63 - Set McuFinder mode to 2 (CubeIDE integrated)
2024-06-26 22:23:16,993 [INFO] UserAuth:180 - activating auth plugin
2024-06-26 22:23:16,999 [INFO] UserAuth:404 - Internet connection configuration mode: 1
2024-06-26 22:23:17,043 [INFO] JxBrowserEngine:152 - Initiate JxBrowser Engine with user profile folder
2024-06-26 22:23:17,183 [INFO] CheckServerUpdateThread:120 - End of CheckServer Thread
2024-06-26 22:23:18,953 [INFO] WebApp:161 - Instantiating new browser for Auth
2024-06-26 22:23:19,250 [WARN] PackLoader:240 - Cannot read IP mode file for STMicroelectronics.FP-SNS-MOTENVWB1.1.4.0
2024-06-26 22:23:19,274 [WARN] PackLoader:240 - Cannot read IP mode file for STMicroelectronics.X-CUBE-SMBUS.2.1.0
2024-06-26 22:23:19,289 [WARN] PackLoader:240 - Cannot read IP mode file for STMicroelectronics.X-CUBE-TOUCHGFX.4.23.1
2024-06-26 22:23:19,292 [WARN] PackLoader:240 - Cannot read IP mode file for STMicroelectronics.X-CUBE-TOUCHGFX.4.23.0
2024-06-26 22:23:19,297 [WARN] PackLoader:240 - Cannot read IP mode file for STMicroelectronics.X-CUBE-TOUCHGFX.4.23.2
2024-06-26 22:23:19,337 [WARN] PackLoader:240 - Cannot read IP mode file for STMicroelectronics.X-CUBE-AZRTOS-F7.1.1.0
2024-06-26 22:23:19,355 [WARN] PackLoader:240 - Cannot read IP mode file for STMicroelectronics.FP-SNS-MOTENV1.4.3.2
2024-06-26 22:23:19,368 [WARN] PackLoader:240 - Cannot read IP mode file for STMicroelectronics.FP-SNS-FLIGHT1.5.0.2
2024-06-26 22:23:19,379 [WARN] PackLoader:240 - Cannot read IP mode file for STMicroelectronics.X-CUBE-DISPLAY.3.0.0
2024-06-26 22:23:19,397 [WARN] PackLoader:240 - Cannot read IP mode file for STMicroelectronics.X-CUBE-BLE1.7.0.0
2024-06-26 22:23:19,406 [WARN] PackLoader:240 - Cannot read IP mode file for emotas.I-CUBE-CANOPEN.1.3.0
2024-06-26 22:23:19,415 [WARN] PackLoader:240 - Cannot read IP mode file for STMicroelectronics.FP-SNS-SMARTAG2.1.2.0
2024-06-26 22:23:19,432 [INFO] LogOutputStream:77 - [STDOUT_REDIRECT] 1 : Invalid condition id : UX_CORESTACK_Condition cause : null
2024-06-26 22:23:19,432 [INFO] LogOutputStream:77 - [STDOUT_REDIRECT] 1 : Invalid condition id : UX_CORESTACK_Condition cause : null
2024-06-26 22:23:19,433 [INFO] LogOutputStream:77 - [STDOUT_REDIRECT] 1 : Invalid condition id : UX_CORESTACK_Condition cause : null
2024-06-26 22:23:19,434 [INFO] LogOutputStream:77 - [STDOUT_REDIRECT] 1 : Invalid condition id : UX_CORESTACK_Condition cause : null
2024-06-26 22:23:19,436 [INFO] LogOutputStream:77 - [STDOUT_REDIRECT] 1 : Invalid condition id : UX_CORESTACK_Condition cause : null
2024-06-26 22:23:19,439 [WARN] PackLoader:240 - Cannot read IP mode file for STMicroelectronics.X-CUBE-AZRTOS-WL.2.0.0
2024-06-26 22:23:19,448 [WARN] PackLoader:240 - Cannot read IP mode file for STMicroelectronics.FP-SNS-MOTENV1.5.0.0
2024-06-26 22:23:19,457 [WARN] PackLoader:240 - Cannot read IP mode file for wolfSSL.I-CUBE-wolfMQTT.1.19.0
2024-06-26 22:23:19,463 [WARN] PackLoader:240 - Cannot read IP mode file for STMicroelectronics.X-CUBE-BLE2.3.3.0
2024-06-26 22:23:19,471 [WARN] PackLoader:240 - Cannot read IP mode file for STMicroelectronics.X-CUBE-TCPP.4.1.0
2024-06-26 22:23:19,481 [WARN] PackLoader:240 - Cannot read IP mode file for STMicroelectronics.X-CUBE-ALGOBUILD.1.3.0
2024-06-26 22:23:19,503 [WARN] PackLoader:240 - Cannot read IP mode file for STMicroelectronics.X-CUBE-AZRTOS-G0.1.1.0
2024-06-26 22:23:19,517 [WARN] PackLoader:240 - Cannot read IP mode file for STMicroelectronics.X-CUBE-SAFEA1.1.2.2
2024-06-26 22:23:19,526 [WARN] PackLoader:240 - Cannot read IP mode file for STMicroelectronics.X-CUBE-NFC4.3.0.0
2024-06-26 22:23:19,534 [WARN] PackLoader:240 - Cannot read IP mode file for STMicroelectronics.FP-ATR-SIGFOX1.3.2.0
2024-06-26 22:23:19,586 [WARN] PackLoader:240 - Cannot read IP mode file for SEGGER.I-CUBE-embOS.1.3.1
2024-06-26 22:23:19,662 [WARN] PackLoader:240 - Cannot read IP mode file for STMicroelectronics.X-CUBE-ALGOBUILD.1.4.0
2024-06-26 22:23:19,674 [WARN] PackLoader:240 - Cannot read IP mode file for STMicroelectronics.X-CUBE-GNSS1.6.0.0
2024-06-26 22:23:19,698 [WARN] PackLoader:240 - Cannot read IP mode file for STMicroelectronics.X-CUBE-AZRTOS-F4.1.1.0
2024-06-26 22:23:19,708 [WARN] PackLoader:240 - Cannot read IP mode file for STMicroelectronics.X-CUBE-FREERTOS.1.2.0
2024-06-26 22:23:19,731 [WARN] PackLoader:240 - Cannot read IP mode file for STMicroelectronics.X-CUBE-AZRTOS-L5.2.0.0
2024-06-26 22:23:19,747 [WARN] PackLoader:240 - Cannot read IP mode file for STMicroelectronics.X-CUBE-NFC6.3.1.0
2024-06-26 22:23:19,761 [WARN] PackLoader:240 - Cannot read IP mode file for ITTIA_DB.I-CUBE-ITTIADB.8.8.0
2024-06-26 22:23:19,770 [WARN] PackLoader:240 - Cannot read IP mode file for STMicroelectronics.X-CUBE-AI.9.0.0
2024-06-26 22:23:19,781 [WARN] PackLoader:240 - Cannot read IP mode file for STMicroelectronics.X-CUBE-NFC7.1.0.1
2024-06-26 22:23:19,791 [WARN] PackLoader:240 - Cannot read IP mode file for STMicroelectronics.X-CUBE-NFC6.3.0.0
2024-06-26 22:23:19,803 [WARN] PackLoader:240 - Cannot read IP mode file for STMicroelectronics.X-CUBE-AI.8.1.0
2024-06-26 22:23:19,827 [WARN] ConditionMgr:438 - getConditionDescription Invalid condition id : LAN8742 Phy interface Condition cause : null
2024-06-26 22:23:19,828 [WARN] PackLoader:240 - Cannot read IP mode file for STMicroelectronics.X-CUBE-AZRTOS-L4.2.0.0
2024-06-26 22:23:19,830 [WARN] ConditionMgr:1039 - genDependencies : Invalid condition id : LAN8742 Phy interface Condition cause : null
2024-06-26 22:23:19,830 [WARN] ConditionMgr:1039 - genDependencies : Invalid condition id : LAN8742 Phy interface Condition cause : null
2024-06-26 22:23:19,830 [WARN] ConditionMgr:1039 - genDependencies : Invalid condition id : LAN8742 Phy interface Condition cause : null
2024-06-26 22:23:19,842 [WARN] PackLoader:240 - Cannot read IP mode file for STMicroelectronics.X-CUBE-SFXS2LP1.4.0.0
2024-06-26 22:23:19,859 [WARN] ConditionMgr:438 - getConditionDescription Invalid condition id : UX DEVICE CLASS RTOS Condition cause : null
2024-06-26 22:23:19,859 [WARN] ConditionMgr:438 - getConditionDescription Invalid condition id : UX DEVICE CLASS RTOS Condition cause : null
2024-06-26 22:23:19,862 [WARN] PackLoader:240 - Cannot read IP mode file for STMicroelectronics.X-CUBE-AZRTOS-WB.2.0.0
2024-06-26 22:23:19,862 [WARN] ConditionMgr:1039 - genDependencies : Invalid condition id : UX DEVICE CLASS RTOS Condition cause : null
2024-06-26 22:23:19,862 [WARN] ConditionMgr:1039 - genDependencies : Invalid condition id : UX DEVICE CLASS RTOS Condition cause : null
2024-06-26 22:23:19,863 [WARN] ConditionMgr:1039 - genDependencies : Invalid condition id : UX DEVICE CLASS RTOS Condition cause : null
2024-06-26 22:23:19,863 [WARN] ConditionMgr:1039 - genDependencies : Invalid condition id : UX DEVICE CLASS RTOS Condition cause : null
2024-06-26 22:23:19,863 [WARN] ConditionMgr:1039 - genDependencies : Invalid condition id : UX DEVICE CLASS RTOS Condition cause : null
2024-06-26 22:23:19,882 [WARN] PackLoader:240 - Cannot read IP mode file for STMicroelectronics.X-CUBE-SUBG2.5.0.0
2024-06-26 22:23:19,898 [WARN] PackLoader:240 - Cannot read IP mode file for Cesanta.I-CUBE-Mongoose.7.13.0
2024-06-26 22:23:19,917 [WARN] PackLoader:240 - Cannot read IP mode file for STMicroelectronics.X-CUBE-AZRTOS-G4.2.0.0
2024-06-26 22:23:19,936 [WARN] PackLoader:240 - Cannot read IP mode file for Infineon.AIROC-Wi-Fi-Bluetooth-STM32.1.5.1
2024-06-26 22:23:19,946 [WARN] PackLoader:240 - Cannot read IP mode file for STMicroelectronics.FP-SNS-MOTENVWB1.1.3.1
2024-06-26 22:23:19,954 [WARN] PackLoader:240 - Cannot read IP mode file for STMicroelectronics.X-CUBE-ALS.1.0.2
2024-06-26 22:23:20,000 [WARN] PackLoader:240 - Cannot read IP mode file for STMicroelectronics.X-CUBE-MEMS1.10.0.0
2024-06-26 22:23:20,118 [WARN] PackLoader:240 - Cannot read IP mode file for STMicroelectronics.X-CUBE-FREERTOS.1.1.0
2024-06-26 22:23:20,124 [WARN] PackLoader:240 - Cannot read IP mode file for STMicroelectronics.X-CUBE-TOUCHGFX.4.24.0
2024-06-26 22:23:20,134 [WARN] PackLoader:240 - Cannot read IP mode file for portGmbH.I-Cube-SoM-uGOAL.1.1.0
2024-06-26 22:23:20,140 [WARN] PackLoader:240 - Cannot read IP mode file for STMicroelectronics.X-CUBE-ALS.1.0.1
2024-06-26 22:23:20,160 [WARN] PackLoader:240 - Cannot read IP mode file for STMicroelectronics.X-CUBE-AZRTOS-H7RS.1.0.0
2024-06-26 22:23:20,170 [WARN] PackLoader:240 - Cannot read IP mode file for STMicroelectronics.FP-ATR-ASTRA1.2.0.0
2024-06-26 22:23:20,172 [INFO] ThirdParty:978 - Integrity check success = true
2024-06-26 22:23:20,172 [INFO] IntegrityCheckThread:100 - exiting critical section [integrity check]
2024-06-26 22:23:20,172 [INFO] IntegrityCheckThread:103 - End integrity checks thread
2024-06-26 22:23:20,303 [INFO] WebApp:780 - Register for checkConnection events
2024-06-26 22:23:20,303 [INFO] WebApp:414 - Apply proxy settings
2024-06-26 22:23:20,303 [INFO] WebApp:499 - Chromium requires no authentication
2024-06-26 22:23:20,322 [INFO] WebApp:442 - Direct internet connection detected
2024-06-26 22:23:20,600 [INFO] WebApp:192 - Starting web application
2024-06-26 22:23:20,600 [INFO] WebApp:544 - Web application path used C:\my_workspace\my_software\stm32cubeide\STM32CubeIDE_1.14.1\STM32CubeIDE\plugins\com.st.stm32cube.common.mx_6.10.0.202311202037\db\plugins\mcufinder\reactClient1\index.html
2024-06-26 22:23:41,543 [ERROR] LogOutputStream:75 - [STDERR_REDIRECT] SLF4J: Failed to load class "org.slf4j.impl.StaticLoggerBinder".
2024-06-26 22:23:41,546 [ERROR] LogOutputStream:75 - [STDERR_REDIRECT] SLF4J: Defaulting to no-operation (NOP) logger implementation
2024-06-26 22:23:41,548 [ERROR] LogOutputStream:75 - [STDERR_REDIRECT] SLF4J: See http://www.slf4j.org/codes.html#StaticLoggerBinder for further details.
2024-06-26 22:49:49,026 [ERROR] ConfigurationRetriever:142 - IOException on connection: sw-center.st.com
2024-06-26 22:49:49,027 [ERROR] ConfigurationRetriever:142 - IOException on connection: sw-center.st.com
2024-06-26 22:49:49,027 [ERROR] ConfigurationRetriever:142 - IOException on connection: sw-center.st.com
2024-06-26 22:49:49,849 [ERROR] ConfigurationRetriever:142 - IOException on connection: sw-center.st.com
2024-06-26 22:49:49,850 [ERROR] ConfigurationRetriever:142 - IOException on connection: sw-center.st.com
2024-06-26 22:49:49,850 [ERROR] ConfigurationRetriever:142 - IOException on connection: sw-center.st.com
2024-06-26 22:54:37,762 [ERROR] ConfigurationRetriever:142 - IOException on connection: sw-center.st.com
2024-06-26 22:54:37,763 [ERROR] ConfigurationRetriever:142 - IOException on connection: sw-center.st.com
2024-06-26 22:54:37,763 [ERROR] ConfigurationRetriever:142 - IOException on connection: sw-center.st.com
2024-06-26 23:20:27,460 [ERROR] ConfigurationRetriever:142 - IOException on connection: sw-center.st.com
2024-06-26 23:20:27,461 [ERROR] ConfigurationRetriever:142 - IOException on connection: sw-center.st.com
2024-06-26 23:20:27,461 [ERROR] ConfigurationRetriever:142 - IOException on connection: sw-center.st.com
2024-06-26 23:20:28,342 [ERROR] ConfigurationRetriever:142 - IOException on connection: sw-center.st.com
2024-06-26 23:20:28,343 [ERROR] ConfigurationRetriever:142 - IOException on connection: sw-center.st.com
2024-06-26 23:20:28,344 [ERROR] ConfigurationRetriever:142 - IOException on connection: sw-center.st.com
2024-06-26 23:25:22,880 [ERROR] ConfigurationRetriever:142 - IOException on connection: sw-center.st.com
2024-06-26 23:25:22,881 [ERROR] ConfigurationRetriever:142 - IOException on connection: sw-center.st.com
2024-06-26 23:25:22,881 [ERROR] ConfigurationRetriever:142 - IOException on connection: sw-center.st.com
2024-06-26 23:25:23,684 [ERROR] ConfigurationRetriever:142 - IOException on connection: sw-center.st.com
2024-06-26 23:25:23,685 [ERROR] ConfigurationRetriever:142 - IOException on connection: sw-center.st.com
2024-06-26 23:25:23,686 [ERROR] ConfigurationRetriever:142 - IOException on connection: sw-center.st.com
2024-06-26 23:30:35,590 [ERROR] ConfigurationRetriever:142 - IOException on connection: sw-center.st.com
2024-06-26 23:30:35,591 [ERROR] ConfigurationRetriever:142 - IOException on connection: sw-center.st.com
2024-06-26 23:30:35,592 [ERROR] ConfigurationRetriever:142 - IOException on connection: sw-center.st.com
2024-06-26 23:30:36,376 [ERROR] ConfigurationRetriever:142 - IOException on connection: sw-center.st.com
2024-06-26 23:30:36,377 [ERROR] ConfigurationRetriever:142 - IOException on connection: sw-center.st.com
2024-06-26 23:30:36,377 [ERROR] ConfigurationRetriever:142 - IOException on connection: sw-center.st.com
2024-06-26 23:40:10,299 [ERROR] ConfigurationRetriever:142 - IOException on connection: sw-center.st.com
2024-06-26 23:40:10,300 [ERROR] ConfigurationRetriever:142 - IOException on connection: sw-center.st.com
2024-06-26 23:40:10,301 [ERROR] ConfigurationRetriever:142 - IOException on connection: sw-center.st.com
2024-06-26 23:40:11,153 [ERROR] LogOutputStream:75 - [STDERR_REDIRECT] 
2024-06-26 23:40:11,154 [ERROR] LogOutputStream:75 - [STDERR_REDIRECT] 
