2024-06-27 13:20:34,394 [INFO] Activator:176 - 


2024-06-27 13:20:34,401 [INFO] Activator:177 - !SESSION log4j initialized
2024-06-27 13:20:37,828 [INFO] LogOutputStream:77 - [STDOUT_REDIRECT] 
2024-06-27 13:20:42,978 [ERROR] ConfigurationRetriever:142 - IOException on connection: sw-center.st.com
2024-06-27 13:20:42,979 [ERROR] ConfigurationRetriever:142 - IOException on connection: sw-center.st.com
2024-06-27 13:20:42,979 [ERROR] ConfigurationRetriever:142 - IOException on connection: sw-center.st.com
2024-06-27 13:20:44,814 [INFO] ApplicationProperties:184 - Using Application install path: C:\my_workspace\my_software\stm32cubeide\STM32CubeIDE_1.14.1\STM32CubeIDE\plugins\com.st.stm32cube.common.mx_6.10.0.202311202037
2024-06-27 13:20:44,835 [INFO] DbMcusXml:78 - Set database path to: C:\my_workspace\my_software\stm32cubeide\STM32CubeIDE_1.14.1\STM32CubeIDE\plugins\com.st.stm32cube.common.mx_6.10.0.202311202037\\db\/mcu/
2024-06-27 13:20:44,835 [INFO] ApiDb:274 - Set plugin database path to: C:\my_workspace\my_software\stm32cubeide\STM32CubeIDE_1.14.1\STM32CubeIDE\plugins\com.st.stm32cube.common.mx_6.10.0.202311202037\\db\/plugins/boardmanager/
2024-06-27 13:20:44,835 [WARN] ApiDb:259 - Overriding images path with different value:  => C:\my_workspace\my_software\stm32cubeide\STM32CubeIDE_1.14.1\STM32CubeIDE\plugins\com.st.stm32cube.common.mx_6.10.0.202311202037\\db\/plugins/mcufinder/images/
2024-06-27 13:20:44,858 [INFO] ApiDb:250 - Set database path to: C:\Users\ECA1WX\.stmcufinder\plugins\mcufinder//mcu/
2024-06-27 13:20:44,859 [INFO] DbMcusAds:125 - Set database path to: C:\Users\ECA1WX\.stmcufinder\plugins\mcufinder//mcu/
2024-06-27 13:20:44,861 [INFO] CrossReferenceDbSqlite:203 - Set database path to: C:\Users\ECA1WX\.stmcufinder\plugins\mcufinder//mcu/cs/
2024-06-27 13:20:44,953 [INFO] RulesReader:64 - Compatibility file has been processed (297 Rules)
2024-06-27 13:20:45,047 [INFO] DbMcusXml:78 - Set database path to: C:\my_workspace\my_software\stm32cubeide\STM32CubeIDE_1.14.1\STM32CubeIDE\plugins\com.st.stm32cube.common.mx_6.10.0.202311202037\\db\/mcu/
2024-06-27 13:20:45,047 [INFO] ApiDb:274 - Set plugin database path to: C:\my_workspace\my_software\stm32cubeide\STM32CubeIDE_1.14.1\STM32CubeIDE\plugins\com.st.stm32cube.common.mx_6.10.0.202311202037\\db\/plugins/boardmanager/
2024-06-27 13:20:45,047 [INFO] ApiDb:261 - Set plugin images path to: C:\my_workspace\my_software\stm32cubeide\STM32CubeIDE_1.14.1\STM32CubeIDE\plugins\com.st.stm32cube.common.mx_6.10.0.202311202037\\db\/plugins/mcufinder/images/
2024-06-27 13:20:45,047 [WARN] DbFile:41 - Overriding database path with different value: C:\Users\ECA1WX\.stmcufinder\plugins\mcufinder/ => C:\Users\ECA1WX\.stmcufinder\plugins\mcufinder
2024-06-27 13:20:45,047 [INFO] ApiDb:250 - Set database path to: C:\Users\ECA1WX\.stmcufinder\plugins\mcufinder//mcu/
2024-06-27 13:20:45,047 [WARN] DbFile:41 - Overriding database path with different value: C:\Users\ECA1WX\.stmcufinder\plugins\mcufinder/ => C:\Users\ECA1WX\.stmcufinder\plugins\mcufinder
2024-06-27 13:20:45,047 [INFO] DbMcusAds:125 - Set database path to: C:\Users\ECA1WX\.stmcufinder\plugins\mcufinder//mcu/
2024-06-27 13:20:45,047 [WARN] DbFile:41 - Overriding database path with different value: C:\Users\ECA1WX\.stmcufinder\plugins\mcufinder/ => C:\Users\ECA1WX\.stmcufinder\plugins\mcufinder
2024-06-27 13:20:45,047 [WARN] DbFile:41 - Overriding database path with different value: C:\Users\ECA1WX\.stmcufinder\plugins\mcufinder/ => C:\Users\ECA1WX\.stmcufinder\plugins\mcufinder
2024-06-27 13:20:45,048 [INFO] CrossReferenceDbSqlite:203 - Set database path to: C:\Users\ECA1WX\.stmcufinder\plugins\mcufinder//mcu/cs/
2024-06-27 13:20:45,126 [INFO] MainPanel:264 - HeapMemory: 268435456
2024-06-27 13:20:45,214 [INFO] DbMcusXml:78 - Set database path to: C:\my_workspace\my_software\stm32cubeide\STM32CubeIDE_1.14.1\STM32CubeIDE\plugins\com.st.stm32cube.common.mx_6.10.0.202311202037\\db\/mcu/
2024-06-27 13:20:45,215 [INFO] ApiDb:274 - Set plugin database path to: C:\my_workspace\my_software\stm32cubeide\STM32CubeIDE_1.14.1\STM32CubeIDE\plugins\com.st.stm32cube.common.mx_6.10.0.202311202037\\db\/plugins/boardmanager/
2024-06-27 13:20:45,215 [INFO] ApiDb:261 - Set plugin images path to: C:\my_workspace\my_software\stm32cubeide\STM32CubeIDE_1.14.1\STM32CubeIDE\plugins\com.st.stm32cube.common.mx_6.10.0.202311202037\\db\/plugins/mcufinder/images/
2024-06-27 13:20:45,215 [WARN] DbFile:41 - Overriding database path with different value: C:\Users\ECA1WX\.stmcufinder\plugins\mcufinder/ => C:\Users\ECA1WX\.stmcufinder\plugins\mcufinder
2024-06-27 13:20:45,215 [INFO] ApiDb:250 - Set database path to: C:\Users\ECA1WX\.stmcufinder\plugins\mcufinder//mcu/
2024-06-27 13:20:45,215 [WARN] DbFile:41 - Overriding database path with different value: C:\Users\ECA1WX\.stmcufinder\plugins\mcufinder/ => C:\Users\ECA1WX\.stmcufinder\plugins\mcufinder
2024-06-27 13:20:45,215 [INFO] DbMcusAds:125 - Set database path to: C:\Users\ECA1WX\.stmcufinder\plugins\mcufinder//mcu/
2024-06-27 13:20:45,216 [WARN] DbFile:41 - Overriding database path with different value: C:\Users\ECA1WX\.stmcufinder\plugins\mcufinder/ => C:\Users\ECA1WX\.stmcufinder\plugins\mcufinder
2024-06-27 13:20:45,216 [WARN] DbFile:41 - Overriding database path with different value: C:\Users\ECA1WX\.stmcufinder\plugins\mcufinder/ => C:\Users\ECA1WX\.stmcufinder\plugins\mcufinder
2024-06-27 13:20:45,216 [INFO] CrossReferenceDbSqlite:203 - Set database path to: C:\Users\ECA1WX\.stmcufinder\plugins\mcufinder//mcu/cs/
2024-06-27 13:20:45,235 [INFO] ApplicationProperties:184 - Using Application install path: C:\my_workspace\my_software\stm32cubeide\STM32CubeIDE_1.14.1\STM32CubeIDE\plugins\com.st.stm32cube.common.mx_6.10.0.202311202037
2024-06-27 13:20:45,237 [INFO] PluginManage:196 - Search for loadable plugins [exclusion list=, ]
2024-06-27 13:20:45,238 [INFO] PluginManage:310 - Check plugin analytics
2024-06-27 13:20:49,922 [INFO] AnalyticsPlugin:253 - Accepted Software Licenses: 
2024-06-27 13:20:49,922 [INFO] AnalyticsPlugin:255 - Accepted CMSIS Pack Licenses: 
2024-06-27 13:20:49,922 [INFO] AnalyticsPlugin:257 - Accepted Firmware Licenses: FW.F7.1.17.0
2024-06-27 13:20:49,925 [INFO] PluginManage:359 - Loaded plugin analytics (category:tool,tabindex:-1)
2024-06-27 13:20:49,925 [ERROR] ConfigurationRetriever:142 - IOException on connection: sw-center.st.com
2024-06-27 13:20:49,925 [INFO] PluginManage:310 - Check plugin cadmodel
2024-06-27 13:20:49,926 [ERROR] ConfigurationRetriever:142 - IOException on connection: sw-center.st.com
2024-06-27 13:20:49,926 [ERROR] ConfigurationRetriever:142 - IOException on connection: sw-center.st.com
2024-06-27 13:20:49,958 [INFO] CADModel:105 - Init CAD model plugin
2024-06-27 13:20:49,958 [INFO] PluginManage:359 - Loaded plugin cadmodel (category:power,tabindex:5)
2024-06-27 13:20:49,958 [INFO] PluginManage:310 - Check plugin clock
2024-06-27 13:20:49,981 [INFO] PluginManage:359 - Loaded plugin clock (category:base,tabindex:2)
2024-06-27 13:20:49,981 [INFO] PluginManage:310 - Check plugin ddr
2024-06-27 13:20:49,983 [INFO] PluginManage:359 - Loaded plugin ddr (category:tool,tabindex:6)
2024-06-27 13:20:49,984 [INFO] PluginManage:310 - Check plugin filemanager
2024-06-27 13:20:50,135 [INFO] PluginManage:359 - Loaded plugin filemanager (category:base,tabindex:10)
2024-06-27 13:20:50,135 [INFO] PluginManage:310 - Check plugin ipmanager
2024-06-27 13:20:50,147 [INFO] PluginManage:359 - Loaded plugin ipmanager (category:base,tabindex:5)
2024-06-27 13:20:50,147 [INFO] PluginManage:310 - Check plugin lpbam
2024-06-27 13:20:50,162 [INFO] PluginManage:359 - Loaded plugin lpbam (category:base,tabindex:0)
2024-06-27 13:20:50,162 [INFO] PluginManage:310 - Check plugin memorymap
2024-06-27 13:20:50,189 [INFO] PluginManage:359 - Loaded plugin memorymap (category:base,tabindex:4)
2024-06-27 13:20:50,189 [INFO] PluginManage:310 - Check plugin pinoutandconfiguration
2024-06-27 13:20:50,202 [INFO] PluginManage:359 - Loaded plugin pinoutandconfiguration (category:base,tabindex:1)
2024-06-27 13:20:50,203 [INFO] PluginManage:310 - Check plugin pinoutconfig
2024-06-27 13:20:50,288 [WARN] SupportedApi:132 - Cannot load RTOS API schema: s4s-elt-must-match.1: The content of 'definitions' must match (annotation?, (simpleType | complexType)?, (unique | key | keyref)*)). A problem was found starting at: attribute.
2024-06-27 13:20:50,413 [INFO] PluginManage:359 - Loaded plugin pinoutconfig (category:base,tabindex:0)
2024-06-27 13:20:50,413 [INFO] PluginManage:310 - Check plugin power
2024-06-27 13:20:50,531 [INFO] PluginManage:359 - Loaded plugin power (category:power,tabindex:4)
2024-06-27 13:20:50,531 [INFO] PluginManage:310 - Check plugin projectmanager
2024-06-27 13:20:50,553 [INFO] PluginManage:359 - Loaded plugin projectmanager (category:projectmanager,tabindex:3)
2024-06-27 13:20:50,553 [INFO] PluginManage:310 - Check plugin thirdparty
2024-06-27 13:20:50,700 [INFO] PluginManage:359 - Loaded plugin thirdparty (category:base,tabindex:-1)
2024-06-27 13:20:50,700 [WARN] IntegrityCheckThread:84 - waiting for thirdparty lock release [integrity check]
2024-06-27 13:20:50,700 [INFO] PluginManage:310 - Check plugin tools
2024-06-27 13:20:50,700 [INFO] IntegrityCheckThread:86 - entering critical section [integrity check]
2024-06-27 13:20:50,700 [INFO] ThirdPartyUpdaterWithRetryManager:70 - Updater plugin not ready yet. [1/15]
2024-06-27 13:20:50,708 [INFO] PluginManage:359 - Loaded plugin tools (category:base,tabindex:7)
2024-06-27 13:20:50,709 [INFO] PluginManage:310 - Check plugin tutovideos
2024-06-27 13:20:50,925 [INFO] PluginManage:359 - Loaded plugin tutovideos (category:base,tabindex:-1)
2024-06-27 13:20:50,925 [INFO] PluginManage:310 - Check plugin updater
2024-06-27 13:20:50,933 [INFO] PluginManage:359 - Loaded plugin updater (category:base,tabindex:12)
2024-06-27 13:20:50,933 [INFO] PluginManage:310 - Check plugin userauth
2024-06-27 13:20:50,937 [INFO] UserAuth:114 - Init User Auth plugin
2024-06-27 13:20:50,937 [INFO] PluginManage:359 - Loaded plugin userauth (category:base,tabindex:14)
2024-06-27 13:20:50,937 [INFO] PluginManage:283 - PluginManage : Loaded plugins [17]
2024-06-27 13:20:51,122 [INFO] PinOutPanel:1499 - setPackage(No Configuration,No Configuration)
2024-06-27 13:20:51,201 [INFO] CADModel:165 - CPN selected for project level
2024-06-27 13:20:51,202 [INFO] CADModel:114 - Register for checkConnection events
2024-06-27 13:20:51,225 [INFO] IPUIPlugin:80 - create IPUIPlugin
2024-06-27 13:20:51,225 [INFO] PluginManager:220 - loadIPPluginJar : add adc
2024-06-27 13:20:51,232 [INFO] IPUIPlugin:80 - create IPUIPlugin
2024-06-27 13:20:51,232 [INFO] PluginManager:220 - loadIPPluginJar : add aes
2024-06-27 13:20:51,239 [INFO] IPUIPlugin:80 - create IPUIPlugin
2024-06-27 13:20:51,239 [INFO] PluginManager:220 - loadIPPluginJar : add can
2024-06-27 13:20:51,245 [INFO] IPUIPlugin:80 - create IPUIPlugin
2024-06-27 13:20:51,245 [INFO] PluginManager:220 - loadIPPluginJar : add comp
2024-06-27 13:20:51,253 [INFO] IPUIPlugin:80 - create IPUIPlugin
2024-06-27 13:20:51,254 [INFO] PluginManager:220 - loadIPPluginJar : add cryp
2024-06-27 13:20:51,260 [INFO] IPUIPlugin:80 - create IPUIPlugin
2024-06-27 13:20:51,260 [INFO] PluginManager:220 - loadIPPluginJar : add dfsdm
2024-06-27 13:20:51,269 [INFO] IPUIPlugin:80 - create IPUIPlugin
2024-06-27 13:20:51,269 [INFO] PluginManager:220 - loadIPPluginJar : add dma
2024-06-27 13:20:51,278 [INFO] IPUIPlugin:80 - create IPUIPlugin
2024-06-27 13:20:51,278 [INFO] PluginManager:220 - loadIPPluginJar : add dma3
2024-06-27 13:20:51,285 [INFO] IPUIPlugin:80 - create IPUIPlugin
2024-06-27 13:20:51,285 [INFO] PluginManager:220 - loadIPPluginJar : add fatfs
2024-06-27 13:20:51,294 [INFO] IPUIPlugin:80 - create IPUIPlugin
2024-06-27 13:20:51,294 [INFO] PluginManager:220 - loadIPPluginJar : add fmc
2024-06-27 13:20:51,306 [INFO] IPUIPlugin:80 - create IPUIPlugin
2024-06-27 13:20:51,307 [INFO] PluginManager:220 - loadIPPluginJar : add freertos
2024-06-27 13:20:51,313 [INFO] IPUIPlugin:80 - create IPUIPlugin
2024-06-27 13:20:51,313 [INFO] PluginManager:220 - loadIPPluginJar : add genericplugin
2024-06-27 13:20:51,321 [INFO] IPUIPlugin:80 - create IPUIPlugin
2024-06-27 13:20:51,321 [INFO] PluginManager:220 - loadIPPluginJar : add gfxmmu
2024-06-27 13:20:51,331 [INFO] IPUIPlugin:80 - create IPUIPlugin
2024-06-27 13:20:51,331 [INFO] PluginManager:220 - loadIPPluginJar : add gic
2024-06-27 13:20:51,340 [INFO] IPUIPlugin:80 - create IPUIPlugin
2024-06-27 13:20:51,340 [INFO] PluginManager:220 - loadIPPluginJar : add gpio
2024-06-27 13:20:51,348 [INFO] IPUIPlugin:80 - create IPUIPlugin
2024-06-27 13:20:51,348 [INFO] PluginManager:220 - loadIPPluginJar : add gtzc
2024-06-27 13:20:51,355 [INFO] IPUIPlugin:80 - create IPUIPlugin
2024-06-27 13:20:51,355 [INFO] PluginManager:220 - loadIPPluginJar : add hash
2024-06-27 13:20:51,360 [INFO] IPUIPlugin:80 - create IPUIPlugin
2024-06-27 13:20:51,361 [INFO] PluginManager:220 - loadIPPluginJar : add i2c
2024-06-27 13:20:51,367 [INFO] IPUIPlugin:80 - create IPUIPlugin
2024-06-27 13:20:51,367 [INFO] PluginManager:220 - loadIPPluginJar : add i2s
2024-06-27 13:20:51,375 [INFO] IPUIPlugin:80 - create IPUIPlugin
2024-06-27 13:20:51,375 [INFO] PluginManager:220 - loadIPPluginJar : add i3c
2024-06-27 13:20:51,383 [INFO] IPUIPlugin:80 - create IPUIPlugin
2024-06-27 13:20:51,383 [INFO] PluginManager:220 - loadIPPluginJar : add ipddr
2024-06-27 13:20:51,392 [INFO] IPUIPlugin:80 - create IPUIPlugin
2024-06-27 13:20:51,392 [INFO] PluginManager:220 - loadIPPluginJar : add linkedlist
2024-06-27 13:20:51,399 [INFO] IPUIPlugin:80 - create IPUIPlugin
2024-06-27 13:20:51,399 [INFO] PluginManager:220 - loadIPPluginJar : add lorawan
2024-06-27 13:20:51,405 [INFO] IPUIPlugin:80 - create IPUIPlugin
2024-06-27 13:20:51,406 [INFO] PluginManager:220 - loadIPPluginJar : add ltdc
2024-06-27 13:20:51,415 [INFO] IPUIPlugin:80 - create IPUIPlugin
2024-06-27 13:20:51,415 [INFO] PluginManager:220 - loadIPPluginJar : add mdma
2024-06-27 13:20:51,426 [INFO] IPUIPlugin:80 - create IPUIPlugin
2024-06-27 13:20:51,426 [INFO] PluginManager:220 - loadIPPluginJar : add nvic
2024-06-27 13:20:51,432 [INFO] IPUIPlugin:80 - create IPUIPlugin
2024-06-27 13:20:51,432 [INFO] PluginManager:220 - loadIPPluginJar : add opamp
2024-06-27 13:20:51,440 [INFO] IPUIPlugin:80 - create IPUIPlugin
2024-06-27 13:20:51,440 [INFO] PluginManager:220 - loadIPPluginJar : add openamp
2024-06-27 13:20:51,446 [INFO] IPUIPlugin:80 - create IPUIPlugin
2024-06-27 13:20:51,446 [INFO] PluginManager:220 - loadIPPluginJar : add pdm2pcm
2024-06-27 13:20:51,456 [INFO] IPUIPlugin:80 - create IPUIPlugin
2024-06-27 13:20:51,458 [INFO] PluginManager:220 - loadIPPluginJar : add plateformsettings
2024-06-27 13:20:51,467 [INFO] IPUIPlugin:80 - create IPUIPlugin
2024-06-27 13:20:51,467 [INFO] PluginManager:220 - loadIPPluginJar : add quadspi
2024-06-27 13:20:51,485 [INFO] IPUIPlugin:80 - create IPUIPlugin
2024-06-27 13:20:51,485 [INFO] PluginManager:220 - loadIPPluginJar : add resmgrutility
2024-06-27 13:20:51,493 [INFO] IPUIPlugin:80 - create IPUIPlugin
2024-06-27 13:20:51,493 [INFO] PluginManager:220 - loadIPPluginJar : add sai
2024-06-27 13:20:51,499 [INFO] IPUIPlugin:80 - create IPUIPlugin
2024-06-27 13:20:51,499 [INFO] PluginManager:220 - loadIPPluginJar : add spi
2024-06-27 13:20:51,506 [INFO] IPUIPlugin:80 - create IPUIPlugin
2024-06-27 13:20:51,506 [INFO] PluginManager:220 - loadIPPluginJar : add stm32_wpan
2024-06-27 13:20:51,512 [INFO] IPUIPlugin:80 - create IPUIPlugin
2024-06-27 13:20:51,512 [INFO] PluginManager:220 - loadIPPluginJar : add tim
2024-06-27 13:20:51,518 [INFO] IPUIPlugin:80 - create IPUIPlugin
2024-06-27 13:20:51,518 [INFO] PluginManager:220 - loadIPPluginJar : add touchsensing
2024-06-27 13:20:51,524 [INFO] IPUIPlugin:80 - create IPUIPlugin
2024-06-27 13:20:51,524 [INFO] PluginManager:220 - loadIPPluginJar : add tracer_emb
2024-06-27 13:20:51,529 [INFO] IPUIPlugin:80 - create IPUIPlugin
2024-06-27 13:20:51,529 [INFO] PluginManager:220 - loadIPPluginJar : add ts
2024-06-27 13:20:51,534 [INFO] IPUIPlugin:80 - create IPUIPlugin
2024-06-27 13:20:51,534 [INFO] PluginManager:220 - loadIPPluginJar : add tsc
2024-06-27 13:20:51,539 [INFO] IPUIPlugin:80 - create IPUIPlugin
2024-06-27 13:20:51,540 [INFO] PluginManager:220 - loadIPPluginJar : add ucpd
2024-06-27 13:20:51,546 [INFO] IPUIPlugin:80 - create IPUIPlugin
2024-06-27 13:20:51,546 [INFO] PluginManager:220 - loadIPPluginJar : add usart
2024-06-27 13:20:51,553 [INFO] IPUIPlugin:80 - create IPUIPlugin
2024-06-27 13:20:51,553 [INFO] PluginManager:220 - loadIPPluginJar : add usbx
2024-06-27 13:20:51,664 [INFO] CADModel:165 - CPN selected for project level
2024-06-27 13:20:51,664 [INFO] CADModel:114 - Register for checkConnection events
2024-06-27 13:20:51,665 [FATAL] Updater:308 - Updater called before beeing initialized
2024-06-27 13:20:51,665 [ERROR] CADModel:125 - Updater not yet initialized, retry later 
2024-06-27 13:20:51,766 [INFO] CADModel:165 - CPN selected for project level
2024-06-27 13:20:51,767 [INFO] CADModel:114 - Register for checkConnection events
2024-06-27 13:20:51,767 [FATAL] Updater:308 - Updater called before beeing initialized
2024-06-27 13:20:51,767 [ERROR] CADModel:125 - Updater not yet initialized, retry later 
2024-06-27 13:20:51,769 [FATAL] Updater:308 - Updater called before beeing initialized
2024-06-27 13:20:51,868 [FATAL] Updater:308 - Updater called before beeing initialized
2024-06-27 13:20:51,872 [INFO] DbMcusAds:53 - JSON generation date=Thu Sep 30 14:55:09 CST 2021 (1632984909247)
2024-06-27 13:20:51,872 [FATAL] Updater:308 - Updater called before beeing initialized
2024-06-27 13:20:51,937 [WARN] DetailPanel:346 - Failed to get advertising image, set to default
2024-06-27 13:20:52,009 [FATAL] Updater:308 - Updater called before beeing initialized
2024-06-27 13:20:52,010 [FATAL] Updater:308 - Updater called before beeing initialized
2024-06-27 13:20:52,011 [FATAL] Updater:308 - Updater called before beeing initialized
2024-06-27 13:20:52,011 [WARN] DetailPanel:346 - Failed to get advertising image, set to default
2024-06-27 13:20:52,011 [FATAL] Updater:308 - Updater called before beeing initialized
2024-06-27 13:20:52,048 [ERROR] Updater:1120 - MainUpdater not yet initialized. External WinMGr cannot be set.
2024-06-27 13:20:52,052 [INFO] Updater:1056 - Updater Version found : 6.10.0
2024-06-27 13:20:52,068 [INFO] ApplicationProperties:184 - Using Application install path: C:\my_workspace\my_software\stm32cubeide\STM32CubeIDE_1.14.1\STM32CubeIDE\plugins\com.st.stm32cube.common.mx_6.10.0.202311202037
2024-06-27 13:20:53,643 [ERROR] LogOutputStream:75 - [STDERR_REDIRECT] Jun 27, 2024 1:20:53 PM java.util.prefs.WindowsPreferences <init>
2024-06-27 13:20:53,643 [ERROR] LogOutputStream:75 - [STDERR_REDIRECT] WARNING: Could not open/create prefs root node Software\JavaSoft\Prefs at root 0xffffffff80000002. Windows RegCreateKeyEx(...) returned error code 5.
2024-06-27 13:20:53,644 [ERROR] LogOutputStream:75 - [STDERR_REDIRECT] 
2024-06-27 13:20:53,703 [INFO] ThirdPartyUpdaterWithRetryManager:70 - Updater plugin not ready yet. [2/15]
2024-06-27 13:20:53,884 [INFO] MainUpdater:2873 - connection check result : 22
2024-06-27 13:20:53,884 [INFO] MainUpdater:290 - Updater Check For Update Now.
2024-06-27 13:20:53,884 [INFO] MicroXplorer:498 - Change Database Version : DB.6.0.100
2024-06-27 13:20:53,894 [INFO] McuFinderGlobals:63 - Set McuFinder mode to 2 (CubeIDE integrated)
2024-06-27 13:20:53,894 [INFO] UserAuth:180 - activating auth plugin
2024-06-27 13:20:53,895 [INFO] UserAuth:404 - Internet connection configuration mode: 2
2024-06-27 13:20:53,908 [INFO] UserAuth:404 - Internet connection configuration mode: 2
2024-06-27 13:20:54,062 [INFO] CheckServerUpdateThread:120 - End of CheckServer Thread
2024-06-27 13:20:56,964 [WARN] PackLoader:240 - Cannot read IP mode file for STMicroelectronics.FP-SNS-MOTENVWB1.1.4.0
2024-06-27 13:20:56,978 [WARN] PackLoader:240 - Cannot read IP mode file for STMicroelectronics.X-CUBE-SMBUS.2.1.0
2024-06-27 13:20:56,986 [WARN] PackLoader:240 - Cannot read IP mode file for STMicroelectronics.X-CUBE-TOUCHGFX.4.23.1
2024-06-27 13:20:56,992 [WARN] PackLoader:240 - Cannot read IP mode file for STMicroelectronics.X-CUBE-TOUCHGFX.4.23.0
2024-06-27 13:20:56,994 [WARN] PackLoader:240 - Cannot read IP mode file for STMicroelectronics.X-CUBE-TOUCHGFX.4.23.2
2024-06-27 13:20:57,014 [WARN] PackLoader:240 - Cannot read IP mode file for STMicroelectronics.X-CUBE-AZRTOS-F7.1.1.0
2024-06-27 13:20:57,024 [WARN] PackLoader:240 - Cannot read IP mode file for STMicroelectronics.FP-SNS-MOTENV1.4.3.2
2024-06-27 13:20:57,032 [WARN] PackLoader:240 - Cannot read IP mode file for STMicroelectronics.FP-SNS-FLIGHT1.5.0.2
2024-06-27 13:20:57,040 [WARN] PackLoader:240 - Cannot read IP mode file for STMicroelectronics.X-CUBE-DISPLAY.3.0.0
2024-06-27 13:20:57,050 [WARN] PackLoader:240 - Cannot read IP mode file for STMicroelectronics.X-CUBE-BLE1.7.0.0
2024-06-27 13:20:57,057 [WARN] PackLoader:240 - Cannot read IP mode file for emotas.I-CUBE-CANOPEN.1.3.0
2024-06-27 13:20:57,063 [WARN] PackLoader:240 - Cannot read IP mode file for STMicroelectronics.FP-SNS-SMARTAG2.1.2.0
2024-06-27 13:20:57,071 [INFO] LogOutputStream:77 - [STDOUT_REDIRECT] 1 : Invalid condition id : UX_CORESTACK_Condition cause : null
2024-06-27 13:20:57,072 [INFO] LogOutputStream:77 - [STDOUT_REDIRECT] 1 : Invalid condition id : UX_CORESTACK_Condition cause : null
2024-06-27 13:20:57,072 [INFO] LogOutputStream:77 - [STDOUT_REDIRECT] 1 : Invalid condition id : UX_CORESTACK_Condition cause : null
2024-06-27 13:20:57,073 [INFO] LogOutputStream:77 - [STDOUT_REDIRECT] 1 : Invalid condition id : UX_CORESTACK_Condition cause : null
2024-06-27 13:20:57,073 [INFO] LogOutputStream:77 - [STDOUT_REDIRECT] 1 : Invalid condition id : UX_CORESTACK_Condition cause : null
2024-06-27 13:20:57,075 [WARN] PackLoader:240 - Cannot read IP mode file for STMicroelectronics.X-CUBE-AZRTOS-WL.2.0.0
2024-06-27 13:20:57,080 [WARN] PackLoader:240 - Cannot read IP mode file for STMicroelectronics.FP-SNS-MOTENV1.5.0.0
2024-06-27 13:20:57,086 [WARN] PackLoader:240 - Cannot read IP mode file for wolfSSL.I-CUBE-wolfMQTT.1.19.0
2024-06-27 13:20:57,091 [WARN] PackLoader:240 - Cannot read IP mode file for STMicroelectronics.X-CUBE-BLE2.3.3.0
2024-06-27 13:20:57,097 [WARN] PackLoader:240 - Cannot read IP mode file for STMicroelectronics.X-CUBE-TCPP.4.1.0
2024-06-27 13:20:57,105 [WARN] PackLoader:240 - Cannot read IP mode file for STMicroelectronics.X-CUBE-ALGOBUILD.1.3.0
2024-06-27 13:20:57,118 [WARN] PackLoader:240 - Cannot read IP mode file for STMicroelectronics.X-CUBE-AZRTOS-G0.1.1.0
2024-06-27 13:20:57,125 [WARN] PackLoader:240 - Cannot read IP mode file for STMicroelectronics.X-CUBE-SAFEA1.1.2.2
2024-06-27 13:20:57,132 [WARN] PackLoader:240 - Cannot read IP mode file for STMicroelectronics.X-CUBE-NFC4.3.0.0
2024-06-27 13:20:57,137 [WARN] PackLoader:240 - Cannot read IP mode file for STMicroelectronics.FP-ATR-SIGFOX1.3.2.0
2024-06-27 13:20:57,166 [WARN] PackLoader:240 - Cannot read IP mode file for SEGGER.I-CUBE-embOS.1.3.1
2024-06-27 13:20:57,217 [WARN] PackLoader:240 - Cannot read IP mode file for STMicroelectronics.X-CUBE-ALGOBUILD.1.4.0
2024-06-27 13:20:57,226 [WARN] PackLoader:240 - Cannot read IP mode file for STMicroelectronics.X-CUBE-GNSS1.6.0.0
2024-06-27 13:20:57,243 [WARN] PackLoader:240 - Cannot read IP mode file for STMicroelectronics.X-CUBE-AZRTOS-F4.1.1.0
2024-06-27 13:20:57,250 [WARN] PackLoader:240 - Cannot read IP mode file for STMicroelectronics.X-CUBE-FREERTOS.1.2.0
2024-06-27 13:20:57,263 [WARN] PackLoader:240 - Cannot read IP mode file for STMicroelectronics.X-CUBE-AZRTOS-L5.2.0.0
2024-06-27 13:20:57,272 [WARN] PackLoader:240 - Cannot read IP mode file for STMicroelectronics.X-CUBE-NFC6.3.1.0
2024-06-27 13:20:57,280 [WARN] PackLoader:240 - Cannot read IP mode file for ITTIA_DB.I-CUBE-ITTIADB.8.8.0
2024-06-27 13:20:57,286 [WARN] PackLoader:240 - Cannot read IP mode file for STMicroelectronics.X-CUBE-AI.9.0.0
2024-06-27 13:20:57,291 [WARN] PackLoader:240 - Cannot read IP mode file for STMicroelectronics.X-CUBE-NFC7.1.0.1
2024-06-27 13:20:57,297 [WARN] PackLoader:240 - Cannot read IP mode file for STMicroelectronics.X-CUBE-NFC6.3.0.0
2024-06-27 13:20:57,302 [WARN] PackLoader:240 - Cannot read IP mode file for STMicroelectronics.X-CUBE-AI.8.1.0
2024-06-27 13:20:57,315 [WARN] ConditionMgr:438 - getConditionDescription Invalid condition id : LAN8742 Phy interface Condition cause : null
2024-06-27 13:20:57,316 [WARN] PackLoader:240 - Cannot read IP mode file for STMicroelectronics.X-CUBE-AZRTOS-L4.2.0.0
2024-06-27 13:20:57,317 [WARN] ConditionMgr:1039 - genDependencies : Invalid condition id : LAN8742 Phy interface Condition cause : null
2024-06-27 13:20:57,317 [WARN] ConditionMgr:1039 - genDependencies : Invalid condition id : LAN8742 Phy interface Condition cause : null
2024-06-27 13:20:57,317 [WARN] ConditionMgr:1039 - genDependencies : Invalid condition id : LAN8742 Phy interface Condition cause : null
2024-06-27 13:20:57,327 [WARN] PackLoader:240 - Cannot read IP mode file for STMicroelectronics.X-CUBE-SFXS2LP1.4.0.0
2024-06-27 13:20:57,339 [WARN] ConditionMgr:438 - getConditionDescription Invalid condition id : UX DEVICE CLASS RTOS Condition cause : null
2024-06-27 13:20:57,339 [WARN] ConditionMgr:438 - getConditionDescription Invalid condition id : UX DEVICE CLASS RTOS Condition cause : null
2024-06-27 13:20:57,340 [WARN] PackLoader:240 - Cannot read IP mode file for STMicroelectronics.X-CUBE-AZRTOS-WB.2.0.0
2024-06-27 13:20:57,341 [WARN] ConditionMgr:1039 - genDependencies : Invalid condition id : UX DEVICE CLASS RTOS Condition cause : null
2024-06-27 13:20:57,341 [WARN] ConditionMgr:1039 - genDependencies : Invalid condition id : UX DEVICE CLASS RTOS Condition cause : null
2024-06-27 13:20:57,341 [WARN] ConditionMgr:1039 - genDependencies : Invalid condition id : UX DEVICE CLASS RTOS Condition cause : null
2024-06-27 13:20:57,341 [WARN] ConditionMgr:1039 - genDependencies : Invalid condition id : UX DEVICE CLASS RTOS Condition cause : null
2024-06-27 13:20:57,341 [WARN] ConditionMgr:1039 - genDependencies : Invalid condition id : UX DEVICE CLASS RTOS Condition cause : null
2024-06-27 13:20:57,349 [WARN] PackLoader:240 - Cannot read IP mode file for STMicroelectronics.X-CUBE-SUBG2.5.0.0
2024-06-27 13:20:57,357 [WARN] PackLoader:240 - Cannot read IP mode file for Cesanta.I-CUBE-Mongoose.7.13.0
2024-06-27 13:20:57,367 [WARN] PackLoader:240 - Cannot read IP mode file for STMicroelectronics.X-CUBE-AZRTOS-G4.2.0.0
2024-06-27 13:20:57,378 [WARN] PackLoader:240 - Cannot read IP mode file for Infineon.AIROC-Wi-Fi-Bluetooth-STM32.1.5.1
2024-06-27 13:20:57,383 [WARN] PackLoader:240 - Cannot read IP mode file for STMicroelectronics.FP-SNS-MOTENVWB1.1.3.1
2024-06-27 13:20:57,390 [WARN] PackLoader:240 - Cannot read IP mode file for STMicroelectronics.X-CUBE-ALS.1.0.2
2024-06-27 13:20:57,412 [WARN] PackLoader:240 - Cannot read IP mode file for STMicroelectronics.X-CUBE-MEMS1.10.0.0
2024-06-27 13:20:57,480 [WARN] PackLoader:240 - Cannot read IP mode file for STMicroelectronics.X-CUBE-FREERTOS.1.1.0
2024-06-27 13:20:57,485 [WARN] PackLoader:240 - Cannot read IP mode file for STMicroelectronics.X-CUBE-TOUCHGFX.4.24.0
2024-06-27 13:20:57,493 [WARN] PackLoader:240 - Cannot read IP mode file for portGmbH.I-Cube-SoM-uGOAL.1.1.0
2024-06-27 13:20:57,498 [WARN] PackLoader:240 - Cannot read IP mode file for STMicroelectronics.X-CUBE-ALS.1.0.1
2024-06-27 13:20:57,516 [WARN] PackLoader:240 - Cannot read IP mode file for STMicroelectronics.X-CUBE-AZRTOS-H7RS.1.0.0
2024-06-27 13:20:57,529 [WARN] PackLoader:240 - Cannot read IP mode file for STMicroelectronics.FP-ATR-ASTRA1.2.0.0
2024-06-27 13:20:57,530 [INFO] ThirdParty:978 - Integrity check success = true
2024-06-27 13:20:57,530 [INFO] IntegrityCheckThread:100 - exiting critical section [integrity check]
2024-06-27 13:20:57,530 [INFO] IntegrityCheckThread:103 - End integrity checks thread
2024-06-27 13:21:14,339 [ERROR] LogOutputStream:75 - [STDERR_REDIRECT] SLF4J: Failed to load class "org.slf4j.impl.StaticLoggerBinder".
2024-06-27 13:21:14,340 [ERROR] LogOutputStream:75 - [STDERR_REDIRECT] SLF4J: Defaulting to no-operation (NOP) logger implementation
2024-06-27 13:21:14,341 [ERROR] LogOutputStream:75 - [STDERR_REDIRECT] SLF4J: See http://www.slf4j.org/codes.html#StaticLoggerBinder for further details.
2024-06-27 13:21:15,477 [ERROR] ConfigurationRetriever:142 - IOException on connection: sw-center.st.com
2024-06-27 13:21:15,477 [ERROR] ConfigurationRetriever:142 - IOException on connection: sw-center.st.com
2024-06-27 13:21:15,477 [ERROR] ConfigurationRetriever:142 - IOException on connection: sw-center.st.com
2024-06-27 13:21:16,252 [ERROR] ConfigurationRetriever:142 - IOException on connection: sw-center.st.com
2024-06-27 13:21:16,252 [ERROR] ConfigurationRetriever:142 - IOException on connection: sw-center.st.com
2024-06-27 13:21:16,252 [ERROR] ConfigurationRetriever:142 - IOException on connection: sw-center.st.com
2024-06-27 13:27:06,343 [ERROR] ConfigurationRetriever:142 - IOException on connection: sw-center.st.com
2024-06-27 13:27:06,344 [ERROR] ConfigurationRetriever:142 - IOException on connection: sw-center.st.com
2024-06-27 13:27:06,344 [ERROR] ConfigurationRetriever:142 - IOException on connection: sw-center.st.com
2024-06-27 13:27:07,265 [ERROR] ConfigurationRetriever:142 - IOException on connection: sw-center.st.com
2024-06-27 13:27:07,265 [ERROR] ConfigurationRetriever:142 - IOException on connection: sw-center.st.com
2024-06-27 13:27:07,266 [ERROR] ConfigurationRetriever:142 - IOException on connection: sw-center.st.com
2024-06-27 13:45:41,216 [ERROR] ConfigurationRetriever:142 - IOException on connection: sw-center.st.com
2024-06-27 13:45:41,217 [ERROR] ConfigurationRetriever:142 - IOException on connection: sw-center.st.com
2024-06-27 13:45:41,217 [ERROR] ConfigurationRetriever:142 - IOException on connection: sw-center.st.com
2024-06-27 13:45:41,971 [ERROR] ConfigurationRetriever:142 - IOException on connection: sw-center.st.com
2024-06-27 13:45:41,971 [ERROR] ConfigurationRetriever:142 - IOException on connection: sw-center.st.com
2024-06-27 13:45:41,971 [ERROR] ConfigurationRetriever:142 - IOException on connection: sw-center.st.com
2024-06-27 13:47:34,033 [ERROR] ConfigurationRetriever:142 - IOException on connection: sw-center.st.com
2024-06-27 13:47:34,034 [ERROR] ConfigurationRetriever:142 - IOException on connection: sw-center.st.com
2024-06-27 13:47:34,034 [ERROR] ConfigurationRetriever:142 - IOException on connection: sw-center.st.com
2024-06-27 13:47:34,626 [ERROR] ConfigurationRetriever:142 - IOException on connection: sw-center.st.com
2024-06-27 13:47:34,626 [ERROR] ConfigurationRetriever:142 - IOException on connection: sw-center.st.com
2024-06-27 13:47:34,627 [ERROR] ConfigurationRetriever:142 - IOException on connection: sw-center.st.com
2024-06-27 13:49:14,924 [ERROR] ConfigurationRetriever:142 - IOException on connection: sw-center.st.com
2024-06-27 13:49:14,924 [ERROR] ConfigurationRetriever:142 - IOException on connection: sw-center.st.com
2024-06-27 13:49:14,925 [ERROR] ConfigurationRetriever:142 - IOException on connection: sw-center.st.com
2024-06-27 13:49:15,604 [ERROR] ConfigurationRetriever:142 - IOException on connection: sw-center.st.com
2024-06-27 13:49:15,604 [ERROR] ConfigurationRetriever:142 - IOException on connection: sw-center.st.com
2024-06-27 13:49:15,604 [ERROR] ConfigurationRetriever:142 - IOException on connection: sw-center.st.com
2024-06-27 18:12:02,832 [ERROR] LogOutputStream:75 - [STDERR_REDIRECT] 
